[ 2017-06-01T08:03:07+08:00 ] 127.0.0.1 /easygo/index.php/Admin/Indent/index
INFO: [ app_init ] --START--
INFO: Run Behavior\BuildLiteBehavior [ RunTime:0.000015s ]
INFO: [ app_init ] --END-- [ RunTime:0.000622s ]
INFO: [ app_begin ] --START--
INFO: Run Behavior\ReadHtmlCacheBehavior [ RunTime:0.001043s ]
INFO: [ app_begin ] --END-- [ RunTime:0.001187s ]

[ 2017-06-01T08:03:07+08:00 ] 127.0.0.1 /easygo/index.php/Admin/Admin/login
INFO: [ app_init ] --START--
INFO: Run Behavior\BuildLiteBehavior [ RunTime:0.000015s ]
INFO: [ app_init ] --END-- [ RunTime:0.000581s ]
INFO: [ app_begin ] --START--
INFO: Run Behavior\ReadHtmlCacheBehavior [ RunTime:0.000723s ]
INFO: [ app_begin ] --END-- [ RunTime:0.000804s ]
NOTIC: [8] A session had already been started - ignoring session_start() F:\Web\easygo\Application\Admin\Controller\AdminController.class.php 第 4 行.
INFO: [ view_parse ] --START--
INFO: [ template_filter ] --START--
INFO: Run Behavior\ContentReplaceBehavior [ RunTime:0.000096s ]
INFO: [ template_filter ] --END-- [ RunTime:0.000182s ]
INFO: Run Behavior\ParseTemplateBehavior [ RunTime:0.063380s ]
INFO: [ view_parse ] --END-- [ RunTime:0.063493s ]
INFO: [ view_filter ] --START--
INFO: Run Behavior\WriteHtmlCacheBehavior [ RunTime:0.013809s ]
INFO: [ view_filter ] --END-- [ RunTime:0.013916s ]
INFO: [ app_end ] --START--
INFO: Run Behavior\ShowPageTraceBehavior [ RunTime:0.057711s ]
INFO: [ app_end ] --END-- [ RunTime:0.057911s ]

[ 2017-06-01T08:03:15+08:00 ] 127.0.0.1 /easygo/index.php/Admin/Admin/login
INFO: [ app_init ] --START--
INFO: Run Behavior\BuildLiteBehavior [ RunTime:0.000017s ]
INFO: [ app_init ] --END-- [ RunTime:0.000715s ]
INFO: [ app_begin ] --START--
INFO: Run Behavior\ReadHtmlCacheBehavior [ RunTime:0.001246s ]
INFO: [ app_begin ] --END-- [ RunTime:0.001406s ]
NOTIC: [8] A session had already been started - ignoring session_start() F:\Web\easygo\Application\Admin\Controller\AdminController.class.php 第 4 行.
SQL: SHOW COLUMNS FROM `administrator` [ RunTime:0.0443s ]
SQL: SELECT * FROM `administrator` WHERE `adm_username` = 'admin' AND `adm_password` = 'admin' LIMIT 1   [ RunTime:0.0017s ]
SQL: SELECT COUNT(*) AS tp_count FROM `administrator` WHERE `adm_username` = 'admin' AND `adm_password` = 'admin' LIMIT 1   [ RunTime:0.0014s ]

[ 2017-06-01T08:03:16+08:00 ] 127.0.0.1 /easygo/index.php/Admin/Admin/index
INFO: [ app_init ] --START--
INFO: Run Behavior\BuildLiteBehavior [ RunTime:0.000047s ]
INFO: [ app_init ] --END-- [ RunTime:0.001875s ]
INFO: [ app_begin ] --START--
INFO: Run Behavior\ReadHtmlCacheBehavior [ RunTime:0.000965s ]
INFO: [ app_begin ] --END-- [ RunTime:0.001071s ]
NOTIC: [8] A session had already been started - ignoring session_start() F:\Web\easygo\Application\Admin\Controller\AdminController.class.php 第 4 行.
SQL: SHOW COLUMNS FROM `administrator` [ RunTime:0.0331s ]
SQL: SELECT COUNT(*) AS tp_count FROM `administrator` LIMIT 1   [ RunTime:0.0008s ]
SQL: SELECT * FROM `administrator` ORDER BY adm_id LIMIT 0,5   [ RunTime:0.0008s ]
INFO: [ view_parse ] --START--
INFO: [ template_filter ] --START--
INFO: Run Behavior\ContentReplaceBehavior [ RunTime:0.000226s ]
INFO: [ template_filter ] --END-- [ RunTime:0.000395s ]
INFO: Run Behavior\ParseTemplateBehavior [ RunTime:0.055794s ]
INFO: [ view_parse ] --END-- [ RunTime:0.055900s ]
INFO: [ view_filter ] --START--
INFO: Run Behavior\WriteHtmlCacheBehavior [ RunTime:0.000830s ]
INFO: [ view_filter ] --END-- [ RunTime:0.000918s ]
INFO: [ app_end ] --START--
INFO: Run Behavior\ShowPageTraceBehavior [ RunTime:0.001870s ]
INFO: [ app_end ] --END-- [ RunTime:0.002099s ]

[ 2017-06-01T08:03:23+08:00 ] 127.0.0.1 /easygo/index.php/Admin/Indent/index
INFO: [ app_init ] --START--
INFO: Run Behavior\BuildLiteBehavior [ RunTime:0.000046s ]
INFO: [ app_init ] --END-- [ RunTime:0.000862s ]
INFO: [ app_begin ] --START--
INFO: Run Behavior\ReadHtmlCacheBehavior [ RunTime:0.000728s ]
INFO: [ app_begin ] --END-- [ RunTime:0.000814s ]
SQL: SHOW COLUMNS FROM `indent` [ RunTime:0.0326s ]
SQL: SELECT * FROM `indent` left JOIN information on information.inf_id = indent.inf_id left JOIN usertab on usertab.user_id=information.inf_user_id   [ RunTime:0.0029s ]
SQL: SELECT COUNT(*) AS tp_count FROM `indent` LIMIT 1   [ RunTime:0.0007s ]
SQL: SELECT * FROM `indent` left JOIN information on information.inf_id = indent.inf_id left JOIN usertab on usertab.user_id=information.inf_user_id  ORDER BY ind_id LIMIT 0,5   [ RunTime:0.0012s ]
INFO: [ view_parse ] --START--
INFO: [ template_filter ] --START--
INFO: Run Behavior\ContentReplaceBehavior [ RunTime:0.000099s ]
INFO: [ template_filter ] --END-- [ RunTime:0.000185s ]
SQL: SHOW COLUMNS FROM `usertab` [ RunTime:0.0103s ]
SQL: SELECT * FROM `usertab` WHERE ( user_id = 2 ) LIMIT 1   [ RunTime:0.0008s ]
SQL: SELECT * FROM `usertab` WHERE ( user_id = 3 ) LIMIT 1   [ RunTime:0.0007s ]
INFO: Run Behavior\ParseTemplateBehavior [ RunTime:0.041990s ]
INFO: [ view_parse ] --END-- [ RunTime:0.042057s ]
INFO: [ view_filter ] --START--
INFO: Run Behavior\WriteHtmlCacheBehavior [ RunTime:0.000614s ]
INFO: [ view_filter ] --END-- [ RunTime:0.000673s ]
INFO: [ app_end ] --START--
INFO: Run Behavior\ShowPageTraceBehavior [ RunTime:0.000956s ]
INFO: [ app_end ] --END-- [ RunTime:0.001083s ]

[ 2017-06-01T08:03:27+08:00 ] 127.0.0.1 /easygo/index.php/Admin/Cars/check
INFO: [ app_init ] --START--
INFO: Run Behavior\BuildLiteBehavior [ RunTime:0.000021s ]
INFO: [ app_init ] --END-- [ RunTime:0.000935s ]
INFO: [ app_begin ] --START--
INFO: Run Behavior\ReadHtmlCacheBehavior [ RunTime:0.000661s ]
INFO: [ app_begin ] --END-- [ RunTime:0.000722s ]
SQL: SHOW COLUMNS FROM `information` [ RunTime:0.0246s ]
SQL: SELECT COUNT(*) AS tp_count FROM `information` LIMIT 1   [ RunTime:0.0009s ]
SQL: SHOW COLUMNS FROM `usertab` [ RunTime:0.0175s ]
SQL: SELECT * FROM `usertab` INNER JOIN information on information.inf_user_id = usertab.user_id  ORDER BY inf_id LIMIT 0,5   [ RunTime:0.0093s ]
INFO: [ view_parse ] --START--
INFO: [ template_filter ] --START--
INFO: Run Behavior\ContentReplaceBehavior [ RunTime:0.000093s ]
INFO: [ template_filter ] --END-- [ RunTime:0.000158s ]
INFO: Run Behavior\ParseTemplateBehavior [ RunTime:0.017621s ]
INFO: [ view_parse ] --END-- [ RunTime:0.017731s ]
INFO: [ view_filter ] --START--
INFO: Run Behavior\WriteHtmlCacheBehavior [ RunTime:0.000666s ]
INFO: [ view_filter ] --END-- [ RunTime:0.000764s ]
INFO: [ app_end ] --START--
INFO: Run Behavior\ShowPageTraceBehavior [ RunTime:0.000989s ]
INFO: [ app_end ] --END-- [ RunTime:0.001096s ]

[ 2017-06-01T08:03:34+08:00 ] 127.0.0.1 /easygo/index.php/Admin/Cars/special
INFO: [ app_init ] --START--
INFO: Run Behavior\BuildLiteBehavior [ RunTime:0.000028s ]
INFO: [ app_init ] --END-- [ RunTime:0.001069s ]
INFO: [ app_begin ] --START--
INFO: Run Behavior\ReadHtmlCacheBehavior [ RunTime:0.001025s ]
INFO: [ app_begin ] --END-- [ RunTime:0.001121s ]
SQL: SHOW COLUMNS FROM `information` [ RunTime:0.0283s ]
SQL: SELECT COUNT(*) AS tp_count FROM `information` WHERE ( inf_add='是' ) LIMIT 1   [ RunTime:0.0011s ]
SQL: SHOW COLUMNS FROM `usertab` [ RunTime:0.0103s ]
SQL: SELECT * FROM `usertab` INNER JOIN information on information.inf_user_id = usertab.user_id  WHERE ( inf_add='是' )  [ RunTime:0.0015s ]
INFO: [ view_parse ] --START--
INFO: [ template_filter ] --START--
INFO: Run Behavior\ContentReplaceBehavior [ RunTime:0.000086s ]
INFO: [ template_filter ] --END-- [ RunTime:0.000150s ]
INFO: Run Behavior\ParseTemplateBehavior [ RunTime:0.044624s ]
INFO: [ view_parse ] --END-- [ RunTime:0.044711s ]
INFO: [ view_filter ] --START--
INFO: Run Behavior\WriteHtmlCacheBehavior [ RunTime:0.000485s ]
INFO: [ view_filter ] --END-- [ RunTime:0.000553s ]
INFO: [ app_end ] --START--
INFO: Run Behavior\ShowPageTraceBehavior [ RunTime:0.001251s ]
INFO: [ app_end ] --END-- [ RunTime:0.001433s ]

[ 2017-06-01T08:03:38+08:00 ] 127.0.0.1 /easygo/index.php/Admin/Indent/index
INFO: [ app_init ] --START--
INFO: Run Behavior\BuildLiteBehavior [ RunTime:0.000014s ]
INFO: [ app_init ] --END-- [ RunTime:0.000584s ]
INFO: [ app_begin ] --START--
INFO: Run Behavior\ReadHtmlCacheBehavior [ RunTime:0.000669s ]
INFO: [ app_begin ] --END-- [ RunTime:0.000730s ]
SQL: SHOW COLUMNS FROM `indent` [ RunTime:0.0159s ]
SQL: SELECT * FROM `indent` left JOIN information on information.inf_id = indent.inf_id left JOIN usertab on usertab.user_id=information.inf_user_id   [ RunTime:0.0019s ]
SQL: SELECT COUNT(*) AS tp_count FROM `indent` LIMIT 1   [ RunTime:0.0006s ]
SQL: SELECT * FROM `indent` left JOIN information on information.inf_id = indent.inf_id left JOIN usertab on usertab.user_id=information.inf_user_id  ORDER BY ind_id LIMIT 0,5   [ RunTime:0.0012s ]
INFO: [ view_parse ] --START--
INFO: [ template_filter ] --START--
INFO: Run Behavior\ContentReplaceBehavior [ RunTime:0.000087s ]
INFO: [ template_filter ] --END-- [ RunTime:0.000163s ]
SQL: SHOW COLUMNS FROM `usertab` [ RunTime:0.0107s ]
SQL: SELECT * FROM `usertab` WHERE ( user_id = 2 ) LIMIT 1   [ RunTime:0.0006s ]
SQL: SELECT * FROM `usertab` WHERE ( user_id = 3 ) LIMIT 1   [ RunTime:0.0006s ]
INFO: Run Behavior\ParseTemplateBehavior [ RunTime:0.025380s ]
INFO: [ view_parse ] --END-- [ RunTime:0.025448s ]
INFO: [ view_filter ] --START--
INFO: Run Behavior\WriteHtmlCacheBehavior [ RunTime:0.000576s ]
INFO: [ view_filter ] --END-- [ RunTime:0.000638s ]
INFO: [ app_end ] --START--
INFO: Run Behavior\ShowPageTraceBehavior [ RunTime:0.000932s ]
INFO: [ app_end ] --END-- [ RunTime:0.001032s ]

[ 2017-06-01T08:03:44+08:00 ] 127.0.0.1 /easygo/index.php/Admin/Message/index
INFO: [ app_init ] --START--
INFO: Run Behavior\BuildLiteBehavior [ RunTime:0.000017s ]
INFO: [ app_init ] --END-- [ RunTime:0.000532s ]
INFO: [ app_begin ] --START--
INFO: Run Behavior\ReadHtmlCacheBehavior [ RunTime:0.000651s ]
INFO: [ app_begin ] --END-- [ RunTime:0.000717s ]
SQL: SHOW COLUMNS FROM `message` [ RunTime:0.0886s ]
SQL: SELECT COUNT(*) AS tp_count FROM `message` LIMIT 1   [ RunTime:0.0016s ]
SQL: SELECT * FROM `message` ORDER BY mes_id LIMIT 0,5   [ RunTime:0.0026s ]
INFO: [ view_parse ] --START--
INFO: [ template_filter ] --START--
INFO: Run Behavior\ContentReplaceBehavior [ RunTime:0.000133s ]
INFO: [ template_filter ] --END-- [ RunTime:0.000237s ]
INFO: Run Behavior\ParseTemplateBehavior [ RunTime:0.047502s ]
INFO: [ view_parse ] --END-- [ RunTime:0.047737s ]
INFO: [ view_filter ] --START--
INFO: Run Behavior\WriteHtmlCacheBehavior [ RunTime:0.000672s ]
INFO: [ view_filter ] --END-- [ RunTime:0.000762s ]
INFO: [ app_end ] --START--
INFO: Run Behavior\ShowPageTraceBehavior [ RunTime:0.001525s ]
INFO: [ app_end ] --END-- [ RunTime:0.001686s ]

[ 2017-06-01T08:04:21+08:00 ] 127.0.0.1 /easygo/index.php/Admin/Indent/index
INFO: [ app_init ] --START--
INFO: Run Behavior\BuildLiteBehavior [ RunTime:0.000016s ]
INFO: [ app_init ] --END-- [ RunTime:0.000651s ]
INFO: [ app_begin ] --START--
INFO: Run Behavior\ReadHtmlCacheBehavior [ RunTime:0.000829s ]
INFO: [ app_begin ] --END-- [ RunTime:0.000910s ]
SQL: SHOW COLUMNS FROM `indent` [ RunTime:0.0161s ]
SQL: SELECT * FROM `indent` left JOIN information on information.inf_id = indent.inf_id left JOIN usertab on usertab.user_id=information.inf_user_id   [ RunTime:0.0018s ]
SQL: SELECT COUNT(*) AS tp_count FROM `indent` LIMIT 1   [ RunTime:0.0006s ]
SQL: SELECT * FROM `indent` left JOIN information on information.inf_id = indent.inf_id left JOIN usertab on usertab.user_id=information.inf_user_id  ORDER BY ind_id LIMIT 0,5   [ RunTime:0.0014s ]
INFO: [ view_parse ] --START--
INFO: [ template_filter ] --START--
INFO: Run Behavior\ContentReplaceBehavior [ RunTime:0.000088s ]
INFO: [ template_filter ] --END-- [ RunTime:0.000187s ]
SQL: SHOW COLUMNS FROM `usertab` [ RunTime:0.0100s ]
SQL: SELECT * FROM `usertab` WHERE ( user_id = 2 ) LIMIT 1   [ RunTime:0.0007s ]
SQL: SELECT * FROM `usertab` WHERE ( user_id = 3 ) LIMIT 1   [ RunTime:0.0007s ]
INFO: Run Behavior\ParseTemplateBehavior [ RunTime:0.026538s ]
INFO: [ view_parse ] --END-- [ RunTime:0.026641s ]
INFO: [ view_filter ] --START--
INFO: Run Behavior\WriteHtmlCacheBehavior [ RunTime:0.000673s ]
INFO: [ view_filter ] --END-- [ RunTime:0.000743s ]
INFO: [ app_end ] --START--
INFO: Run Behavior\ShowPageTraceBehavior [ RunTime:0.001096s ]
INFO: [ app_end ] --END-- [ RunTime:0.001205s ]

[ 2017-06-01T08:08:36+08:00 ] 127.0.0.1 /easygo/index.php/Admin/Indent/action.php
INFO: [ app_init ] --START--
INFO: Run Behavior\BuildLiteBehavior [ RunTime:0.000017s ]
INFO: [ app_init ] --END-- [ RunTime:0.000614s ]
INFO: [ app_begin ] --START--
INFO: Run Behavior\ReadHtmlCacheBehavior [ RunTime:0.000836s ]
INFO: [ app_begin ] --END-- [ RunTime:0.000916s ]
SQL: SHOW COLUMNS FROM `indent` [ RunTime:0.0329s ]
SQL: SELECT * FROM `indent` left JOIN information on information.inf_id = indent.inf_id left JOIN usertab on usertab.user_id=information.inf_user_id  WHERE ( ind_id=2 ) LIMIT 1   [ RunTime:0.0046s ]
INFO: [ app_end ] --START--
INFO: Run Behavior\ShowPageTraceBehavior [ RunTime:0.002389s ]
INFO: [ app_end ] --END-- [ RunTime:0.002586s ]

[ 2017-06-01T08:08:40+08:00 ] 127.0.0.1 /easygo/index.php/Admin/Indent/action.php
INFO: [ app_init ] --START--
INFO: Run Behavior\BuildLiteBehavior [ RunTime:0.000027s ]
INFO: [ app_init ] --END-- [ RunTime:0.000876s ]
INFO: [ app_begin ] --START--
INFO: Run Behavior\ReadHtmlCacheBehavior [ RunTime:0.000743s ]
INFO: [ app_begin ] --END-- [ RunTime:0.000820s ]
SQL: SHOW COLUMNS FROM `indent` [ RunTime:0.0170s ]
SQL: SELECT * FROM `indent` left JOIN information on information.inf_id = indent.inf_id left JOIN usertab on usertab.user_id=information.inf_user_id  WHERE ( ind_id=1 ) LIMIT 1   [ RunTime:0.0018s ]
INFO: [ app_end ] --START--
INFO: Run Behavior\ShowPageTraceBehavior [ RunTime:0.000932s ]
INFO: [ app_end ] --END-- [ RunTime:0.001004s ]

[ 2017-06-01T08:10:41+08:00 ] 127.0.0.1 /easygo/index.php/Admin/Indent/index
INFO: [ app_init ] --START--
INFO: Run Behavior\BuildLiteBehavior [ RunTime:0.000020s ]
INFO: [ app_init ] --END-- [ RunTime:0.000783s ]
INFO: [ app_begin ] --START--
INFO: Run Behavior\ReadHtmlCacheBehavior [ RunTime:0.000815s ]
INFO: [ app_begin ] --END-- [ RunTime:0.000887s ]
SQL: SHOW COLUMNS FROM `indent` [ RunTime:0.0364s ]
SQL: SELECT * FROM `indent` left JOIN information on information.inf_id = indent.inf_id left JOIN usertab on usertab.user_id=information.inf_user_id   [ RunTime:0.0065s ]
SQL: SELECT COUNT(*) AS tp_count FROM `indent` LIMIT 1   [ RunTime:0.0015s ]
SQL: SELECT * FROM `indent` left JOIN information on information.inf_id = indent.inf_id left JOIN usertab on usertab.user_id=information.inf_user_id  ORDER BY ind_id LIMIT 0,5   [ RunTime:0.0023s ]
INFO: [ view_parse ] --START--
INFO: [ template_filter ] --START--
INFO: Run Behavior\ContentReplaceBehavior [ RunTime:0.000174s ]
INFO: [ template_filter ] --END-- [ RunTime:0.000309s ]
SQL: SHOW COLUMNS FROM `usertab` [ RunTime:0.0178s ]
SQL: SELECT * FROM `usertab` WHERE ( user_id = 2 ) LIMIT 1   [ RunTime:0.0012s ]
SQL: SELECT * FROM `usertab` WHERE ( user_id = 3 ) LIMIT 1   [ RunTime:0.0011s ]
INFO: Run Behavior\ParseTemplateBehavior [ RunTime:0.047731s ]
INFO: [ view_parse ] --END-- [ RunTime:0.047850s ]
INFO: [ view_filter ] --START--
INFO: Run Behavior\WriteHtmlCacheBehavior [ RunTime:0.001137s ]
INFO: [ view_filter ] --END-- [ RunTime:0.001245s ]
INFO: [ app_end ] --START--
INFO: Run Behavior\ShowPageTraceBehavior [ RunTime:0.002357s ]
INFO: [ app_end ] --END-- [ RunTime:0.002582s ]

[ 2017-06-01T08:10:43+08:00 ] 127.0.0.1 /easygo/index.php/Admin/Indent/action.php
INFO: [ app_init ] --START--
INFO: Run Behavior\BuildLiteBehavior [ RunTime:0.000026s ]
INFO: [ app_init ] --END-- [ RunTime:0.001078s ]
INFO: [ app_begin ] --START--
INFO: Run Behavior\ReadHtmlCacheBehavior [ RunTime:0.001031s ]
INFO: [ app_begin ] --END-- [ RunTime:0.001145s ]
SQL: SHOW COLUMNS FROM `indent` [ RunTime:0.0114s ]
SQL: SELECT * FROM `indent` left JOIN information on information.inf_id = indent.inf_id left JOIN usertab on usertab.user_id=information.inf_user_id  WHERE ( ind_id=1 ) LIMIT 1   [ RunTime:0.0017s ]
INFO: [ app_end ] --START--
INFO: Run Behavior\ShowPageTraceBehavior [ RunTime:0.001009s ]
INFO: [ app_end ] --END-- [ RunTime:0.001086s ]

[ 2017-06-01T08:11:58+08:00 ] 127.0.0.1 /easygo/index.php/Admin/Indent/action.php
INFO: [ app_init ] --START--
INFO: Run Behavior\BuildLiteBehavior [ RunTime:0.000028s ]
INFO: [ app_init ] --END-- [ RunTime:0.001101s ]
INFO: [ app_begin ] --START--
INFO: Run Behavior\ReadHtmlCacheBehavior [ RunTime:0.001445s ]
INFO: [ app_begin ] --END-- [ RunTime:0.001564s ]
SQL: SHOW COLUMNS FROM `indent` [ RunTime:0.0178s ]
SQL: SELECT * FROM `indent` left JOIN information on information.inf_id = indent.inf_id left JOIN usertab on usertab.user_id=information.inf_user_id  WHERE ( ind_id=1 ) LIMIT 1   [ RunTime:0.0017s ]
INFO: [ app_end ] --START--
INFO: Run Behavior\ShowPageTraceBehavior [ RunTime:0.000970s ]
INFO: [ app_end ] --END-- [ RunTime:0.001035s ]

[ 2017-06-01T08:11:59+08:00 ] 127.0.0.1 /easygo/index.php/Admin/Indent/action.php
INFO: [ app_init ] --START--
INFO: Run Behavior\BuildLiteBehavior [ RunTime:0.000015s ]
INFO: [ app_init ] --END-- [ RunTime:0.000570s ]
INFO: [ app_begin ] --START--
INFO: Run Behavior\ReadHtmlCacheBehavior [ RunTime:0.000832s ]
INFO: [ app_begin ] --END-- [ RunTime:0.000935s ]
SQL: SHOW COLUMNS FROM `indent` [ RunTime:0.0168s ]
SQL: SELECT * FROM `indent` left JOIN information on information.inf_id = indent.inf_id left JOIN usertab on usertab.user_id=information.inf_user_id  WHERE ( ind_id=2 ) LIMIT 1   [ RunTime:0.0017s ]
INFO: [ app_end ] --START--
INFO: Run Behavior\ShowPageTraceBehavior [ RunTime:0.001032s ]
INFO: [ app_end ] --END-- [ RunTime:0.001103s ]

[ 2017-06-01T08:12:01+08:00 ] 127.0.0.1 /easygo/index.php/Admin/Indent/action.php
INFO: [ app_init ] --START--
INFO: Run Behavior\BuildLiteBehavior [ RunTime:0.000015s ]
INFO: [ app_init ] --END-- [ RunTime:0.000549s ]
INFO: [ app_begin ] --START--
INFO: Run Behavior\ReadHtmlCacheBehavior [ RunTime:0.000663s ]
INFO: [ app_begin ] --END-- [ RunTime:0.000744s ]
SQL: SHOW COLUMNS FROM `indent` [ RunTime:0.0217s ]
SQL: SELECT * FROM `indent` left JOIN information on information.inf_id = indent.inf_id left JOIN usertab on usertab.user_id=information.inf_user_id  WHERE ( ind_id=1 ) LIMIT 1   [ RunTime:0.0025s ]
INFO: [ app_end ] --START--
INFO: Run Behavior\ShowPageTraceBehavior [ RunTime:0.000969s ]
INFO: [ app_end ] --END-- [ RunTime:0.001058s ]

[ 2017-06-01T08:12:52+08:00 ] 127.0.0.1 /easygo/index.php/Admin/Indent/action.php
INFO: [ app_init ] --START--
INFO: Run Behavior\BuildLiteBehavior [ RunTime:0.000017s ]
INFO: [ app_init ] --END-- [ RunTime:0.000604s ]
INFO: [ app_begin ] --START--
INFO: Run Behavior\ReadHtmlCacheBehavior [ RunTime:0.000839s ]
INFO: [ app_begin ] --END-- [ RunTime:0.000905s ]
SQL: SHOW COLUMNS FROM `indent` [ RunTime:0.0349s ]
SQL: SELECT * FROM `indent` left JOIN information on information.inf_id = indent.inf_id left JOIN usertab on usertab.user_id=information.inf_user_id  WHERE ( ind_id=1 ) LIMIT 1   [ RunTime:0.0062s ]
INFO: [ app_end ] --START--
INFO: Run Behavior\ShowPageTraceBehavior [ RunTime:0.002880s ]
INFO: [ app_end ] --END-- [ RunTime:0.003238s ]

[ 2017-06-01T08:12:56+08:00 ] 127.0.0.1 /easygo/index.php/Admin/Indent/action.php
INFO: [ app_init ] --START--
INFO: Run Behavior\BuildLiteBehavior [ RunTime:0.000015s ]
INFO: [ app_init ] --END-- [ RunTime:0.000577s ]
INFO: [ app_begin ] --START--
INFO: Run Behavior\ReadHtmlCacheBehavior [ RunTime:0.000758s ]
INFO: [ app_begin ] --END-- [ RunTime:0.000829s ]
SQL: SHOW COLUMNS FROM `indent` [ RunTime:0.0225s ]
SQL: SELECT * FROM `indent` left JOIN information on information.inf_id = indent.inf_id left JOIN usertab on usertab.user_id=information.inf_user_id  WHERE ( ind_id=1 ) LIMIT 1   [ RunTime:0.0030s ]
INFO: [ app_end ] --START--
INFO: Run Behavior\ShowPageTraceBehavior [ RunTime:0.001527s ]
INFO: [ app_end ] --END-- [ RunTime:0.001652s ]

[ 2017-06-01T08:12:59+08:00 ] 127.0.0.1 /easygo/index.php/Admin/Indent/action.php
INFO: [ app_init ] --START--
INFO: Run Behavior\BuildLiteBehavior [ RunTime:0.000028s ]
INFO: [ app_init ] --END-- [ RunTime:0.000732s ]
INFO: [ app_begin ] --START--
INFO: Run Behavior\ReadHtmlCacheBehavior [ RunTime:0.000703s ]
INFO: [ app_begin ] --END-- [ RunTime:0.000774s ]
SQL: SHOW COLUMNS FROM `indent` [ RunTime:0.0331s ]
SQL: SELECT * FROM `indent` left JOIN information on information.inf_id = indent.inf_id left JOIN usertab on usertab.user_id=information.inf_user_id  WHERE ( ind_id=2 ) LIMIT 1   [ RunTime:0.0032s ]
INFO: [ app_end ] --START--
INFO: Run Behavior\ShowPageTraceBehavior [ RunTime:0.001385s ]
INFO: [ app_end ] --END-- [ RunTime:0.001501s ]

[ 2017-06-01T08:18:02+08:00 ] 127.0.0.1 /easygo/index.php/Admin/Indent/index
INFO: [ app_init ] --START--
INFO: Run Behavior\BuildLiteBehavior [ RunTime:0.000018s ]
INFO: [ app_init ] --END-- [ RunTime:0.000633s ]
INFO: [ app_begin ] --START--
INFO: Run Behavior\ReadHtmlCacheBehavior [ RunTime:0.000805s ]
INFO: [ app_begin ] --END-- [ RunTime:0.000884s ]
SQL: SHOW COLUMNS FROM `indent` [ RunTime:0.0306s ]
SQL: SELECT * FROM `indent` left JOIN information on information.inf_id = indent.inf_id left JOIN usertab on usertab.user_id=information.inf_user_id   [ RunTime:0.0030s ]
SQL: SELECT COUNT(*) AS tp_count FROM `indent` LIMIT 1   [ RunTime:0.0008s ]
SQL: SELECT * FROM `indent` left JOIN information on information.inf_id = indent.inf_id left JOIN usertab on usertab.user_id=information.inf_user_id  ORDER BY ind_id LIMIT 0,5   [ RunTime:0.0018s ]
INFO: [ view_parse ] --START--
INFO: [ template_filter ] --START--
INFO: Run Behavior\ContentReplaceBehavior [ RunTime:0.000329s ]
INFO: [ template_filter ] --END-- [ RunTime:0.000541s ]
SQL: SHOW COLUMNS FROM `usertab` [ RunTime:0.0158s ]
SQL: SELECT * FROM `usertab` WHERE ( user_id = 2 ) LIMIT 1   [ RunTime:0.0010s ]
SQL: SELECT * FROM `usertab` WHERE ( user_id = 3 ) LIMIT 1   [ RunTime:0.0010s ]
INFO: Run Behavior\ParseTemplateBehavior [ RunTime:0.038814s ]
INFO: [ view_parse ] --END-- [ RunTime:0.038919s ]
INFO: [ view_filter ] --START--
INFO: Run Behavior\WriteHtmlCacheBehavior [ RunTime:0.000921s ]
INFO: [ view_filter ] --END-- [ RunTime:0.001020s ]
INFO: [ app_end ] --START--
INFO: Run Behavior\ShowPageTraceBehavior [ RunTime:0.001530s ]
INFO: [ app_end ] --END-- [ RunTime:0.001677s ]

[ 2017-06-01T08:18:12+08:00 ] 127.0.0.1 /easygo/index.php/Admin/Indent/search?search_value=%E6%B3%95%E6%8B%89%E5%88%A9
INFO: [ app_init ] --START--
INFO: Run Behavior\BuildLiteBehavior [ RunTime:0.000015s ]
INFO: [ app_init ] --END-- [ RunTime:0.000551s ]
INFO: [ app_begin ] --START--
INFO: Run Behavior\ReadHtmlCacheBehavior [ RunTime:0.001145s ]
INFO: [ app_begin ] --END-- [ RunTime:0.001250s ]
SQL: SHOW COLUMNS FROM `indent` [ RunTime:0.0284s ]
SQL: SELECT COUNT(*) AS tp_count FROM `indent` left JOIN information on information.inf_id = indent.inf_id left JOIN usertab on usertab.user_id=information.inf_user_id  WHERE `ind_id` LIKE '%法拉利%' OR `inf_type` LIKE '%法拉利%' OR `user_name` LIKE '%法拉利%' OR `ind_type` LIKE '%法拉利%' LIMIT 1   [ RunTime:0.0302s ]
SQL: SELECT * FROM `indent` left JOIN information on information.inf_id = indent.inf_id left JOIN usertab on usertab.user_id=information.inf_user_id  WHERE `ind_id` LIKE '%法拉利%' OR `inf_type` LIKE '%法拉利%' OR `user_name` LIKE '%法拉利%' OR `ind_type` LIKE '%法拉利%' LIMIT 0,5   [ RunTime:0.0017s ]
INFO: [ view_parse ] --START--
INFO: [ template_filter ] --START--
INFO: Run Behavior\ContentReplaceBehavior [ RunTime:0.000091s ]
INFO: [ template_filter ] --END-- [ RunTime:0.000151s ]
SQL: SHOW COLUMNS FROM `usertab` [ RunTime:0.0096s ]
SQL: SELECT * FROM `usertab` WHERE ( user_id = 3 ) LIMIT 1   [ RunTime:0.0007s ]
INFO: Run Behavior\ParseTemplateBehavior [ RunTime:0.024076s ]
INFO: [ view_parse ] --END-- [ RunTime:0.024149s ]
INFO: [ view_filter ] --START--
INFO: Run Behavior\WriteHtmlCacheBehavior [ RunTime:0.000646s ]
INFO: [ view_filter ] --END-- [ RunTime:0.000701s ]
INFO: [ app_end ] --START--
INFO: Run Behavior\ShowPageTraceBehavior [ RunTime:0.001013s ]
INFO: [ app_end ] --END-- [ RunTime:0.001103s ]

[ 2017-06-01T08:18:21+08:00 ] 127.0.0.1 /easygo/index.php/Admin/Indent/search?search_value=%E5%88%98%E6%89%BF%E7%9D%BF
INFO: [ app_init ] --START--
INFO: Run Behavior\BuildLiteBehavior [ RunTime:0.000044s ]
INFO: [ app_init ] --END-- [ RunTime:0.001039s ]
INFO: [ app_begin ] --START--
INFO: Run Behavior\ReadHtmlCacheBehavior [ RunTime:0.000890s ]
INFO: [ app_begin ] --END-- [ RunTime:0.001006s ]
SQL: SHOW COLUMNS FROM `indent` [ RunTime:0.0734s ]
SQL: SELECT COUNT(*) AS tp_count FROM `indent` left JOIN information on information.inf_id = indent.inf_id left JOIN usertab on usertab.user_id=information.inf_user_id  WHERE `ind_id` LIKE '%刘承睿%' OR `inf_type` LIKE '%刘承睿%' OR `user_name` LIKE '%刘承睿%' OR `ind_type` LIKE '%刘承睿%' LIMIT 1   [ RunTime:0.0021s ]
SQL: SELECT * FROM `indent` left JOIN information on information.inf_id = indent.inf_id left JOIN usertab on usertab.user_id=information.inf_user_id  WHERE `ind_id` LIKE '%刘承睿%' OR `inf_type` LIKE '%刘承睿%' OR `user_name` LIKE '%刘承睿%' OR `ind_type` LIKE '%刘承睿%' LIMIT 0,5   [ RunTime:0.0031s ]
INFO: [ view_parse ] --START--
INFO: [ template_filter ] --START--
INFO: Run Behavior\ContentReplaceBehavior [ RunTime:0.000141s ]
INFO: [ template_filter ] --END-- [ RunTime:0.000241s ]
SQL: SHOW COLUMNS FROM `usertab` [ RunTime:0.0105s ]
SQL: SELECT * FROM `usertab` WHERE ( user_id = 2 ) LIMIT 1   [ RunTime:0.0010s ]
SQL: SELECT * FROM `usertab` WHERE ( user_id = 3 ) LIMIT 1   [ RunTime:0.0008s ]
INFO: Run Behavior\ParseTemplateBehavior [ RunTime:0.036070s ]
INFO: [ view_parse ] --END-- [ RunTime:0.036194s ]
INFO: [ view_filter ] --START--
INFO: Run Behavior\WriteHtmlCacheBehavior [ RunTime:0.000725s ]
INFO: [ view_filter ] --END-- [ RunTime:0.000797s ]
INFO: [ app_end ] --START--
INFO: Run Behavior\ShowPageTraceBehavior [ RunTime:0.001174s ]
INFO: [ app_end ] --END-- [ RunTime:0.001271s ]

[ 2017-06-01T08:18:35+08:00 ] 127.0.0.1 /easygo/index.php/Admin/Indent/search?search_value=%E5%BC%A0%E4%B8%9C%E6%9D%B0
INFO: [ app_init ] --START--
INFO: Run Behavior\BuildLiteBehavior [ RunTime:0.000015s ]
INFO: [ app_init ] --END-- [ RunTime:0.000671s ]
INFO: [ app_begin ] --START--
INFO: Run Behavior\ReadHtmlCacheBehavior [ RunTime:0.000897s ]
INFO: [ app_begin ] --END-- [ RunTime:0.000997s ]
SQL: SHOW COLUMNS FROM `indent` [ RunTime:0.0317s ]
SQL: SELECT COUNT(*) AS tp_count FROM `indent` left JOIN information on information.inf_id = indent.inf_id left JOIN usertab on usertab.user_id=information.inf_user_id  WHERE `ind_id` LIKE '%张东杰%' OR `inf_type` LIKE '%张东杰%' OR `user_name` LIKE '%张东杰%' OR `ind_type` LIKE '%张东杰%' LIMIT 1   [ RunTime:0.0024s ]
SQL: SELECT * FROM `indent` left JOIN information on information.inf_id = indent.inf_id left JOIN usertab on usertab.user_id=information.inf_user_id  WHERE `ind_id` LIKE '%张东杰%' OR `inf_type` LIKE '%张东杰%' OR `user_name` LIKE '%张东杰%' OR `ind_type` LIKE '%张东杰%' LIMIT 0,5   [ RunTime:0.0032s ]
INFO: [ view_parse ] --START--
INFO: [ template_filter ] --START--
INFO: Run Behavior\ContentReplaceBehavior [ RunTime:0.000172s ]
INFO: [ template_filter ] --END-- [ RunTime:0.000296s ]
NOTIC: [8] Undefined variable: result F:\Web\easygo\Application\Runtime\Cache\Admin\dac53c08b2a08222ed413d6077383452.php 第 202 行.
NOTIC: [8] Undefined variable: result F:\Web\easygo\Application\Runtime\Cache\Admin\dac53c08b2a08222ed413d6077383452.php 第 203 行.
INFO: Run Behavior\ParseTemplateBehavior [ RunTime:0.022666s ]
INFO: [ view_parse ] --END-- [ RunTime:0.022785s ]
INFO: [ view_filter ] --START--
INFO: Run Behavior\WriteHtmlCacheBehavior [ RunTime:0.002150s ]
INFO: [ view_filter ] --END-- [ RunTime:0.002272s ]
INFO: [ app_end ] --START--
INFO: Run Behavior\ShowPageTraceBehavior [ RunTime:0.001768s ]
INFO: [ app_end ] --END-- [ RunTime:0.001942s ]

[ 2017-06-01T08:19:40+08:00 ] 127.0.0.1 /easygo/index.php/Admin/Indent/search?search_value=%E6%99%AE%E9%80%9A
INFO: [ app_init ] --START--
INFO: Run Behavior\BuildLiteBehavior [ RunTime:0.000016s ]
INFO: [ app_init ] --END-- [ RunTime:0.000596s ]
INFO: [ app_begin ] --START--
INFO: Run Behavior\ReadHtmlCacheBehavior [ RunTime:0.001070s ]
INFO: [ app_begin ] --END-- [ RunTime:0.001187s ]
SQL: SHOW COLUMNS FROM `indent` [ RunTime:0.0137s ]
SQL: SELECT COUNT(*) AS tp_count FROM `indent` left JOIN information on information.inf_id = indent.inf_id left JOIN usertab on usertab.user_id=information.inf_user_id  WHERE `ind_id` LIKE '%普通%' OR `inf_type` LIKE '%普通%' OR `user_name` LIKE '%普通%' OR `ind_type` LIKE '%普通%' LIMIT 1   [ RunTime:0.0014s ]
SQL: SELECT * FROM `indent` left JOIN information on information.inf_id = indent.inf_id left JOIN usertab on usertab.user_id=information.inf_user_id  WHERE `ind_id` LIKE '%普通%' OR `inf_type` LIKE '%普通%' OR `user_name` LIKE '%普通%' OR `ind_type` LIKE '%普通%' LIMIT 0,5   [ RunTime:0.0026s ]
INFO: [ view_parse ] --START--
INFO: [ template_filter ] --START--
INFO: Run Behavior\ContentReplaceBehavior [ RunTime:0.000115s ]
INFO: [ template_filter ] --END-- [ RunTime:0.000206s ]
SQL: SHOW COLUMNS FROM `usertab` [ RunTime:0.0108s ]
SQL: SELECT * FROM `usertab` WHERE ( user_id = 2 ) LIMIT 1   [ RunTime:0.0009s ]
INFO: Run Behavior\ParseTemplateBehavior [ RunTime:0.026837s ]
INFO: [ view_parse ] --END-- [ RunTime:0.026968s ]
INFO: [ view_filter ] --START--
INFO: Run Behavior\WriteHtmlCacheBehavior [ RunTime:0.000994s ]
INFO: [ view_filter ] --END-- [ RunTime:0.001103s ]
INFO: [ app_end ] --START--
INFO: Run Behavior\ShowPageTraceBehavior [ RunTime:0.001281s ]
INFO: [ app_end ] --END-- [ RunTime:0.001577s ]

[ 2017-06-01T08:22:18+08:00 ] 127.0.0.1 /easygo/index.php/Admin/Indent/search?search_value=%E5%88%98%E6%89%BF%E7%9D%BF
INFO: [ app_init ] --START--
INFO: Run Behavior\BuildLiteBehavior [ RunTime:0.000021s ]
INFO: [ app_init ] --END-- [ RunTime:0.000935s ]
INFO: [ app_begin ] --START--
INFO: Run Behavior\ReadHtmlCacheBehavior [ RunTime:0.001378s ]
INFO: [ app_begin ] --END-- [ RunTime:0.001525s ]
SQL: SHOW COLUMNS FROM `indent` [ RunTime:0.0165s ]
SQL: SELECT COUNT(*) AS tp_count FROM `indent` left JOIN information on information.inf_id = indent.inf_id left JOIN usertab on usertab.user_id=information.inf_user_id  WHERE `ind_id` LIKE '%刘承睿%' OR `inf_type` LIKE '%刘承睿%' OR `user_name` LIKE '%刘承睿%' OR `ind_type` LIKE '%刘承睿%' LIMIT 1   [ RunTime:0.0008s ]
SQL: SELECT * FROM `indent` left JOIN information on information.inf_id = indent.inf_id left JOIN usertab on usertab.user_id=information.inf_user_id  WHERE `ind_id` LIKE '%刘承睿%' OR `inf_type` LIKE '%刘承睿%' OR `user_name` LIKE '%刘承睿%' OR `ind_type` LIKE '%刘承睿%' LIMIT 0,5   [ RunTime:0.0023s ]
INFO: [ view_parse ] --START--
INFO: [ template_filter ] --START--
INFO: Run Behavior\ContentReplaceBehavior [ RunTime:0.000107s ]
INFO: [ template_filter ] --END-- [ RunTime:0.000189s ]
SQL: SHOW COLUMNS FROM `usertab` [ RunTime:0.0112s ]
SQL: SELECT * FROM `usertab` WHERE ( user_id = 2 ) LIMIT 1   [ RunTime:0.0008s ]
SQL: SELECT * FROM `usertab` WHERE ( user_id = 3 ) LIMIT 1   [ RunTime:0.0009s ]
INFO: Run Behavior\ParseTemplateBehavior [ RunTime:0.030489s ]
INFO: [ view_parse ] --END-- [ RunTime:0.030616s ]
INFO: [ view_filter ] --START--
INFO: Run Behavior\WriteHtmlCacheBehavior [ RunTime:0.000918s ]
INFO: [ view_filter ] --END-- [ RunTime:0.001057s ]
INFO: [ app_end ] --START--
INFO: Run Behavior\ShowPageTraceBehavior [ RunTime:0.001327s ]
INFO: [ app_end ] --END-- [ RunTime:0.001462s ]

[ 2017-06-01T08:22:24+08:00 ] 127.0.0.1 /easygo/index.php/Admin/Indent/index
INFO: [ app_init ] --START--
INFO: Run Behavior\BuildLiteBehavior [ RunTime:0.000029s ]
INFO: [ app_init ] --END-- [ RunTime:0.000955s ]
INFO: [ app_begin ] --START--
INFO: Run Behavior\ReadHtmlCacheBehavior [ RunTime:0.000779s ]
INFO: [ app_begin ] --END-- [ RunTime:0.000871s ]
SQL: SHOW COLUMNS FROM `indent` [ RunTime:0.0202s ]
SQL: SELECT * FROM `indent` left JOIN information on information.inf_id = indent.inf_id left JOIN usertab on usertab.user_id=information.inf_user_id   [ RunTime:0.0027s ]
SQL: SELECT COUNT(*) AS tp_count FROM `indent` LIMIT 1   [ RunTime:0.0008s ]
SQL: SELECT * FROM `indent` left JOIN information on information.inf_id = indent.inf_id left JOIN usertab on usertab.user_id=information.inf_user_id  ORDER BY ind_id LIMIT 0,5   [ RunTime:0.0022s ]
INFO: [ view_parse ] --START--
INFO: [ template_filter ] --START--
INFO: Run Behavior\ContentReplaceBehavior [ RunTime:0.000100s ]
INFO: [ template_filter ] --END-- [ RunTime:0.000190s ]
SQL: SHOW COLUMNS FROM `usertab` [ RunTime:0.1669s ]
SQL: SELECT * FROM `usertab` WHERE ( user_id = 2 ) LIMIT 1   [ RunTime:0.0009s ]
SQL: SELECT * FROM `usertab` WHERE ( user_id = 3 ) LIMIT 1   [ RunTime:0.0009s ]
INFO: Run Behavior\ParseTemplateBehavior [ RunTime:0.184312s ]
INFO: [ view_parse ] --END-- [ RunTime:0.184439s ]
INFO: [ view_filter ] --START--
INFO: Run Behavior\WriteHtmlCacheBehavior [ RunTime:0.000623s ]
INFO: [ view_filter ] --END-- [ RunTime:0.000686s ]
INFO: [ app_end ] --START--
INFO: Run Behavior\ShowPageTraceBehavior [ RunTime:0.000944s ]
INFO: [ app_end ] --END-- [ RunTime:0.001042s ]

[ 2017-06-01T08:24:06+08:00 ] 127.0.0.1 /easygo/index.php/Admin/Indent/index
INFO: [ app_init ] --START--
INFO: Run Behavior\BuildLiteBehavior [ RunTime:0.000025s ]
INFO: [ app_init ] --END-- [ RunTime:0.000763s ]
INFO: [ app_begin ] --START--
INFO: Run Behavior\ReadHtmlCacheBehavior [ RunTime:0.001073s ]
INFO: [ app_begin ] --END-- [ RunTime:0.001186s ]
SQL: SHOW COLUMNS FROM `indent` [ RunTime:0.0249s ]
SQL: SELECT * FROM `indent` left JOIN information on information.inf_id = indent.inf_id left JOIN usertab on usertab.user_id=information.inf_user_id   [ RunTime:0.0031s ]
SQL: SELECT COUNT(*) AS tp_count FROM `indent` LIMIT 1   [ RunTime:0.0010s ]
SQL: SELECT * FROM `indent` left JOIN information on information.inf_id = indent.inf_id left JOIN usertab on usertab.user_id=information.inf_user_id  ORDER BY ind_id LIMIT 0,5   [ RunTime:0.0021s ]
INFO: [ view_parse ] --START--
INFO: [ template_filter ] --START--
INFO: Run Behavior\ContentReplaceBehavior [ RunTime:0.000110s ]
INFO: [ template_filter ] --END-- [ RunTime:0.000206s ]
SQL: SHOW COLUMNS FROM `usertab` [ RunTime:0.0097s ]
SQL: SELECT * FROM `usertab` WHERE ( user_id = 2 ) LIMIT 1   [ RunTime:0.0007s ]
SQL: SELECT * FROM `usertab` WHERE ( user_id = 3 ) LIMIT 1   [ RunTime:0.0007s ]
INFO: Run Behavior\ParseTemplateBehavior [ RunTime:0.027323s ]
INFO: [ view_parse ] --END-- [ RunTime:0.027499s ]
INFO: [ view_filter ] --START--
INFO: Run Behavior\WriteHtmlCacheBehavior [ RunTime:0.001902s ]
INFO: [ view_filter ] --END-- [ RunTime:0.002014s ]
INFO: [ app_end ] --START--
INFO: Run Behavior\ShowPageTraceBehavior [ RunTime:0.001901s ]
INFO: [ app_end ] --END-- [ RunTime:0.002049s ]

[ 2017-06-01T08:24:09+08:00 ] 127.0.0.1 /easygo/index.php/Admin/Indent/action.php
INFO: [ app_init ] --START--
INFO: Run Behavior\BuildLiteBehavior [ RunTime:0.000022s ]
INFO: [ app_init ] --END-- [ RunTime:0.000685s ]
INFO: [ app_begin ] --START--
INFO: Run Behavior\ReadHtmlCacheBehavior [ RunTime:0.003360s ]
INFO: [ app_begin ] --END-- [ RunTime:0.003509s ]
SQL: SHOW COLUMNS FROM `indent` [ RunTime:0.0255s ]
SQL: SELECT * FROM `indent` left JOIN information on information.inf_id = indent.inf_id left JOIN usertab on usertab.user_id=information.inf_user_id  WHERE ( ind_id=2 ) LIMIT 1   [ RunTime:0.0017s ]
INFO: [ app_end ] --START--
INFO: Run Behavior\ShowPageTraceBehavior [ RunTime:0.000968s ]
INFO: [ app_end ] --END-- [ RunTime:0.001037s ]

[ 2017-06-01T08:24:16+08:00 ] 127.0.0.1 /easygo/index.php/Admin/Indent/action.php
INFO: [ app_init ] --START--
INFO: Run Behavior\BuildLiteBehavior [ RunTime:0.000015s ]
INFO: [ app_init ] --END-- [ RunTime:0.000579s ]
INFO: [ app_begin ] --START--
INFO: Run Behavior\ReadHtmlCacheBehavior [ RunTime:0.000932s ]
INFO: [ app_begin ] --END-- [ RunTime:0.001050s ]
SQL: SHOW COLUMNS FROM `indent` [ RunTime:0.0606s ]
SQL: SELECT * FROM `indent` left JOIN information on information.inf_id = indent.inf_id left JOIN usertab on usertab.user_id=information.inf_user_id  WHERE ( ind_id=1 ) LIMIT 1   [ RunTime:0.0025s ]
INFO: [ app_end ] --START--
INFO: Run Behavior\ShowPageTraceBehavior [ RunTime:0.001357s ]
INFO: [ app_end ] --END-- [ RunTime:0.001485s ]

[ 2017-06-01T08:24:56+08:00 ] 127.0.0.1 /easygo/index.php/Admin/Indent/index
INFO: [ app_init ] --START--
INFO: Run Behavior\BuildLiteBehavior [ RunTime:0.000027s ]
INFO: [ app_init ] --END-- [ RunTime:0.000909s ]
INFO: [ app_begin ] --START--
INFO: Run Behavior\ReadHtmlCacheBehavior [ RunTime:0.000974s ]
INFO: [ app_begin ] --END-- [ RunTime:0.001078s ]
SQL: SHOW COLUMNS FROM `indent` [ RunTime:0.0309s ]
SQL: SELECT * FROM `indent` left JOIN information on information.inf_id = indent.inf_id left JOIN usertab on usertab.user_id=information.inf_user_id   [ RunTime:0.0018s ]
SQL: SELECT COUNT(*) AS tp_count FROM `indent` LIMIT 1   [ RunTime:0.0006s ]
SQL: SELECT * FROM `indent` left JOIN information on information.inf_id = indent.inf_id left JOIN usertab on usertab.user_id=information.inf_user_id  ORDER BY ind_id LIMIT 0,5   [ RunTime:0.0017s ]
INFO: [ view_parse ] --START--
INFO: [ template_filter ] --START--
INFO: Run Behavior\ContentReplaceBehavior [ RunTime:0.000122s ]
INFO: [ template_filter ] --END-- [ RunTime:0.000216s ]
SQL: SHOW COLUMNS FROM `usertab` [ RunTime:0.0109s ]
SQL: SELECT * FROM `usertab` WHERE ( user_id = 2 ) LIMIT 1   [ RunTime:0.0007s ]
SQL: SELECT * FROM `usertab` WHERE ( user_id = 3 ) LIMIT 1   [ RunTime:0.0006s ]
INFO: Run Behavior\ParseTemplateBehavior [ RunTime:0.026829s ]
INFO: [ view_parse ] --END-- [ RunTime:0.026920s ]
INFO: [ view_filter ] --START--
INFO: Run Behavior\WriteHtmlCacheBehavior [ RunTime:0.000701s ]
INFO: [ view_filter ] --END-- [ RunTime:0.000762s ]
INFO: [ app_end ] --START--
INFO: Run Behavior\ShowPageTraceBehavior [ RunTime:0.001088s ]
INFO: [ app_end ] --END-- [ RunTime:0.001178s ]

[ 2017-06-01T08:24:57+08:00 ] 127.0.0.1 /easygo/index.php/Admin/Indent/action.php
INFO: [ app_init ] --START--
INFO: Run Behavior\BuildLiteBehavior [ RunTime:0.000022s ]
INFO: [ app_init ] --END-- [ RunTime:0.000635s ]
INFO: [ app_begin ] --START--
INFO: Run Behavior\ReadHtmlCacheBehavior [ RunTime:0.001036s ]
INFO: [ app_begin ] --END-- [ RunTime:0.001148s ]
SQL: SHOW COLUMNS FROM `indent` [ RunTime:0.0231s ]
SQL: SELECT * FROM `indent` left JOIN information on information.inf_id = indent.inf_id left JOIN usertab on usertab.user_id=information.inf_user_id  WHERE ( ind_id=1 ) LIMIT 1   [ RunTime:0.0017s ]
INFO: [ app_end ] --START--
INFO: Run Behavior\ShowPageTraceBehavior [ RunTime:0.000984s ]
INFO: [ app_end ] --END-- [ RunTime:0.001059s ]

[ 2017-06-01T08:25:00+08:00 ] 127.0.0.1 /easygo/index.php/Admin/Indent/action.php
INFO: [ app_init ] --START--
INFO: Run Behavior\BuildLiteBehavior [ RunTime:0.000016s ]
INFO: [ app_init ] --END-- [ RunTime:0.000616s ]
INFO: [ app_begin ] --START--
INFO: Run Behavior\ReadHtmlCacheBehavior [ RunTime:0.000699s ]
INFO: [ app_begin ] --END-- [ RunTime:0.000760s ]
SQL: SHOW COLUMNS FROM `indent` [ RunTime:0.0182s ]
SQL: SELECT * FROM `indent` left JOIN information on information.inf_id = indent.inf_id left JOIN usertab on usertab.user_id=information.inf_user_id  WHERE ( ind_id=2 ) LIMIT 1   [ RunTime:0.0019s ]
INFO: [ app_end ] --START--
INFO: Run Behavior\ShowPageTraceBehavior [ RunTime:0.001006s ]
INFO: [ app_end ] --END-- [ RunTime:0.001079s ]

[ 2017-06-01T08:25:02+08:00 ] 127.0.0.1 /easygo/index.php/Admin/Indent/action.php
INFO: [ app_init ] --START--
INFO: Run Behavior\BuildLiteBehavior [ RunTime:0.000016s ]
INFO: [ app_init ] --END-- [ RunTime:0.000601s ]
INFO: [ app_begin ] --START--
INFO: Run Behavior\ReadHtmlCacheBehavior [ RunTime:0.000626s ]
INFO: [ app_begin ] --END-- [ RunTime:0.000683s ]
SQL: SHOW COLUMNS FROM `indent` [ RunTime:0.0274s ]
SQL: SELECT * FROM `indent` left JOIN information on information.inf_id = indent.inf_id left JOIN usertab on usertab.user_id=information.inf_user_id  WHERE ( ind_id=1 ) LIMIT 1   [ RunTime:0.0029s ]
INFO: [ app_end ] --START--
INFO: Run Behavior\ShowPageTraceBehavior [ RunTime:0.001778s ]
INFO: [ app_end ] --END-- [ RunTime:0.001899s ]

[ 2017-06-01T08:25:05+08:00 ] 127.0.0.1 /easygo/index.php/Admin/Indent/action.php
INFO: [ app_init ] --START--
INFO: Run Behavior\BuildLiteBehavior [ RunTime:0.000026s ]
INFO: [ app_init ] --END-- [ RunTime:0.000695s ]
INFO: [ app_begin ] --START--
INFO: Run Behavior\ReadHtmlCacheBehavior [ RunTime:0.000758s ]
INFO: [ app_begin ] --END-- [ RunTime:0.000857s ]
SQL: SHOW COLUMNS FROM `indent` [ RunTime:0.0291s ]
SQL: SELECT * FROM `indent` left JOIN information on information.inf_id = indent.inf_id left JOIN usertab on usertab.user_id=information.inf_user_id  WHERE ( ind_id=1 ) LIMIT 1   [ RunTime:0.0022s ]
INFO: [ app_end ] --START--
INFO: Run Behavior\ShowPageTraceBehavior [ RunTime:0.001026s ]
INFO: [ app_end ] --END-- [ RunTime:0.001109s ]

[ 2017-06-01T08:27:04+08:00 ] 127.0.0.1 /easygo/index.php/Admin/Indent/index
INFO: [ app_init ] --START--
INFO: Run Behavior\BuildLiteBehavior [ RunTime:0.000020s ]
INFO: [ app_init ] --END-- [ RunTime:0.000866s ]
INFO: [ app_begin ] --START--
INFO: Run Behavior\ReadHtmlCacheBehavior [ RunTime:0.000827s ]
INFO: [ app_begin ] --END-- [ RunTime:0.000899s ]
SQL: SHOW COLUMNS FROM `indent` [ RunTime:0.0265s ]
SQL: SELECT * FROM `indent` left JOIN information on information.inf_id = indent.inf_id left JOIN usertab on usertab.user_id=information.inf_user_id   [ RunTime:0.0028s ]
SQL: SELECT COUNT(*) AS tp_count FROM `indent` LIMIT 1   [ RunTime:0.0008s ]
SQL: SELECT * FROM `indent` left JOIN information on information.inf_id = indent.inf_id left JOIN usertab on usertab.user_id=information.inf_user_id  ORDER BY ind_id LIMIT 0,5   [ RunTime:0.0027s ]
INFO: [ view_parse ] --START--
INFO: [ template_filter ] --START--
INFO: Run Behavior\ContentReplaceBehavior [ RunTime:0.000324s ]
INFO: [ template_filter ] --END-- [ RunTime:0.000530s ]
SQL: SHOW COLUMNS FROM `usertab` [ RunTime:0.0203s ]
SQL: SELECT * FROM `usertab` WHERE ( user_id = 2 ) LIMIT 1   [ RunTime:0.0007s ]
SQL: SELECT * FROM `usertab` WHERE ( user_id = 3 ) LIMIT 1   [ RunTime:0.0008s ]
INFO: Run Behavior\ParseTemplateBehavior [ RunTime:0.045911s ]
INFO: [ view_parse ] --END-- [ RunTime:0.046042s ]
INFO: [ view_filter ] --START--
INFO: Run Behavior\WriteHtmlCacheBehavior [ RunTime:0.000662s ]
INFO: [ view_filter ] --END-- [ RunTime:0.000717s ]
INFO: [ app_end ] --START--
INFO: Run Behavior\ShowPageTraceBehavior [ RunTime:0.001279s ]
INFO: [ app_end ] --END-- [ RunTime:0.001386s ]

[ 2017-06-01T08:27:05+08:00 ] 127.0.0.1 /easygo/index.php/Admin/Indent/action.php
INFO: [ app_init ] --START--
INFO: Run Behavior\BuildLiteBehavior [ RunTime:0.000021s ]
INFO: [ app_init ] --END-- [ RunTime:0.000701s ]
INFO: [ app_begin ] --START--
INFO: Run Behavior\ReadHtmlCacheBehavior [ RunTime:0.001035s ]
INFO: [ app_begin ] --END-- [ RunTime:0.001149s ]
SQL: SHOW COLUMNS FROM `indent` [ RunTime:0.0172s ]
SQL: SELECT * FROM `indent` left JOIN information on information.inf_id = indent.inf_id left JOIN usertab on usertab.user_id=information.inf_user_id  WHERE ( ind_id=1 ) LIMIT 1   [ RunTime:0.0021s ]
INFO: [ app_end ] --START--
INFO: Run Behavior\ShowPageTraceBehavior [ RunTime:0.001116s ]
INFO: [ app_end ] --END-- [ RunTime:0.001217s ]

[ 2017-06-01T08:27:08+08:00 ] 127.0.0.1 /easygo/index.php/Admin/Indent/action.php
INFO: [ app_init ] --START--
INFO: Run Behavior\BuildLiteBehavior [ RunTime:0.000015s ]
INFO: [ app_init ] --END-- [ RunTime:0.000561s ]
INFO: [ app_begin ] --START--
INFO: Run Behavior\ReadHtmlCacheBehavior [ RunTime:0.000753s ]
INFO: [ app_begin ] --END-- [ RunTime:0.000814s ]
SQL: SHOW COLUMNS FROM `indent` [ RunTime:0.0116s ]
SQL: SELECT * FROM `indent` left JOIN information on information.inf_id = indent.inf_id left JOIN usertab on usertab.user_id=information.inf_user_id  WHERE ( ind_id=2 ) LIMIT 1   [ RunTime:0.0020s ]
INFO: [ app_end ] --START--
INFO: Run Behavior\ShowPageTraceBehavior [ RunTime:0.001125s ]
INFO: [ app_end ] --END-- [ RunTime:0.001209s ]

[ 2017-06-01T08:28:08+08:00 ] 127.0.0.1 /easygo/index.php/Admin/Indent/index
INFO: [ app_init ] --START--
INFO: Run Behavior\BuildLiteBehavior [ RunTime:0.000016s ]
INFO: [ app_init ] --END-- [ RunTime:0.000652s ]
INFO: [ app_begin ] --START--
INFO: Run Behavior\ReadHtmlCacheBehavior [ RunTime:0.000823s ]
INFO: [ app_begin ] --END-- [ RunTime:0.000889s ]
SQL: SHOW COLUMNS FROM `indent` [ RunTime:0.0206s ]
SQL: SELECT * FROM `indent` left JOIN information on information.inf_id = indent.inf_id left JOIN usertab on usertab.user_id=information.inf_user_id   [ RunTime:0.0018s ]
SQL: SELECT COUNT(*) AS tp_count FROM `indent` LIMIT 1   [ RunTime:0.0005s ]
SQL: SELECT * FROM `indent` left JOIN information on information.inf_id = indent.inf_id left JOIN usertab on usertab.user_id=information.inf_user_id  ORDER BY ind_id LIMIT 0,5   [ RunTime:0.0013s ]
INFO: [ view_parse ] --START--
INFO: [ template_filter ] --START--
INFO: Run Behavior\ContentReplaceBehavior [ RunTime:0.000089s ]
INFO: [ template_filter ] --END-- [ RunTime:0.000182s ]
SQL: SHOW COLUMNS FROM `usertab` [ RunTime:0.0106s ]
SQL: SELECT * FROM `usertab` WHERE ( user_id = 2 ) LIMIT 1   [ RunTime:0.0007s ]
SQL: SELECT * FROM `usertab` WHERE ( user_id = 3 ) LIMIT 1   [ RunTime:0.0006s ]
INFO: Run Behavior\ParseTemplateBehavior [ RunTime:0.026103s ]
INFO: [ view_parse ] --END-- [ RunTime:0.026185s ]
INFO: [ view_filter ] --START--
INFO: Run Behavior\WriteHtmlCacheBehavior [ RunTime:0.000740s ]
INFO: [ view_filter ] --END-- [ RunTime:0.000801s ]
INFO: [ app_end ] --START--
INFO: Run Behavior\ShowPageTraceBehavior [ RunTime:0.001271s ]
INFO: [ app_end ] --END-- [ RunTime:0.001470s ]

[ 2017-06-01T08:28:10+08:00 ] 127.0.0.1 /easygo/index.php/Admin/Indent/action.php
INFO: [ app_init ] --START--
INFO: Run Behavior\BuildLiteBehavior [ RunTime:0.000018s ]
INFO: [ app_init ] --END-- [ RunTime:0.000621s ]
INFO: [ app_begin ] --START--
INFO: Run Behavior\ReadHtmlCacheBehavior [ RunTime:0.001065s ]
INFO: [ app_begin ] --END-- [ RunTime:0.001193s ]
SQL: SHOW COLUMNS FROM `indent` [ RunTime:0.0163s ]
SQL: SELECT * FROM `indent` left JOIN information on information.inf_id = indent.inf_id left JOIN usertab on usertab.user_id=information.inf_user_id  WHERE ( ind_id=1 ) LIMIT 1   [ RunTime:0.0018s ]
INFO: [ app_end ] --START--
INFO: Run Behavior\ShowPageTraceBehavior [ RunTime:0.001061s ]
INFO: [ app_end ] --END-- [ RunTime:0.001146s ]

[ 2017-06-01T08:28:25+08:00 ] 127.0.0.1 /easygo/index.php/Admin/Indent/index
INFO: [ app_init ] --START--
INFO: Run Behavior\BuildLiteBehavior [ RunTime:0.000016s ]
INFO: [ app_init ] --END-- [ RunTime:0.000588s ]
INFO: [ app_begin ] --START--
INFO: Run Behavior\ReadHtmlCacheBehavior [ RunTime:0.000848s ]
INFO: [ app_begin ] --END-- [ RunTime:0.000923s ]
SQL: SHOW COLUMNS FROM `indent` [ RunTime:0.0274s ]
SQL: SELECT * FROM `indent` left JOIN information on information.inf_id = indent.inf_id left JOIN usertab on usertab.user_id=information.inf_user_id   [ RunTime:0.0030s ]
SQL: SELECT COUNT(*) AS tp_count FROM `indent` LIMIT 1   [ RunTime:0.0009s ]
SQL: SELECT * FROM `indent` left JOIN information on information.inf_id = indent.inf_id left JOIN usertab on usertab.user_id=information.inf_user_id  ORDER BY ind_id LIMIT 0,5   [ RunTime:0.0024s ]
INFO: [ view_parse ] --START--
INFO: [ template_filter ] --START--
INFO: Run Behavior\ContentReplaceBehavior [ RunTime:0.000127s ]
INFO: [ template_filter ] --END-- [ RunTime:0.000210s ]
SQL: SHOW COLUMNS FROM `usertab` [ RunTime:0.0116s ]
SQL: SELECT * FROM `usertab` WHERE ( user_id = 2 ) LIMIT 1   [ RunTime:0.0007s ]
SQL: SELECT * FROM `usertab` WHERE ( user_id = 3 ) LIMIT 1   [ RunTime:0.0007s ]
INFO: Run Behavior\ParseTemplateBehavior [ RunTime:0.028345s ]
INFO: [ view_parse ] --END-- [ RunTime:0.028469s ]
INFO: [ view_filter ] --START--
INFO: Run Behavior\WriteHtmlCacheBehavior [ RunTime:0.000665s ]
INFO: [ view_filter ] --END-- [ RunTime:0.000748s ]
INFO: [ app_end ] --START--
INFO: Run Behavior\ShowPageTraceBehavior [ RunTime:0.001029s ]
INFO: [ app_end ] --END-- [ RunTime:0.001150s ]

[ 2017-06-01T08:28:28+08:00 ] 127.0.0.1 /easygo/index.php/Admin/Indent/action.php
INFO: [ app_init ] --START--
INFO: Run Behavior\BuildLiteBehavior [ RunTime:0.000018s ]
INFO: [ app_init ] --END-- [ RunTime:0.000641s ]
INFO: [ app_begin ] --START--
INFO: Run Behavior\ReadHtmlCacheBehavior [ RunTime:0.000737s ]
INFO: [ app_begin ] --END-- [ RunTime:0.000847s ]
SQL: SHOW COLUMNS FROM `indent` [ RunTime:0.0281s ]
SQL: SELECT * FROM `indent` left JOIN information on information.inf_id = indent.inf_id left JOIN usertab on usertab.user_id=information.inf_user_id  WHERE ( ind_id=1 ) LIMIT 1   [ RunTime:0.0023s ]
INFO: [ app_end ] --START--
INFO: Run Behavior\ShowPageTraceBehavior [ RunTime:0.001221s ]
INFO: [ app_end ] --END-- [ RunTime:0.001319s ]

[ 2017-06-01T08:28:45+08:00 ] 127.0.0.1 /easygo/index.php/Admin/Indent/index
INFO: [ app_init ] --START--
INFO: Run Behavior\BuildLiteBehavior [ RunTime:0.000015s ]
INFO: [ app_init ] --END-- [ RunTime:0.000579s ]
INFO: [ app_begin ] --START--
INFO: Run Behavior\ReadHtmlCacheBehavior [ RunTime:0.000763s ]
INFO: [ app_begin ] --END-- [ RunTime:0.000838s ]
SQL: SHOW COLUMNS FROM `indent` [ RunTime:0.0299s ]
SQL: SELECT * FROM `indent` left JOIN information on information.inf_id = indent.inf_id left JOIN usertab on usertab.user_id=information.inf_user_id   [ RunTime:0.0026s ]
SQL: SELECT COUNT(*) AS tp_count FROM `indent` LIMIT 1   [ RunTime:0.0009s ]
SQL: SELECT * FROM `indent` left JOIN information on information.inf_id = indent.inf_id left JOIN usertab on usertab.user_id=information.inf_user_id  ORDER BY ind_id LIMIT 0,5   [ RunTime:0.0019s ]
INFO: [ view_parse ] --START--
INFO: [ template_filter ] --START--
INFO: Run Behavior\ContentReplaceBehavior [ RunTime:0.000215s ]
INFO: [ template_filter ] --END-- [ RunTime:0.000396s ]
SQL: SHOW COLUMNS FROM `usertab` [ RunTime:0.0107s ]
SQL: SELECT * FROM `usertab` WHERE ( user_id = 2 ) LIMIT 1   [ RunTime:0.0007s ]
SQL: SELECT * FROM `usertab` WHERE ( user_id = 3 ) LIMIT 1   [ RunTime:0.0007s ]
INFO: Run Behavior\ParseTemplateBehavior [ RunTime:0.033279s ]
INFO: [ view_parse ] --END-- [ RunTime:0.033378s ]
INFO: [ view_filter ] --START--
INFO: Run Behavior\WriteHtmlCacheBehavior [ RunTime:0.000558s ]
INFO: [ view_filter ] --END-- [ RunTime:0.000625s ]
INFO: [ app_end ] --START--
INFO: Run Behavior\ShowPageTraceBehavior [ RunTime:0.001342s ]
INFO: [ app_end ] --END-- [ RunTime:0.001478s ]

[ 2017-06-01T08:28:47+08:00 ] 127.0.0.1 /easygo/index.php/Admin/Indent/action.php
INFO: [ app_init ] --START--
INFO: Run Behavior\BuildLiteBehavior [ RunTime:0.000019s ]
INFO: [ app_init ] --END-- [ RunTime:0.000776s ]
INFO: [ app_begin ] --START--
INFO: Run Behavior\ReadHtmlCacheBehavior [ RunTime:0.001003s ]
INFO: [ app_begin ] --END-- [ RunTime:0.001107s ]
SQL: SHOW COLUMNS FROM `indent` [ RunTime:0.0142s ]
SQL: SELECT * FROM `indent` left JOIN information on information.inf_id = indent.inf_id left JOIN usertab on usertab.user_id=information.inf_user_id  WHERE ( ind_id=1 ) LIMIT 1   [ RunTime:0.0018s ]
INFO: [ app_end ] --START--
INFO: Run Behavior\ShowPageTraceBehavior [ RunTime:0.001063s ]
INFO: [ app_end ] --END-- [ RunTime:0.001150s ]

[ 2017-06-01T08:28:50+08:00 ] 127.0.0.1 /easygo/index.php/Admin/Indent/action.php
INFO: [ app_init ] --START--
INFO: Run Behavior\BuildLiteBehavior [ RunTime:0.000017s ]
INFO: [ app_init ] --END-- [ RunTime:0.000580s ]
INFO: [ app_begin ] --START--
INFO: Run Behavior\ReadHtmlCacheBehavior [ RunTime:0.000673s ]
INFO: [ app_begin ] --END-- [ RunTime:0.000731s ]
SQL: SHOW COLUMNS FROM `indent` [ RunTime:0.0490s ]
SQL: SELECT * FROM `indent` left JOIN information on information.inf_id = indent.inf_id left JOIN usertab on usertab.user_id=information.inf_user_id  WHERE ( ind_id=2 ) LIMIT 1   [ RunTime:0.0019s ]
INFO: [ app_end ] --START--
INFO: Run Behavior\ShowPageTraceBehavior [ RunTime:0.001127s ]
INFO: [ app_end ] --END-- [ RunTime:0.001211s ]

[ 2017-06-01T08:29:58+08:00 ] 127.0.0.1 /easygo/index.php/Admin/Indent/index
INFO: [ app_init ] --START--
INFO: Run Behavior\BuildLiteBehavior [ RunTime:0.000017s ]
INFO: [ app_init ] --END-- [ RunTime:0.000706s ]
INFO: [ app_begin ] --START--
INFO: Run Behavior\ReadHtmlCacheBehavior [ RunTime:0.001057s ]
INFO: [ app_begin ] --END-- [ RunTime:0.001165s ]
SQL: SHOW COLUMNS FROM `indent` [ RunTime:0.0190s ]
SQL: SELECT * FROM `indent` left JOIN information on information.inf_id = indent.inf_id left JOIN usertab on usertab.user_id=information.inf_user_id   [ RunTime:0.0029s ]
SQL: SELECT COUNT(*) AS tp_count FROM `indent` LIMIT 1   [ RunTime:0.0010s ]
SQL: SELECT * FROM `indent` left JOIN information on information.inf_id = indent.inf_id left JOIN usertab on usertab.user_id=information.inf_user_id  ORDER BY ind_id LIMIT 0,5   [ RunTime:0.0021s ]
INFO: [ view_parse ] --START--
INFO: [ template_filter ] --START--
INFO: Run Behavior\ContentReplaceBehavior [ RunTime:0.000192s ]
INFO: [ template_filter ] --END-- [ RunTime:0.000353s ]
SQL: SHOW COLUMNS FROM `usertab` [ RunTime:0.0193s ]
SQL: SELECT * FROM `usertab` WHERE ( user_id = 2 ) LIMIT 1   [ RunTime:0.0013s ]
SQL: SELECT * FROM `usertab` WHERE ( user_id = 3 ) LIMIT 1   [ RunTime:0.0015s ]
INFO: Run Behavior\ParseTemplateBehavior [ RunTime:0.049303s ]
INFO: [ view_parse ] --END-- [ RunTime:0.049482s ]
INFO: [ view_filter ] --START--
INFO: Run Behavior\WriteHtmlCacheBehavior [ RunTime:0.001127s ]
INFO: [ view_filter ] --END-- [ RunTime:0.001237s ]
INFO: [ app_end ] --START--
INFO: Run Behavior\ShowPageTraceBehavior [ RunTime:0.002159s ]
INFO: [ app_end ] --END-- [ RunTime:0.002343s ]

[ 2017-06-01T08:30:00+08:00 ] 127.0.0.1 /easygo/index.php/Admin/Indent/action.php
INFO: [ app_init ] --START--
INFO: Run Behavior\BuildLiteBehavior [ RunTime:0.000024s ]
INFO: [ app_init ] --END-- [ RunTime:0.000774s ]
INFO: [ app_begin ] --START--
INFO: Run Behavior\ReadHtmlCacheBehavior [ RunTime:0.001055s ]
INFO: [ app_begin ] --END-- [ RunTime:0.001166s ]
SQL: SHOW COLUMNS FROM `indent` [ RunTime:0.0189s ]
SQL: SELECT * FROM `indent` left JOIN information on information.inf_id = indent.inf_id left JOIN usertab on usertab.user_id=information.inf_user_id  WHERE ( ind_id=1 ) LIMIT 1   [ RunTime:0.0021s ]
INFO: [ app_end ] --START--
INFO: Run Behavior\ShowPageTraceBehavior [ RunTime:0.001032s ]
INFO: [ app_end ] --END-- [ RunTime:0.001169s ]

[ 2017-06-01T08:30:02+08:00 ] 127.0.0.1 /easygo/index.php/Admin/Indent/action.php
INFO: [ app_init ] --START--
INFO: Run Behavior\BuildLiteBehavior [ RunTime:0.000018s ]
INFO: [ app_init ] --END-- [ RunTime:0.000686s ]
INFO: [ app_begin ] --START--
INFO: Run Behavior\ReadHtmlCacheBehavior [ RunTime:0.000718s ]
INFO: [ app_begin ] --END-- [ RunTime:0.000794s ]
SQL: SHOW COLUMNS FROM `indent` [ RunTime:0.0168s ]
SQL: SELECT * FROM `indent` left JOIN information on information.inf_id = indent.inf_id left JOIN usertab on usertab.user_id=information.inf_user_id  WHERE ( ind_id=2 ) LIMIT 1   [ RunTime:0.0019s ]
INFO: [ app_end ] --START--
INFO: Run Behavior\ShowPageTraceBehavior [ RunTime:0.001059s ]
INFO: [ app_end ] --END-- [ RunTime:0.001141s ]

[ 2017-06-01T08:31:33+08:00 ] 127.0.0.1 /easygo/index.php/Admin/Indent/action.php
INFO: [ app_init ] --START--
INFO: Run Behavior\BuildLiteBehavior [ RunTime:0.000025s ]
INFO: [ app_init ] --END-- [ RunTime:0.001006s ]
INFO: [ app_begin ] --START--
INFO: Run Behavior\ReadHtmlCacheBehavior [ RunTime:0.001333s ]
INFO: [ app_begin ] --END-- [ RunTime:0.001453s ]
SQL: SHOW COLUMNS FROM `indent` [ RunTime:0.0303s ]
SQL: SELECT * FROM `indent` left JOIN information on information.inf_id = indent.inf_id left JOIN usertab on usertab.user_id=information.inf_user_id  WHERE ( ind_id=1 ) LIMIT 1   [ RunTime:0.0033s ]
INFO: [ app_end ] --START--
INFO: Run Behavior\ShowPageTraceBehavior [ RunTime:0.000941s ]
INFO: [ app_end ] --END-- [ RunTime:0.001012s ]

[ 2017-06-01T08:35:09+08:00 ] 127.0.0.1 /easygo/index.php/Admin/Cars/check
INFO: [ app_init ] --START--
INFO: Run Behavior\BuildLiteBehavior [ RunTime:0.000016s ]
INFO: [ app_init ] --END-- [ RunTime:0.000624s ]
INFO: [ app_begin ] --START--
INFO: Run Behavior\ReadHtmlCacheBehavior [ RunTime:0.000799s ]
INFO: [ app_begin ] --END-- [ RunTime:0.000863s ]
SQL: SHOW COLUMNS FROM `information` [ RunTime:0.0364s ]
SQL: SELECT COUNT(*) AS tp_count FROM `information` LIMIT 1   [ RunTime:0.0018s ]
SQL: SHOW COLUMNS FROM `usertab` [ RunTime:0.0120s ]
SQL: SELECT * FROM `usertab` INNER JOIN information on information.inf_user_id = usertab.user_id  ORDER BY inf_id LIMIT 0,5   [ RunTime:0.0079s ]
INFO: [ view_parse ] --START--
INFO: [ template_filter ] --START--
INFO: Run Behavior\ContentReplaceBehavior [ RunTime:0.000148s ]
INFO: [ template_filter ] --END-- [ RunTime:0.000265s ]
INFO: Run Behavior\ParseTemplateBehavior [ RunTime:0.013044s ]
INFO: [ view_parse ] --END-- [ RunTime:0.013128s ]
INFO: [ view_filter ] --START--
INFO: Run Behavior\WriteHtmlCacheBehavior [ RunTime:0.000549s ]
INFO: [ view_filter ] --END-- [ RunTime:0.000614s ]
INFO: [ app_end ] --START--
INFO: Run Behavior\ShowPageTraceBehavior [ RunTime:0.001183s ]
INFO: [ app_end ] --END-- [ RunTime:0.001305s ]

[ 2017-06-01T08:35:10+08:00 ] 127.0.0.1 /easygo/index.php/Admin/Cars/action.php
INFO: [ app_init ] --START--
INFO: Run Behavior\BuildLiteBehavior [ RunTime:0.000020s ]
INFO: [ app_init ] --END-- [ RunTime:0.000827s ]
INFO: [ app_begin ] --START--
INFO: Run Behavior\ReadHtmlCacheBehavior [ RunTime:0.000702s ]
INFO: [ app_begin ] --END-- [ RunTime:0.000790s ]
SQL: SHOW COLUMNS FROM `information` [ RunTime:0.0187s ]
SQL: SHOW COLUMNS FROM `usertab` [ RunTime:0.0099s ]
SQL: SELECT * FROM `usertab` INNER JOIN information on information.inf_user_id = usertab.user_id  WHERE ( inf_id=1 ) LIMIT 1   [ RunTime:0.0015s ]
INFO: [ app_end ] --START--
INFO: Run Behavior\ShowPageTraceBehavior [ RunTime:0.001307s ]
INFO: [ app_end ] --END-- [ RunTime:0.001407s ]

[ 2017-06-01T08:35:21+08:00 ] 127.0.0.1 /easygo/index.php/Admin/Cars/notPass/inf_id/1
INFO: [ app_init ] --START--
INFO: Run Behavior\BuildLiteBehavior [ RunTime:0.000015s ]
INFO: [ app_init ] --END-- [ RunTime:0.000638s ]
INFO: [ app_begin ] --START--
INFO: Run Behavior\ReadHtmlCacheBehavior [ RunTime:0.000794s ]
INFO: [ app_begin ] --END-- [ RunTime:0.000872s ]
SQL: SHOW COLUMNS FROM `information` [ RunTime:0.0672s ]
SQL: SELECT * FROM `information` WHERE `inf_id` = 1 LIMIT 1   [ RunTime:0.0040s ]
NOTIC: [2] Illegal offset type in isset or empty F:\Web\easygo\ThinkPHP\Library\Think\Model.class.php 第 445 行.
SQL: UPDATE `information` SET `inf_introduce`='无敌',`inf_carnumber`='冀D2A536',`inf_province`='河北',`inf_city`='邯郸',`inf_type`='劳斯莱斯幻影',`inf_displacement`='2.5T',`inf_register`='2017',`inf_gearbox`='手动挡',`inf_journey`='100',`inf_chair`='4',`inf_hourprice`='300.00',`inf_dayprice`='3000.00',`inf_weekprice`='20000.00',`inf_monthprice`=NULL,`inf_yearprice`=NULL,`inf_carphoto`=NULL,`inf_startdate`='2017-05-24 10:40:05',`inf_enddate`='2017-11-30 10:42:04',`inf_gps`='有',`inf_sound`='有',`inf_window`='有',`inf_dvd`='有',`inf_camera`='有',`inf_gasbag`='4',`inf_leather`='有',`inf_smoke`='禁止',`inf_state`='未通过',`inf_level`='顶级',`inf_color`='黑色',`inf_add`='是',`inf_specialdate`='2017-05-31',`inf_specialprice`='4000.00' WHERE `inf_id` = 1 AND `inf_user_id` = 1 [ RunTime:0.1014s ]

[ 2017-06-01T08:35:22+08:00 ] 127.0.0.1 /easygo/index.php/Admin/Cars/check
INFO: [ app_init ] --START--
INFO: Run Behavior\BuildLiteBehavior [ RunTime:0.000029s ]
INFO: [ app_init ] --END-- [ RunTime:0.000999s ]
INFO: [ app_begin ] --START--
INFO: Run Behavior\ReadHtmlCacheBehavior [ RunTime:0.002169s ]
INFO: [ app_begin ] --END-- [ RunTime:0.002304s ]
SQL: SHOW COLUMNS FROM `information` [ RunTime:0.0330s ]
SQL: SELECT COUNT(*) AS tp_count FROM `information` LIMIT 1   [ RunTime:0.0009s ]
SQL: SHOW COLUMNS FROM `usertab` [ RunTime:0.0180s ]
SQL: SELECT * FROM `usertab` INNER JOIN information on information.inf_user_id = usertab.user_id  ORDER BY inf_id LIMIT 0,5   [ RunTime:0.0103s ]
INFO: [ view_parse ] --START--
INFO: [ template_filter ] --START--
INFO: Run Behavior\ContentReplaceBehavior [ RunTime:0.000093s ]
INFO: [ template_filter ] --END-- [ RunTime:0.000156s ]
INFO: Run Behavior\ParseTemplateBehavior [ RunTime:0.011457s ]
INFO: [ view_parse ] --END-- [ RunTime:0.011552s ]
INFO: [ view_filter ] --START--
INFO: Run Behavior\WriteHtmlCacheBehavior [ RunTime:0.000564s ]
INFO: [ view_filter ] --END-- [ RunTime:0.000623s ]
INFO: [ app_end ] --START--
INFO: Run Behavior\ShowPageTraceBehavior [ RunTime:0.001255s ]
INFO: [ app_end ] --END-- [ RunTime:0.001357s ]

[ 2017-06-01T08:35:30+08:00 ] 127.0.0.1 /easygo/index.php/Admin/Cars/action.php
INFO: [ app_init ] --START--
INFO: Run Behavior\BuildLiteBehavior [ RunTime:0.000017s ]
INFO: [ app_init ] --END-- [ RunTime:0.000528s ]
INFO: [ app_begin ] --START--
INFO: Run Behavior\ReadHtmlCacheBehavior [ RunTime:0.000916s ]
INFO: [ app_begin ] --END-- [ RunTime:0.001014s ]
SQL: SHOW COLUMNS FROM `information` [ RunTime:0.0313s ]
SQL: SHOW COLUMNS FROM `usertab` [ RunTime:0.0108s ]
SQL: SELECT * FROM `usertab` INNER JOIN information on information.inf_user_id = usertab.user_id  WHERE ( inf_id=1 ) LIMIT 1   [ RunTime:0.0015s ]
INFO: [ app_end ] --START--
INFO: Run Behavior\ShowPageTraceBehavior [ RunTime:0.000996s ]
INFO: [ app_end ] --END-- [ RunTime:0.001071s ]

[ 2017-06-01T08:35:50+08:00 ] 127.0.0.1 /easygo/index.php/Admin/Cars/action.php
INFO: [ app_init ] --START--
INFO: Run Behavior\BuildLiteBehavior [ RunTime:0.000019s ]
INFO: [ app_init ] --END-- [ RunTime:0.000624s ]
INFO: [ app_begin ] --START--
INFO: Run Behavior\ReadHtmlCacheBehavior [ RunTime:0.000783s ]
INFO: [ app_begin ] --END-- [ RunTime:0.000880s ]
SQL: SHOW COLUMNS FROM `information` [ RunTime:0.0210s ]
SQL: SHOW COLUMNS FROM `usertab` [ RunTime:0.0158s ]
SQL: SELECT * FROM `usertab` INNER JOIN information on information.inf_user_id = usertab.user_id  WHERE ( inf_id=2 ) LIMIT 1   [ RunTime:0.0023s ]
INFO: [ app_end ] --START--
INFO: Run Behavior\ShowPageTraceBehavior [ RunTime:0.001390s ]
INFO: [ app_end ] --END-- [ RunTime:0.001498s ]

[ 2017-06-01T08:36:00+08:00 ] 127.0.0.1 /easygo/index.php/Admin/User/user
INFO: [ app_init ] --START--
INFO: Run Behavior\BuildLiteBehavior [ RunTime:0.000016s ]
INFO: [ app_init ] --END-- [ RunTime:0.000659s ]
INFO: [ app_begin ] --START--
INFO: Run Behavior\ReadHtmlCacheBehavior [ RunTime:0.000686s ]
INFO: [ app_begin ] --END-- [ RunTime:0.000750s ]
SQL: SHOW COLUMNS FROM `usertab` [ RunTime:0.0312s ]
SQL: SELECT COUNT(*) AS tp_count FROM `usertab` LIMIT 1   [ RunTime:0.0017s ]
SQL: SELECT * FROM `usertab` ORDER BY user_id LIMIT 0,5   [ RunTime:0.0009s ]
INFO: [ view_parse ] --START--
INFO: [ template_filter ] --START--
INFO: Run Behavior\ContentReplaceBehavior [ RunTime:0.000089s ]
INFO: [ template_filter ] --END-- [ RunTime:0.000170s ]
INFO: Run Behavior\ParseTemplateBehavior [ RunTime:0.011972s ]
INFO: [ view_parse ] --END-- [ RunTime:0.012069s ]
INFO: [ view_filter ] --START--
INFO: Run Behavior\WriteHtmlCacheBehavior [ RunTime:0.000544s ]
INFO: [ view_filter ] --END-- [ RunTime:0.000618s ]
INFO: [ app_end ] --START--
INFO: Run Behavior\ShowPageTraceBehavior [ RunTime:0.000947s ]
INFO: [ app_end ] --END-- [ RunTime:0.001029s ]

[ 2017-06-01T08:36:14+08:00 ] 127.0.0.1 /easygo/index.php/Admin/User/action.php
INFO: [ app_init ] --START--
INFO: Run Behavior\BuildLiteBehavior [ RunTime:0.000017s ]
INFO: [ app_init ] --END-- [ RunTime:0.000616s ]
INFO: [ app_begin ] --START--
INFO: Run Behavior\ReadHtmlCacheBehavior [ RunTime:0.000663s ]
INFO: [ app_begin ] --END-- [ RunTime:0.000726s ]
SQL: SHOW COLUMNS FROM `usertab` [ RunTime:0.0491s ]
SQL: SELECT * FROM `usertab` WHERE ( user_id=3 ) LIMIT 1   [ RunTime:0.0022s ]
INFO: [ app_end ] --START--
INFO: Run Behavior\ShowPageTraceBehavior [ RunTime:0.002263s ]
INFO: [ app_end ] --END-- [ RunTime:0.002412s ]

[ 2017-06-01T08:36:16+08:00 ] 127.0.0.1 /easygo/index.php/Admin/User/pass/user_id/3
INFO: [ app_init ] --START--
INFO: Run Behavior\BuildLiteBehavior [ RunTime:0.000017s ]
INFO: [ app_init ] --END-- [ RunTime:0.000621s ]
INFO: [ app_begin ] --START--
INFO: Run Behavior\ReadHtmlCacheBehavior [ RunTime:0.000761s ]
INFO: [ app_begin ] --END-- [ RunTime:0.000835s ]
SQL: SHOW COLUMNS FROM `usertab` [ RunTime:0.0306s ]
SQL: SELECT * FROM `usertab` WHERE `user_id` = 3 LIMIT 1   [ RunTime:0.0021s ]
SQL: UPDATE `usertab` SET `user_password`='123321',`user_vip`='黄金',`user_name`='张东杰',`user_sex`='男',`user_idnum`='132131212312',`user_telephone`='22222222222',`user_idphoto`=NULL,`user_state`='已实名',`user_discount1`='1',`user_discount2`='1',`user_discount3`='1',`user_cost`='3000.00' WHERE `user_id` = 3 [ RunTime:0.0583s ]

[ 2017-06-01T08:36:18+08:00 ] 127.0.0.1 /easygo/index.php/Admin/User/user
INFO: [ app_init ] --START--
INFO: Run Behavior\BuildLiteBehavior [ RunTime:0.000027s ]
INFO: [ app_init ] --END-- [ RunTime:0.000933s ]
INFO: [ app_begin ] --START--
INFO: Run Behavior\ReadHtmlCacheBehavior [ RunTime:0.001142s ]
INFO: [ app_begin ] --END-- [ RunTime:0.001254s ]
SQL: SHOW COLUMNS FROM `usertab` [ RunTime:0.2249s ]
SQL: SELECT COUNT(*) AS tp_count FROM `usertab` LIMIT 1   [ RunTime:0.0007s ]
SQL: SELECT * FROM `usertab` ORDER BY user_id LIMIT 0,5   [ RunTime:0.0008s ]
INFO: [ view_parse ] --START--
INFO: [ template_filter ] --START--
INFO: Run Behavior\ContentReplaceBehavior [ RunTime:0.000087s ]
INFO: [ template_filter ] --END-- [ RunTime:0.000150s ]
INFO: Run Behavior\ParseTemplateBehavior [ RunTime:0.011237s ]
INFO: [ view_parse ] --END-- [ RunTime:0.011353s ]
INFO: [ view_filter ] --START--
INFO: Run Behavior\WriteHtmlCacheBehavior [ RunTime:0.000699s ]
INFO: [ view_filter ] --END-- [ RunTime:0.000796s ]
INFO: [ app_end ] --START--
INFO: Run Behavior\ShowPageTraceBehavior [ RunTime:0.001119s ]
INFO: [ app_end ] --END-- [ RunTime:0.001241s ]

[ 2017-06-01T08:36:28+08:00 ] 127.0.0.1 /easygo/index.php/Admin/User/action.php
INFO: [ app_init ] --START--
INFO: Run Behavior\BuildLiteBehavior [ RunTime:0.000016s ]
INFO: [ app_init ] --END-- [ RunTime:0.000547s ]
INFO: [ app_begin ] --START--
INFO: Run Behavior\ReadHtmlCacheBehavior [ RunTime:0.000733s ]
INFO: [ app_begin ] --END-- [ RunTime:0.000793s ]
SQL: SHOW COLUMNS FROM `usertab` [ RunTime:0.0336s ]
SQL: SELECT * FROM `usertab` WHERE ( user_id=2 ) LIMIT 1   [ RunTime:0.0022s ]
INFO: [ app_end ] --START--
INFO: Run Behavior\ShowPageTraceBehavior [ RunTime:0.002273s ]
INFO: [ app_end ] --END-- [ RunTime:0.002494s ]

[ 2017-06-01T08:36:33+08:00 ] 127.0.0.1 /easygo/index.php/Admin/User/action.php
INFO: [ app_init ] --START--
INFO: Run Behavior\BuildLiteBehavior [ RunTime:0.000017s ]
INFO: [ app_init ] --END-- [ RunTime:0.000686s ]
INFO: [ app_begin ] --START--
INFO: Run Behavior\ReadHtmlCacheBehavior [ RunTime:0.001006s ]
INFO: [ app_begin ] --END-- [ RunTime:0.001105s ]
SQL: SHOW COLUMNS FROM `usertab` [ RunTime:0.0216s ]
SQL: SELECT * FROM `usertab` WHERE ( user_id=3 ) LIMIT 1   [ RunTime:0.0014s ]
INFO: [ app_end ] --START--
INFO: Run Behavior\ShowPageTraceBehavior [ RunTime:0.001456s ]
INFO: [ app_end ] --END-- [ RunTime:0.001579s ]

[ 2017-06-01T08:36:39+08:00 ] 127.0.0.1 /easygo/index.php/Admin/User/owner
INFO: [ app_init ] --START--
INFO: Run Behavior\BuildLiteBehavior [ RunTime:0.000016s ]
INFO: [ app_init ] --END-- [ RunTime:0.000600s ]
INFO: [ app_begin ] --START--
INFO: Run Behavior\ReadHtmlCacheBehavior [ RunTime:0.000678s ]
INFO: [ app_begin ] --END-- [ RunTime:0.000739s ]
SQL: SHOW COLUMNS FROM `usertab` [ RunTime:0.0252s ]
SQL: SHOW COLUMNS FROM `information` [ RunTime:0.0182s ]
SQL: SELECT DISTINCT  `user_id` FROM `information` INNER JOIN usertab on information.inf_user_id = usertab.user_id   [ RunTime:0.0009s ]
SQL: SELECT DISTINCT  `user_id` FROM `information` INNER JOIN usertab on information.inf_user_id = usertab.user_id   [ RunTime:0.0008s ]
INFO: [ view_parse ] --START--
INFO: [ template_filter ] --START--
INFO: Run Behavior\ContentReplaceBehavior [ RunTime:0.000084s ]
INFO: [ template_filter ] --END-- [ RunTime:0.000146s ]
SQL: SELECT * FROM `information` WHERE ( inf_user_id = 1 ) LIMIT 1   [ RunTime:0.0013s ]
SQL: SELECT * FROM `usertab` WHERE ( user_id = 1 ) LIMIT 1   [ RunTime:0.0008s ]
SQL: SELECT * FROM `information` WHERE ( inf_user_id = 1 )  [ RunTime:0.0010s ]
SQL: SELECT * FROM `information` WHERE ( inf_user_id = 3 ) LIMIT 1   [ RunTime:0.0010s ]
SQL: SELECT * FROM `usertab` WHERE ( user_id = 3 ) LIMIT 1   [ RunTime:0.0009s ]
SQL: SELECT * FROM `information` WHERE ( inf_user_id = 3 )  [ RunTime:0.0009s ]
INFO: Run Behavior\ParseTemplateBehavior [ RunTime:0.021064s ]
INFO: [ view_parse ] --END-- [ RunTime:0.021163s ]
INFO: [ view_filter ] --START--
INFO: Run Behavior\WriteHtmlCacheBehavior [ RunTime:0.000586s ]
INFO: [ view_filter ] --END-- [ RunTime:0.000667s ]
INFO: [ app_end ] --START--
INFO: Run Behavior\ShowPageTraceBehavior [ RunTime:0.001046s ]
INFO: [ app_end ] --END-- [ RunTime:0.001156s ]

[ 2017-06-01T08:38:25+08:00 ] 127.0.0.1 /easygo/index.php/Admin/User/owner
INFO: [ app_init ] --START--
INFO: Run Behavior\BuildLiteBehavior [ RunTime:0.000017s ]
INFO: [ app_init ] --END-- [ RunTime:0.000685s ]
INFO: [ app_begin ] --START--
INFO: Run Behavior\ReadHtmlCacheBehavior [ RunTime:0.000940s ]
INFO: [ app_begin ] --END-- [ RunTime:0.001019s ]
SQL: SHOW COLUMNS FROM `usertab` [ RunTime:0.0212s ]
SQL: SHOW COLUMNS FROM `information` [ RunTime:0.0192s ]
SQL: SELECT DISTINCT  `user_id` FROM `information` INNER JOIN usertab on information.inf_user_id = usertab.user_id   [ RunTime:0.0011s ]
SQL: SELECT DISTINCT  `user_id` FROM `information` INNER JOIN usertab on information.inf_user_id = usertab.user_id   [ RunTime:0.0008s ]
INFO: [ view_parse ] --START--
INFO: [ template_filter ] --START--
INFO: Run Behavior\ContentReplaceBehavior [ RunTime:0.000100s ]
INFO: [ template_filter ] --END-- [ RunTime:0.000176s ]
SQL: SELECT * FROM `usertab` WHERE ( user_id = 1 ) LIMIT 1   [ RunTime:0.0009s ]
SQL: SELECT * FROM `information` WHERE ( inf_user_id = 1 )  [ RunTime:0.0013s ]
SQL: SELECT * FROM `usertab` WHERE ( user_id = 3 ) LIMIT 1   [ RunTime:0.0010s ]
SQL: SELECT * FROM `information` WHERE ( inf_user_id = 3 )  [ RunTime:0.0012s ]
INFO: Run Behavior\ParseTemplateBehavior [ RunTime:0.018369s ]
INFO: [ view_parse ] --END-- [ RunTime:0.018438s ]
INFO: [ view_filter ] --START--
INFO: Run Behavior\WriteHtmlCacheBehavior [ RunTime:0.000701s ]
INFO: [ view_filter ] --END-- [ RunTime:0.000755s ]
INFO: [ app_end ] --START--
INFO: Run Behavior\ShowPageTraceBehavior [ RunTime:0.001053s ]
INFO: [ app_end ] --END-- [ RunTime:0.001168s ]

[ 2017-06-01T08:38:28+08:00 ] 127.0.0.1 /easygo/index.php/Admin/User/owner
INFO: [ app_init ] --START--
INFO: Run Behavior\BuildLiteBehavior [ RunTime:0.000018s ]
INFO: [ app_init ] --END-- [ RunTime:0.000661s ]
INFO: [ app_begin ] --START--
INFO: Run Behavior\ReadHtmlCacheBehavior [ RunTime:0.000780s ]
INFO: [ app_begin ] --END-- [ RunTime:0.000899s ]
SQL: SHOW COLUMNS FROM `usertab` [ RunTime:0.0271s ]
SQL: SHOW COLUMNS FROM `information` [ RunTime:0.0129s ]
SQL: SELECT DISTINCT  `user_id` FROM `information` INNER JOIN usertab on information.inf_user_id = usertab.user_id   [ RunTime:0.0009s ]
SQL: SELECT DISTINCT  `user_id` FROM `information` INNER JOIN usertab on information.inf_user_id = usertab.user_id   [ RunTime:0.0008s ]
INFO: [ view_parse ] --START--
INFO: [ template_filter ] --START--
INFO: Run Behavior\ContentReplaceBehavior [ RunTime:0.000089s ]
INFO: [ template_filter ] --END-- [ RunTime:0.000158s ]
SQL: SELECT * FROM `usertab` WHERE ( user_id = 1 ) LIMIT 1   [ RunTime:0.0009s ]
SQL: SELECT * FROM `information` WHERE ( inf_user_id = 1 )  [ RunTime:0.0014s ]
SQL: SELECT * FROM `usertab` WHERE ( user_id = 3 ) LIMIT 1   [ RunTime:0.0007s ]
SQL: SELECT * FROM `information` WHERE ( inf_user_id = 3 )  [ RunTime:0.0012s ]
INFO: Run Behavior\ParseTemplateBehavior [ RunTime:0.018604s ]
INFO: [ view_parse ] --END-- [ RunTime:0.018691s ]
INFO: [ view_filter ] --START--
INFO: Run Behavior\WriteHtmlCacheBehavior [ RunTime:0.000590s ]
INFO: [ view_filter ] --END-- [ RunTime:0.000660s ]
INFO: [ app_end ] --START--
INFO: Run Behavior\ShowPageTraceBehavior [ RunTime:0.001048s ]
INFO: [ app_end ] --END-- [ RunTime:0.001198s ]

[ 2017-06-01T08:38:42+08:00 ] 127.0.0.1 /easygo/index.php/Admin/User/owner
INFO: [ app_init ] --START--
INFO: Run Behavior\BuildLiteBehavior [ RunTime:0.000015s ]
INFO: [ app_init ] --END-- [ RunTime:0.000571s ]
INFO: [ app_begin ] --START--
INFO: Run Behavior\ReadHtmlCacheBehavior [ RunTime:0.000860s ]
INFO: [ app_begin ] --END-- [ RunTime:0.000933s ]
SQL: SHOW COLUMNS FROM `usertab` [ RunTime:0.0129s ]
SQL: SHOW COLUMNS FROM `information` [ RunTime:0.0104s ]
SQL: SELECT DISTINCT  `user_id` FROM `information` INNER JOIN usertab on information.inf_user_id = usertab.user_id   [ RunTime:0.0009s ]
SQL: SELECT DISTINCT  `user_id` FROM `information` INNER JOIN usertab on information.inf_user_id = usertab.user_id   [ RunTime:0.0009s ]
INFO: [ view_parse ] --START--
INFO: [ template_filter ] --START--
INFO: Run Behavior\ContentReplaceBehavior [ RunTime:0.000085s ]
INFO: [ template_filter ] --END-- [ RunTime:0.000170s ]
SQL: SELECT * FROM `usertab` WHERE ( user_id = 1 ) LIMIT 1   [ RunTime:0.0009s ]
SQL: SELECT * FROM `information` WHERE ( inf_user_id = 1 )  [ RunTime:0.0016s ]
SQL: SELECT * FROM `usertab` WHERE ( user_id = 3 ) LIMIT 1   [ RunTime:0.0007s ]
SQL: SELECT * FROM `information` WHERE ( inf_user_id = 3 )  [ RunTime:0.0010s ]
INFO: Run Behavior\ParseTemplateBehavior [ RunTime:0.017577s ]
INFO: [ view_parse ] --END-- [ RunTime:0.017670s ]
INFO: [ view_filter ] --START--
INFO: Run Behavior\WriteHtmlCacheBehavior [ RunTime:0.000736s ]
INFO: [ view_filter ] --END-- [ RunTime:0.000803s ]
INFO: [ app_end ] --START--
INFO: Run Behavior\ShowPageTraceBehavior [ RunTime:0.001153s ]
INFO: [ app_end ] --END-- [ RunTime:0.001263s ]

[ 2017-06-01T08:40:58+08:00 ] 127.0.0.1 /easygo/index.php/Admin/User/action1.php
INFO: [ app_init ] --START--
INFO: Run Behavior\BuildLiteBehavior [ RunTime:0.000027s ]
INFO: [ app_init ] --END-- [ RunTime:0.000642s ]
INFO: [ app_begin ] --START--
INFO: Run Behavior\ReadHtmlCacheBehavior [ RunTime:0.000786s ]
INFO: [ app_begin ] --END-- [ RunTime:0.000864s ]
SQL: SHOW COLUMNS FROM `information` [ RunTime:0.0336s ]
SQL: SELECT * FROM `information` WHERE ( inf_user_id=3 )  [ RunTime:0.0035s ]
INFO: [ app_end ] --START--
INFO: Run Behavior\ShowPageTraceBehavior [ RunTime:0.001579s ]
INFO: [ app_end ] --END-- [ RunTime:0.001660s ]

[ 2017-06-01T09:32:54+08:00 ] 127.0.0.1 /easygo/index.php/Admin/Indent/index
INFO: [ app_init ] --START--
INFO: Run Behavior\BuildLiteBehavior [ RunTime:0.000034s ]
INFO: [ app_init ] --END-- [ RunTime:0.000835s ]
INFO: [ app_begin ] --START--
INFO: Run Behavior\ReadHtmlCacheBehavior [ RunTime:0.000829s ]
INFO: [ app_begin ] --END-- [ RunTime:0.000896s ]
SQL: SHOW COLUMNS FROM `indent` [ RunTime:0.0374s ]
SQL: SELECT * FROM `indent` left JOIN information on information.inf_id = indent.inf_id left JOIN usertab on usertab.user_id=information.inf_user_id   [ RunTime:0.0067s ]
SQL: SELECT COUNT(*) AS tp_count FROM `indent` LIMIT 1   [ RunTime:0.0009s ]
SQL: SELECT * FROM `indent` left JOIN information on information.inf_id = indent.inf_id left JOIN usertab on usertab.user_id=information.inf_user_id  ORDER BY ind_id LIMIT 0,5   [ RunTime:0.0018s ]
INFO: [ view_parse ] --START--
INFO: [ template_filter ] --START--
INFO: Run Behavior\ContentReplaceBehavior [ RunTime:0.000221s ]
INFO: [ template_filter ] --END-- [ RunTime:0.000358s ]
SQL: SHOW COLUMNS FROM `usertab` [ RunTime:0.0114s ]
SQL: SELECT * FROM `usertab` WHERE ( user_id = 2 ) LIMIT 1   [ RunTime:0.0008s ]
SQL: SELECT * FROM `usertab` WHERE ( user_id = 3 ) LIMIT 1   [ RunTime:0.0007s ]
INFO: Run Behavior\ParseTemplateBehavior [ RunTime:0.037052s ]
INFO: [ view_parse ] --END-- [ RunTime:0.037150s ]
INFO: [ view_filter ] --START--
INFO: Run Behavior\WriteHtmlCacheBehavior [ RunTime:0.000729s ]
INFO: [ view_filter ] --END-- [ RunTime:0.000792s ]
INFO: [ app_end ] --START--
INFO: Run Behavior\ShowPageTraceBehavior [ RunTime:0.001187s ]
INFO: [ app_end ] --END-- [ RunTime:0.001302s ]

[ 2017-06-01T14:53:24+08:00 ] 127.0.0.1 /easygo/index.php/Admin/Indent/index
INFO: [ app_init ] --START--
INFO: Run Behavior\BuildLiteBehavior [ RunTime:0.000015s ]
INFO: [ app_init ] --END-- [ RunTime:0.000399s ]
INFO: [ app_begin ] --START--
INFO: Run Behavior\ReadHtmlCacheBehavior [ RunTime:0.000527s ]
INFO: [ app_begin ] --END-- [ RunTime:0.000587s ]

[ 2017-06-01T14:53:24+08:00 ] 127.0.0.1 /easygo/index.php/Admin/Admin/login
INFO: [ app_init ] --START--
INFO: Run Behavior\BuildLiteBehavior [ RunTime:0.000024s ]
INFO: [ app_init ] --END-- [ RunTime:0.000569s ]
INFO: [ app_begin ] --START--
INFO: Run Behavior\ReadHtmlCacheBehavior [ RunTime:0.000529s ]
INFO: [ app_begin ] --END-- [ RunTime:0.000589s ]
NOTIC: [8] A session had already been started - ignoring session_start() F:\Web\easygo\Application\Admin\Controller\AdminController.class.php 第 4 行.
INFO: [ view_parse ] --START--
INFO: [ template_filter ] --START--
INFO: Run Behavior\ContentReplaceBehavior [ RunTime:0.000046s ]
INFO: [ template_filter ] --END-- [ RunTime:0.000114s ]
INFO: Run Behavior\ParseTemplateBehavior [ RunTime:0.017202s ]
INFO: [ view_parse ] --END-- [ RunTime:0.017279s ]
INFO: [ view_filter ] --START--
INFO: Run Behavior\WriteHtmlCacheBehavior [ RunTime:0.000403s ]
INFO: [ view_filter ] --END-- [ RunTime:0.000450s ]
INFO: [ app_end ] --START--
INFO: Run Behavior\ShowPageTraceBehavior [ RunTime:0.000644s ]
INFO: [ app_end ] --END-- [ RunTime:0.000694s ]

[ 2017-06-01T14:53:33+08:00 ] 127.0.0.1 /easygo/index.php/Admin/Admin/login
INFO: [ app_init ] --START--
INFO: Run Behavior\BuildLiteBehavior [ RunTime:0.000016s ]
INFO: [ app_init ] --END-- [ RunTime:0.000464s ]
INFO: [ app_begin ] --START--
INFO: Run Behavior\ReadHtmlCacheBehavior [ RunTime:0.000724s ]
INFO: [ app_begin ] --END-- [ RunTime:0.000812s ]
NOTIC: [8] A session had already been started - ignoring session_start() F:\Web\easygo\Application\Admin\Controller\AdminController.class.php 第 4 行.
SQL: SHOW COLUMNS FROM `administrator` [ RunTime:0.0275s ]
SQL: SELECT * FROM `administrator` WHERE `adm_username` = 'admin' AND `adm_password` = 'admin' LIMIT 1   [ RunTime:0.0016s ]
SQL: SELECT COUNT(*) AS tp_count FROM `administrator` WHERE `adm_username` = 'admin' AND `adm_password` = 'admin' LIMIT 1   [ RunTime:0.0008s ]

[ 2017-06-01T14:53:34+08:00 ] 127.0.0.1 /easygo/index.php/Admin/Admin/index
INFO: [ app_init ] --START--
INFO: Run Behavior\BuildLiteBehavior [ RunTime:0.000014s ]
INFO: [ app_init ] --END-- [ RunTime:0.000420s ]
INFO: [ app_begin ] --START--
INFO: Run Behavior\ReadHtmlCacheBehavior [ RunTime:0.000549s ]
INFO: [ app_begin ] --END-- [ RunTime:0.000609s ]
NOTIC: [8] A session had already been started - ignoring session_start() F:\Web\easygo\Application\Admin\Controller\AdminController.class.php 第 4 行.
SQL: SHOW COLUMNS FROM `administrator` [ RunTime:0.0240s ]
SQL: SELECT COUNT(*) AS tp_count FROM `administrator` LIMIT 1   [ RunTime:0.0013s ]
SQL: SELECT * FROM `administrator` ORDER BY adm_id LIMIT 0,5   [ RunTime:0.0011s ]
INFO: [ view_parse ] --START--
INFO: [ template_filter ] --START--
INFO: Run Behavior\ContentReplaceBehavior [ RunTime:0.000142s ]
INFO: [ template_filter ] --END-- [ RunTime:0.000255s ]
INFO: Run Behavior\ParseTemplateBehavior [ RunTime:0.047344s ]
INFO: [ view_parse ] --END-- [ RunTime:0.047464s ]
INFO: [ view_filter ] --START--
INFO: Run Behavior\WriteHtmlCacheBehavior [ RunTime:0.000731s ]
INFO: [ view_filter ] --END-- [ RunTime:0.000821s ]
INFO: [ app_end ] --START--
INFO: Run Behavior\ShowPageTraceBehavior [ RunTime:0.001746s ]
INFO: [ app_end ] --END-- [ RunTime:0.001951s ]

[ 2017-06-01T14:53:37+08:00 ] 127.0.0.1 /easygo/index.php/Admin/Indent/index
INFO: [ app_init ] --START--
INFO: Run Behavior\BuildLiteBehavior [ RunTime:0.000019s ]
INFO: [ app_init ] --END-- [ RunTime:0.000595s ]
INFO: [ app_begin ] --START--
INFO: Run Behavior\ReadHtmlCacheBehavior [ RunTime:0.000645s ]
INFO: [ app_begin ] --END-- [ RunTime:0.000715s ]
SQL: SHOW COLUMNS FROM `indent` [ RunTime:0.0170s ]
SQL: SELECT * FROM `indent` left JOIN information on information.inf_id = indent.inf_id left JOIN usertab on usertab.user_id=information.inf_user_id   [ RunTime:0.0023s ]
SQL: SELECT COUNT(*) AS tp_count FROM `indent` LIMIT 1   [ RunTime:0.0005s ]
SQL: SELECT * FROM `indent` left JOIN information on information.inf_id = indent.inf_id left JOIN usertab on usertab.user_id=information.inf_user_id  ORDER BY ind_id LIMIT 0,5   [ RunTime:0.0013s ]
INFO: [ view_parse ] --START--
INFO: [ template_filter ] --START--
INFO: Run Behavior\ContentReplaceBehavior [ RunTime:0.000146s ]
INFO: [ template_filter ] --END-- [ RunTime:0.000274s ]
SQL: SHOW COLUMNS FROM `usertab` [ RunTime:0.0086s ]
SQL: SELECT * FROM `usertab` WHERE ( user_id = 2 ) LIMIT 1   [ RunTime:0.0007s ]
SQL: SELECT * FROM `usertab` WHERE ( user_id = 3 ) LIMIT 1   [ RunTime:0.0007s ]
INFO: Run Behavior\ParseTemplateBehavior [ RunTime:0.023493s ]
INFO: [ view_parse ] --END-- [ RunTime:0.023583s ]
INFO: [ view_filter ] --START--
INFO: Run Behavior\WriteHtmlCacheBehavior [ RunTime:0.000578s ]
INFO: [ view_filter ] --END-- [ RunTime:0.000637s ]
INFO: [ app_end ] --START--
INFO: Run Behavior\ShowPageTraceBehavior [ RunTime:0.001491s ]
INFO: [ app_end ] --END-- [ RunTime:0.001635s ]

[ 2017-06-01T14:53:43+08:00 ] 127.0.0.1 /easygo/index.php/Admin/Cars/check
INFO: [ app_init ] --START--
INFO: Run Behavior\BuildLiteBehavior [ RunTime:0.000015s ]
INFO: [ app_init ] --END-- [ RunTime:0.000449s ]
INFO: [ app_begin ] --START--
INFO: Run Behavior\ReadHtmlCacheBehavior [ RunTime:0.000565s ]
INFO: [ app_begin ] --END-- [ RunTime:0.000641s ]
SQL: SHOW COLUMNS FROM `information` [ RunTime:0.0289s ]
SQL: SELECT COUNT(*) AS tp_count FROM `information` LIMIT 1   [ RunTime:0.0008s ]
SQL: SHOW COLUMNS FROM `usertab` [ RunTime:0.0106s ]
SQL: SELECT * FROM `usertab` INNER JOIN information on information.inf_user_id = usertab.user_id  ORDER BY inf_id LIMIT 0,5   [ RunTime:0.0062s ]
INFO: [ view_parse ] --START--
INFO: [ template_filter ] --START--
INFO: Run Behavior\ContentReplaceBehavior [ RunTime:0.000108s ]
INFO: [ template_filter ] --END-- [ RunTime:0.000194s ]
INFO: Run Behavior\ParseTemplateBehavior [ RunTime:0.032573s ]
INFO: [ view_parse ] --END-- [ RunTime:0.032669s ]
INFO: [ view_filter ] --START--
INFO: Run Behavior\WriteHtmlCacheBehavior [ RunTime:0.000337s ]
INFO: [ view_filter ] --END-- [ RunTime:0.000393s ]
INFO: [ app_end ] --START--
INFO: Run Behavior\ShowPageTraceBehavior [ RunTime:0.001029s ]
INFO: [ app_end ] --END-- [ RunTime:0.001138s ]

[ 2017-06-01T14:53:46+08:00 ] 127.0.0.1 /easygo/index.php/Admin/Cars/special
INFO: [ app_init ] --START--
INFO: Run Behavior\BuildLiteBehavior [ RunTime:0.000014s ]
INFO: [ app_init ] --END-- [ RunTime:0.000397s ]
INFO: [ app_begin ] --START--
INFO: Run Behavior\ReadHtmlCacheBehavior [ RunTime:0.000537s ]
INFO: [ app_begin ] --END-- [ RunTime:0.000609s ]
SQL: SHOW COLUMNS FROM `information` [ RunTime:0.0169s ]
SQL: SELECT COUNT(*) AS tp_count FROM `information` WHERE ( inf_add='是' ) LIMIT 1   [ RunTime:0.0010s ]
SQL: SHOW COLUMNS FROM `usertab` [ RunTime:0.0424s ]
SQL: SELECT * FROM `usertab` INNER JOIN information on information.inf_user_id = usertab.user_id  WHERE ( inf_add='是' )  [ RunTime:0.0025s ]
INFO: [ view_parse ] --START--
INFO: [ template_filter ] --START--
INFO: Run Behavior\ContentReplaceBehavior [ RunTime:0.000086s ]
INFO: [ template_filter ] --END-- [ RunTime:0.000160s ]
INFO: Run Behavior\ParseTemplateBehavior [ RunTime:0.038838s ]
INFO: [ view_parse ] --END-- [ RunTime:0.038944s ]
INFO: [ view_filter ] --START--
INFO: Run Behavior\WriteHtmlCacheBehavior [ RunTime:0.000386s ]
INFO: [ view_filter ] --END-- [ RunTime:0.000445s ]
INFO: [ app_end ] --START--
INFO: Run Behavior\ShowPageTraceBehavior [ RunTime:0.000967s ]
INFO: [ app_end ] --END-- [ RunTime:0.001063s ]

[ 2017-06-01T14:53:48+08:00 ] 127.0.0.1 /easygo/index.php/Admin/Cars/add
INFO: [ app_init ] --START--
INFO: Run Behavior\BuildLiteBehavior [ RunTime:0.000018s ]
INFO: [ app_init ] --END-- [ RunTime:0.000473s ]
INFO: [ app_begin ] --START--
INFO: Run Behavior\ReadHtmlCacheBehavior [ RunTime:0.001098s ]
INFO: [ app_begin ] --END-- [ RunTime:0.001237s ]
SQL: SHOW COLUMNS FROM `information` [ RunTime:0.0205s ]
SQL: SHOW COLUMNS FROM `usertab` [ RunTime:0.0084s ]
SQL: SELECT * FROM `usertab` INNER JOIN information on information.inf_user_id = usertab.user_id  WHERE `inf_add` = '否' AND `inf_state` = '已通过'  [ RunTime:0.0014s ]
INFO: [ view_parse ] --START--
INFO: [ template_filter ] --START--
INFO: Run Behavior\ContentReplaceBehavior [ RunTime:0.000297s ]
INFO: [ template_filter ] --END-- [ RunTime:0.000487s ]
NOTIC: [8] Undefined variable: page F:\Web\easygo\Application\Runtime\Cache\Admin\0d3972cda5fa9e373a88b75add13e42f.php 第 137 行.
INFO: Run Behavior\ParseTemplateBehavior [ RunTime:0.146240s ]
INFO: [ view_parse ] --END-- [ RunTime:0.146440s ]
INFO: [ view_filter ] --START--
INFO: Run Behavior\WriteHtmlCacheBehavior [ RunTime:0.001147s ]
INFO: [ view_filter ] --END-- [ RunTime:0.001337s ]
INFO: [ app_end ] --START--
INFO: Run Behavior\ShowPageTraceBehavior [ RunTime:0.003831s ]
INFO: [ app_end ] --END-- [ RunTime:0.004168s ]

[ 2017-06-01T14:53:53+08:00 ] 127.0.0.1 /easygo/index.php/Admin/Cars/action.php
INFO: [ app_init ] --START--
INFO: Run Behavior\BuildLiteBehavior [ RunTime:0.000019s ]
INFO: [ app_init ] --END-- [ RunTime:0.000507s ]
INFO: [ app_begin ] --START--
INFO: Run Behavior\ReadHtmlCacheBehavior [ RunTime:0.000910s ]
INFO: [ app_begin ] --END-- [ RunTime:0.001005s ]
SQL: SHOW COLUMNS FROM `information` [ RunTime:0.0170s ]
SQL: SHOW COLUMNS FROM `usertab` [ RunTime:0.0083s ]
SQL: SELECT * FROM `usertab` INNER JOIN information on information.inf_user_id = usertab.user_id  WHERE ( inf_id=2 ) LIMIT 1   [ RunTime:0.0018s ]
INFO: [ app_end ] --START--
INFO: Run Behavior\ShowPageTraceBehavior [ RunTime:0.001031s ]
INFO: [ app_end ] --END-- [ RunTime:0.001120s ]

[ 2017-06-01T14:54:02+08:00 ] 127.0.0.1 /easygo/index.php/Admin/Cars/add
INFO: [ app_init ] --START--
INFO: Run Behavior\BuildLiteBehavior [ RunTime:0.000021s ]
INFO: [ app_init ] --END-- [ RunTime:0.000653s ]
INFO: [ app_begin ] --START--
INFO: Run Behavior\ReadHtmlCacheBehavior [ RunTime:0.000795s ]
INFO: [ app_begin ] --END-- [ RunTime:0.000872s ]
SQL: SHOW COLUMNS FROM `information` [ RunTime:0.0273s ]
SQL: SHOW COLUMNS FROM `usertab` [ RunTime:0.0219s ]
SQL: SELECT * FROM `usertab` INNER JOIN information on information.inf_user_id = usertab.user_id  WHERE `inf_add` = '否' AND `inf_state` = '已通过'  [ RunTime:0.0017s ]
INFO: [ view_parse ] --START--
INFO: [ template_filter ] --START--
INFO: Run Behavior\ContentReplaceBehavior [ RunTime:0.000093s ]
INFO: [ template_filter ] --END-- [ RunTime:0.000154s ]
NOTIC: [8] Undefined variable: page F:\Web\easygo\Application\Runtime\Cache\Admin\0d3972cda5fa9e373a88b75add13e42f.php 第 137 行.
INFO: Run Behavior\ParseTemplateBehavior [ RunTime:0.010862s ]
INFO: [ view_parse ] --END-- [ RunTime:0.011118s ]
INFO: [ view_filter ] --START--
INFO: Run Behavior\WriteHtmlCacheBehavior [ RunTime:0.000649s ]
INFO: [ view_filter ] --END-- [ RunTime:0.000746s ]
INFO: [ app_end ] --START--
INFO: Run Behavior\ShowPageTraceBehavior [ RunTime:0.000912s ]
INFO: [ app_end ] --END-- [ RunTime:0.001040s ]

[ 2017-06-01T14:54:10+08:00 ] 127.0.0.1 /easygo/index.php/Admin/Cars/action.php
INFO: [ app_init ] --START--
INFO: Run Behavior\BuildLiteBehavior [ RunTime:0.000027s ]
INFO: [ app_init ] --END-- [ RunTime:0.000738s ]
INFO: [ app_begin ] --START--
INFO: Run Behavior\ReadHtmlCacheBehavior [ RunTime:0.000898s ]
INFO: [ app_begin ] --END-- [ RunTime:0.001009s ]
SQL: SHOW COLUMNS FROM `information` [ RunTime:0.0169s ]
SQL: SHOW COLUMNS FROM `usertab` [ RunTime:0.0117s ]
SQL: SELECT * FROM `usertab` INNER JOIN information on information.inf_user_id = usertab.user_id  WHERE ( inf_id=2 ) LIMIT 1   [ RunTime:0.0019s ]
INFO: [ app_end ] --START--
INFO: Run Behavior\ShowPageTraceBehavior [ RunTime:0.000706s ]
INFO: [ app_end ] --END-- [ RunTime:0.000769s ]

[ 2017-06-01T14:54:24+08:00 ] 127.0.0.1 /easygo/index.php/Admin/Cars/action.php
INFO: [ app_init ] --START--
INFO: Run Behavior\BuildLiteBehavior [ RunTime:0.000019s ]
INFO: [ app_init ] --END-- [ RunTime:0.000611s ]
INFO: [ app_begin ] --START--
INFO: Run Behavior\ReadHtmlCacheBehavior [ RunTime:0.000764s ]
INFO: [ app_begin ] --END-- [ RunTime:0.000849s ]
SQL: SHOW COLUMNS FROM `information` [ RunTime:0.0206s ]
SQL: SHOW COLUMNS FROM `usertab` [ RunTime:0.0133s ]
SQL: SELECT * FROM `usertab` INNER JOIN information on information.inf_user_id = usertab.user_id  WHERE ( inf_id=1 ) LIMIT 1   [ RunTime:0.0024s ]
INFO: [ app_end ] --START--
INFO: Run Behavior\ShowPageTraceBehavior [ RunTime:0.001412s ]
INFO: [ app_end ] --END-- [ RunTime:0.001526s ]

[ 2017-06-01T14:54:33+08:00 ] 127.0.0.1 /easygo/index.php/Admin/Cars/add
INFO: [ app_init ] --START--
INFO: Run Behavior\BuildLiteBehavior [ RunTime:0.000014s ]
INFO: [ app_init ] --END-- [ RunTime:0.000427s ]
INFO: [ app_begin ] --START--
INFO: Run Behavior\ReadHtmlCacheBehavior [ RunTime:0.000764s ]
INFO: [ app_begin ] --END-- [ RunTime:0.000848s ]
SQL: SHOW COLUMNS FROM `information` [ RunTime:0.0278s ]
SQL: SHOW COLUMNS FROM `usertab` [ RunTime:0.0187s ]
SQL: SELECT * FROM `usertab` INNER JOIN information on information.inf_user_id = usertab.user_id  WHERE `inf_add` = '否' AND `inf_state` = '已通过'  [ RunTime:0.0023s ]
INFO: [ view_parse ] --START--
INFO: [ template_filter ] --START--
INFO: Run Behavior\ContentReplaceBehavior [ RunTime:0.000102s ]
INFO: [ template_filter ] --END-- [ RunTime:0.000175s ]
NOTIC: [8] Undefined variable: page F:\Web\easygo\Application\Runtime\Cache\Admin\0d3972cda5fa9e373a88b75add13e42f.php 第 137 行.
INFO: Run Behavior\ParseTemplateBehavior [ RunTime:0.014056s ]
INFO: [ view_parse ] --END-- [ RunTime:0.014200s ]
INFO: [ view_filter ] --START--
INFO: Run Behavior\WriteHtmlCacheBehavior [ RunTime:0.000497s ]
INFO: [ view_filter ] --END-- [ RunTime:0.000586s ]
INFO: [ app_end ] --START--
INFO: Run Behavior\ShowPageTraceBehavior [ RunTime:0.001092s ]
INFO: [ app_end ] --END-- [ RunTime:0.001220s ]

[ 2017-06-01T14:54:51+08:00 ] 127.0.0.1 /easygo/index.php/Admin/Cars/action.php
INFO: [ app_init ] --START--
INFO: Run Behavior\BuildLiteBehavior [ RunTime:0.000022s ]
INFO: [ app_init ] --END-- [ RunTime:0.000720s ]
INFO: [ app_begin ] --START--
INFO: Run Behavior\ReadHtmlCacheBehavior [ RunTime:0.000779s ]
INFO: [ app_begin ] --END-- [ RunTime:0.000888s ]
SQL: SHOW COLUMNS FROM `information` [ RunTime:0.0155s ]
SQL: SHOW COLUMNS FROM `usertab` [ RunTime:0.0142s ]
SQL: SELECT * FROM `usertab` INNER JOIN information on information.inf_user_id = usertab.user_id  WHERE ( inf_id=3 ) LIMIT 1   [ RunTime:0.0018s ]
INFO: [ app_end ] --START--
INFO: Run Behavior\ShowPageTraceBehavior [ RunTime:0.000911s ]
INFO: [ app_end ] --END-- [ RunTime:0.000985s ]

