[ 2017-06-07T10:23:49+08:00 ] 127.0.0.1 /easygo/index.php/Admin/Indent/index
INFO: [ app_init ] --START--
INFO: Run Behavior\BuildLiteBehavior [ RunTime:0.000015s ]
INFO: [ app_init ] --END-- [ RunTime:0.000595s ]
INFO: [ app_begin ] --START--
INFO: Run Behavior\ReadHtmlCacheBehavior [ RunTime:0.000843s ]
INFO: [ app_begin ] --END-- [ RunTime:0.000910s ]

[ 2017-06-07T10:23:49+08:00 ] 127.0.0.1 /easygo/index.php/Admin/Admin/login
INFO: [ app_init ] --START--
INFO: Run Behavior\BuildLiteBehavior [ RunTime:0.000015s ]
INFO: [ app_init ] --END-- [ RunTime:0.000591s ]
INFO: [ app_begin ] --START--
INFO: Run Behavior\ReadHtmlCacheBehavior [ RunTime:0.000752s ]
INFO: [ app_begin ] --END-- [ RunTime:0.000832s ]
NOTIC: [8] A session had already been started - ignoring session_start() F:\Web\easygo\Application\Admin\Controller\AdminController.class.php 第 4 行.
INFO: [ view_parse ] --START--
INFO: [ template_filter ] --START--
INFO: Run Behavior\ContentReplaceBehavior [ RunTime:0.000047s ]
INFO: [ template_filter ] --END-- [ RunTime:0.000113s ]
INFO: Run Behavior\ParseTemplateBehavior [ RunTime:0.017678s ]
INFO: [ view_parse ] --END-- [ RunTime:0.017761s ]
INFO: [ view_filter ] --START--
INFO: Run Behavior\WriteHtmlCacheBehavior [ RunTime:0.000629s ]
INFO: [ view_filter ] --END-- [ RunTime:0.000685s ]
INFO: [ app_end ] --START--
INFO: Run Behavior\ShowPageTraceBehavior [ RunTime:0.001048s ]
INFO: [ app_end ] --END-- [ RunTime:0.001121s ]

[ 2017-06-07T10:23:52+08:00 ] 127.0.0.1 /easygo/index.php/Admin/Admin/login
INFO: [ app_init ] --START--
INFO: Run Behavior\BuildLiteBehavior [ RunTime:0.000014s ]
INFO: [ app_init ] --END-- [ RunTime:0.000559s ]
INFO: [ app_begin ] --START--
INFO: Run Behavior\ReadHtmlCacheBehavior [ RunTime:0.000756s ]
INFO: [ app_begin ] --END-- [ RunTime:0.000841s ]
NOTIC: [8] A session had already been started - ignoring session_start() F:\Web\easygo\Application\Admin\Controller\AdminController.class.php 第 4 行.
SQL: SHOW COLUMNS FROM `administrator` [ RunTime:0.0185s ]
SQL: SELECT * FROM `administrator` WHERE `adm_username` = '15232193693' AND `adm_password` = '123456' LIMIT 1   [ RunTime:0.0009s ]
SQL: SELECT COUNT(*) AS tp_count FROM `administrator` WHERE `adm_username` = '15232193693' AND `adm_password` = '123456' LIMIT 1   [ RunTime:0.0006s ]
ERR: Think\Controller:showError方法不存在！

[ 2017-06-07T10:24:01+08:00 ] 127.0.0.1 /easygo/index.php/Admin/Admin/login
INFO: [ app_init ] --START--
INFO: Run Behavior\BuildLiteBehavior [ RunTime:0.000025s ]
INFO: [ app_init ] --END-- [ RunTime:0.000587s ]
INFO: [ app_begin ] --START--
INFO: Run Behavior\ReadHtmlCacheBehavior [ RunTime:0.000838s ]
INFO: [ app_begin ] --END-- [ RunTime:0.000921s ]
NOTIC: [8] A session had already been started - ignoring session_start() F:\Web\easygo\Application\Admin\Controller\AdminController.class.php 第 4 行.
SQL: SHOW COLUMNS FROM `administrator` [ RunTime:0.0142s ]
SQL: SELECT * FROM `administrator` WHERE `adm_username` = 'admin' AND `adm_password` = 'admin' LIMIT 1   [ RunTime:0.0009s ]
SQL: SELECT COUNT(*) AS tp_count FROM `administrator` WHERE `adm_username` = 'admin' AND `adm_password` = 'admin' LIMIT 1   [ RunTime:0.0005s ]

[ 2017-06-07T10:24:02+08:00 ] 127.0.0.1 /easygo/index.php/Admin/Admin/index
INFO: [ app_init ] --START--
INFO: Run Behavior\BuildLiteBehavior [ RunTime:0.000014s ]
INFO: [ app_init ] --END-- [ RunTime:0.000558s ]
INFO: [ app_begin ] --START--
INFO: Run Behavior\ReadHtmlCacheBehavior [ RunTime:0.000694s ]
INFO: [ app_begin ] --END-- [ RunTime:0.000756s ]
NOTIC: [8] A session had already been started - ignoring session_start() F:\Web\easygo\Application\Admin\Controller\AdminController.class.php 第 4 行.
SQL: SHOW COLUMNS FROM `administrator` [ RunTime:0.0107s ]
SQL: SELECT COUNT(*) AS tp_count FROM `administrator` LIMIT 1   [ RunTime:0.0008s ]
SQL: SELECT * FROM `administrator` ORDER BY adm_id LIMIT 0,5   [ RunTime:0.0009s ]
INFO: [ view_parse ] --START--
INFO: [ template_filter ] --START--
INFO: Run Behavior\ContentReplaceBehavior [ RunTime:0.000092s ]
INFO: [ template_filter ] --END-- [ RunTime:0.000164s ]
INFO: Run Behavior\ParseTemplateBehavior [ RunTime:0.021249s ]
INFO: [ view_parse ] --END-- [ RunTime:0.021336s ]
INFO: [ view_filter ] --START--
INFO: Run Behavior\WriteHtmlCacheBehavior [ RunTime:0.000583s ]
INFO: [ view_filter ] --END-- [ RunTime:0.000648s ]
INFO: [ app_end ] --START--
INFO: Run Behavior\ShowPageTraceBehavior [ RunTime:0.001302s ]
INFO: [ app_end ] --END-- [ RunTime:0.001407s ]

[ 2017-06-07T10:24:11+08:00 ] 127.0.0.1 /easygo/index.php/Admin/Cars/check
INFO: [ app_init ] --START--
INFO: Run Behavior\BuildLiteBehavior [ RunTime:0.000025s ]
INFO: [ app_init ] --END-- [ RunTime:0.000807s ]
INFO: [ app_begin ] --START--
INFO: Run Behavior\ReadHtmlCacheBehavior [ RunTime:0.000797s ]
INFO: [ app_begin ] --END-- [ RunTime:0.000893s ]
SQL: SHOW COLUMNS FROM `information` [ RunTime:0.0541s ]
SQL: SELECT COUNT(*) AS tp_count FROM `information` LIMIT 1   [ RunTime:0.0005s ]
SQL: SHOW COLUMNS FROM `usertab` [ RunTime:0.1167s ]
SQL: SELECT * FROM `usertab` INNER JOIN information on information.inf_user_id = usertab.user_id  ORDER BY inf_id LIMIT 0,5   [ RunTime:0.0077s ]
INFO: [ view_parse ] --START--
INFO: [ template_filter ] --START--
INFO: Run Behavior\ContentReplaceBehavior [ RunTime:0.000170s ]
INFO: [ template_filter ] --END-- [ RunTime:0.000271s ]
INFO: Run Behavior\ParseTemplateBehavior [ RunTime:0.054781s ]
INFO: [ view_parse ] --END-- [ RunTime:0.054875s ]
INFO: [ view_filter ] --START--
INFO: Run Behavior\WriteHtmlCacheBehavior [ RunTime:0.000458s ]
INFO: [ view_filter ] --END-- [ RunTime:0.000521s ]
INFO: [ app_end ] --START--
INFO: Run Behavior\ShowPageTraceBehavior [ RunTime:0.000793s ]
INFO: [ app_end ] --END-- [ RunTime:0.000876s ]

