[ 2017-06-01T08:03:07+08:00 ] 127.0.0.1 /easygo/index.php/Admin/Indent/index
INFO: [ app_init ] --START--
INFO: Run Behavior\BuildLiteBehavior [ RunTime:0.000015s ]
INFO: [ app_init ] --END-- [ RunTime:0.000622s ]
INFO: [ app_begin ] --START--
INFO: Run Behavior\ReadHtmlCacheBehavior [ RunTime:0.001043s ]
INFO: [ app_begin ] --END-- [ RunTime:0.001187s ]

[ 2017-06-01T08:03:07+08:00 ] 127.0.0.1 /easygo/index.php/Admin/Admin/login
INFO: [ app_init ] --START--
INFO: Run Behavior\BuildLiteBehavior [ RunTime:0.000015s ]
INFO: [ app_init ] --END-- [ RunTime:0.000581s ]
INFO: [ app_begin ] --START--
INFO: Run Behavior\ReadHtmlCacheBehavior [ RunTime:0.000723s ]
INFO: [ app_begin ] --END-- [ RunTime:0.000804s ]
NOTIC: [8] A session had already been started - ignoring session_start() F:\Web\easygo\Application\Admin\Controller\AdminController.class.php 第 4 行.
INFO: [ view_parse ] --START--
INFO: [ template_filter ] --START--
INFO: Run Behavior\ContentReplaceBehavior [ RunTime:0.000096s ]
INFO: [ template_filter ] --END-- [ RunTime:0.000182s ]
INFO: Run Behavior\ParseTemplateBehavior [ RunTime:0.063380s ]
INFO: [ view_parse ] --END-- [ RunTime:0.063493s ]
INFO: [ view_filter ] --START--
INFO: Run Behavior\WriteHtmlCacheBehavior [ RunTime:0.013809s ]
INFO: [ view_filter ] --END-- [ RunTime:0.013916s ]
INFO: [ app_end ] --START--
INFO: Run Behavior\ShowPageTraceBehavior [ RunTime:0.057711s ]
INFO: [ app_end ] --END-- [ RunTime:0.057911s ]

[ 2017-06-01T08:03:15+08:00 ] 127.0.0.1 /easygo/index.php/Admin/Admin/login
INFO: [ app_init ] --START--
INFO: Run Behavior\BuildLiteBehavior [ RunTime:0.000017s ]
INFO: [ app_init ] --END-- [ RunTime:0.000715s ]
INFO: [ app_begin ] --START--
INFO: Run Behavior\ReadHtmlCacheBehavior [ RunTime:0.001246s ]
INFO: [ app_begin ] --END-- [ RunTime:0.001406s ]
NOTIC: [8] A session had already been started - ignoring session_start() F:\Web\easygo\Application\Admin\Controller\AdminController.class.php 第 4 行.
SQL: SHOW COLUMNS FROM `administrator` [ RunTime:0.0443s ]
SQL: SELECT * FROM `administrator` WHERE `adm_username` = 'admin' AND `adm_password` = 'admin' LIMIT 1   [ RunTime:0.0017s ]
SQL: SELECT COUNT(*) AS tp_count FROM `administrator` WHERE `adm_username` = 'admin' AND `adm_password` = 'admin' LIMIT 1   [ RunTime:0.0014s ]

[ 2017-06-01T08:03:16+08:00 ] 127.0.0.1 /easygo/index.php/Admin/Admin/index
INFO: [ app_init ] --START--
INFO: Run Behavior\BuildLiteBehavior [ RunTime:0.000047s ]
INFO: [ app_init ] --END-- [ RunTime:0.001875s ]
INFO: [ app_begin ] --START--
INFO: Run Behavior\ReadHtmlCacheBehavior [ RunTime:0.000965s ]
INFO: [ app_begin ] --END-- [ RunTime:0.001071s ]
NOTIC: [8] A session had already been started - ignoring session_start() F:\Web\easygo\Application\Admin\Controller\AdminController.class.php 第 4 行.
SQL: SHOW COLUMNS FROM `administrator` [ RunTime:0.0331s ]
SQL: SELECT COUNT(*) AS tp_count FROM `administrator` LIMIT 1   [ RunTime:0.0008s ]
SQL: SELECT * FROM `administrator` ORDER BY adm_id LIMIT 0,5   [ RunTime:0.0008s ]
INFO: [ view_parse ] --START--
INFO: [ template_filter ] --START--
INFO: Run Behavior\ContentReplaceBehavior [ RunTime:0.000226s ]
INFO: [ template_filter ] --END-- [ RunTime:0.000395s ]
INFO: Run Behavior\ParseTemplateBehavior [ RunTime:0.055794s ]
INFO: [ view_parse ] --END-- [ RunTime:0.055900s ]
INFO: [ view_filter ] --START--
INFO: Run Behavior\WriteHtmlCacheBehavior [ RunTime:0.000830s ]
INFO: [ view_filter ] --END-- [ RunTime:0.000918s ]
INFO: [ app_end ] --START--
INFO: Run Behavior\ShowPageTraceBehavior [ RunTime:0.001870s ]
INFO: [ app_end ] --END-- [ RunTime:0.002099s ]

[ 2017-06-01T08:03:23+08:00 ] 127.0.0.1 /easygo/index.php/Admin/Indent/index
INFO: [ app_init ] --START--
INFO: Run Behavior\BuildLiteBehavior [ RunTime:0.000046s ]
INFO: [ app_init ] --END-- [ RunTime:0.000862s ]
INFO: [ app_begin ] --START--
INFO: Run Behavior\ReadHtmlCacheBehavior [ RunTime:0.000728s ]
INFO: [ app_begin ] --END-- [ RunTime:0.000814s ]
SQL: SHOW COLUMNS FROM `indent` [ RunTime:0.0326s ]
SQL: SELECT * FROM `indent` left JOIN information on information.inf_id = indent.inf_id left JOIN usertab on usertab.user_id=information.inf_user_id   [ RunTime:0.0029s ]
SQL: SELECT COUNT(*) AS tp_count FROM `indent` LIMIT 1   [ RunTime:0.0007s ]
SQL: SELECT * FROM `indent` left JOIN information on information.inf_id = indent.inf_id left JOIN usertab on usertab.user_id=information.inf_user_id  ORDER BY ind_id LIMIT 0,5   [ RunTime:0.0012s ]
INFO: [ view_parse ] --START--
INFO: [ template_filter ] --START--
INFO: Run Behavior\ContentReplaceBehavior [ RunTime:0.000099s ]
INFO: [ template_filter ] --END-- [ RunTime:0.000185s ]
SQL: SHOW COLUMNS FROM `usertab` [ RunTime:0.0103s ]
SQL: SELECT * FROM `usertab` WHERE ( user_id = 2 ) LIMIT 1   [ RunTime:0.0008s ]
SQL: SELECT * FROM `usertab` WHERE ( user_id = 3 ) LIMIT 1   [ RunTime:0.0007s ]
INFO: Run Behavior\ParseTemplateBehavior [ RunTime:0.041990s ]
INFO: [ view_parse ] --END-- [ RunTime:0.042057s ]
INFO: [ view_filter ] --START--
INFO: Run Behavior\WriteHtmlCacheBehavior [ RunTime:0.000614s ]
INFO: [ view_filter ] --END-- [ RunTime:0.000673s ]
INFO: [ app_end ] --START--
INFO: Run Behavior\ShowPageTraceBehavior [ RunTime:0.000956s ]
INFO: [ app_end ] --END-- [ RunTime:0.001083s ]

[ 2017-06-01T08:03:27+08:00 ] 127.0.0.1 /easygo/index.php/Admin/Cars/check
INFO: [ app_init ] --START--
INFO: Run Behavior\BuildLiteBehavior [ RunTime:0.000021s ]
INFO: [ app_init ] --END-- [ RunTime:0.000935s ]
INFO: [ app_begin ] --START--
INFO: Run Behavior\ReadHtmlCacheBehavior [ RunTime:0.000661s ]
INFO: [ app_begin ] --END-- [ RunTime:0.000722s ]
SQL: SHOW COLUMNS FROM `information` [ RunTime:0.0246s ]
SQL: SELECT COUNT(*) AS tp_count FROM `information` LIMIT 1   [ RunTime:0.0009s ]
SQL: SHOW COLUMNS FROM `usertab` [ RunTime:0.0175s ]
SQL: SELECT * FROM `usertab` INNER JOIN information on information.inf_user_id = usertab.user_id  ORDER BY inf_id LIMIT 0,5   [ RunTime:0.0093s ]
INFO: [ view_parse ] --START--
INFO: [ template_filter ] --START--
INFO: Run Behavior\ContentReplaceBehavior [ RunTime:0.000093s ]
INFO: [ template_filter ] --END-- [ RunTime:0.000158s ]
INFO: Run Behavior\ParseTemplateBehavior [ RunTime:0.017621s ]
INFO: [ view_parse ] --END-- [ RunTime:0.017731s ]
INFO: [ view_filter ] --START--
INFO: Run Behavior\WriteHtmlCacheBehavior [ RunTime:0.000666s ]
INFO: [ view_filter ] --END-- [ RunTime:0.000764s ]
INFO: [ app_end ] --START--
INFO: Run Behavior\ShowPageTraceBehavior [ RunTime:0.000989s ]
INFO: [ app_end ] --END-- [ RunTime:0.001096s ]

[ 2017-06-01T08:03:34+08:00 ] 127.0.0.1 /easygo/index.php/Admin/Cars/special
INFO: [ app_init ] --START--
INFO: Run Behavior\BuildLiteBehavior [ RunTime:0.000028s ]
INFO: [ app_init ] --END-- [ RunTime:0.001069s ]
INFO: [ app_begin ] --START--
INFO: Run Behavior\ReadHtmlCacheBehavior [ RunTime:0.001025s ]
INFO: [ app_begin ] --END-- [ RunTime:0.001121s ]
SQL: SHOW COLUMNS FROM `information` [ RunTime:0.0283s ]
SQL: SELECT COUNT(*) AS tp_count FROM `information` WHERE ( inf_add='是' ) LIMIT 1   [ RunTime:0.0011s ]
SQL: SHOW COLUMNS FROM `usertab` [ RunTime:0.0103s ]
SQL: SELECT * FROM `usertab` INNER JOIN information on information.inf_user_id = usertab.user_id  WHERE ( inf_add='是' )  [ RunTime:0.0015s ]
INFO: [ view_parse ] --START--
INFO: [ template_filter ] --START--
INFO: Run Behavior\ContentReplaceBehavior [ RunTime:0.000086s ]
INFO: [ template_filter ] --END-- [ RunTime:0.000150s ]
INFO: Run Behavior\ParseTemplateBehavior [ RunTime:0.044624s ]
INFO: [ view_parse ] --END-- [ RunTime:0.044711s ]
INFO: [ view_filter ] --START--
INFO: Run Behavior\WriteHtmlCacheBehavior [ RunTime:0.000485s ]
INFO: [ view_filter ] --END-- [ RunTime:0.000553s ]
INFO: [ app_end ] --START--
INFO: Run Behavior\ShowPageTraceBehavior [ RunTime:0.001251s ]
INFO: [ app_end ] --END-- [ RunTime:0.001433s ]

[ 2017-06-01T08:03:38+08:00 ] 127.0.0.1 /easygo/index.php/Admin/Indent/index
INFO: [ app_init ] --START--
INFO: Run Behavior\BuildLiteBehavior [ RunTime:0.000014s ]
INFO: [ app_init ] --END-- [ RunTime:0.000584s ]
INFO: [ app_begin ] --START--
INFO: Run Behavior\ReadHtmlCacheBehavior [ RunTime:0.000669s ]
INFO: [ app_begin ] --END-- [ RunTime:0.000730s ]
SQL: SHOW COLUMNS FROM `indent` [ RunTime:0.0159s ]
SQL: SELECT * FROM `indent` left JOIN information on information.inf_id = indent.inf_id left JOIN usertab on usertab.user_id=information.inf_user_id   [ RunTime:0.0019s ]
SQL: SELECT COUNT(*) AS tp_count FROM `indent` LIMIT 1   [ RunTime:0.0006s ]
SQL: SELECT * FROM `indent` left JOIN information on information.inf_id = indent.inf_id left JOIN usertab on usertab.user_id=information.inf_user_id  ORDER BY ind_id LIMIT 0,5   [ RunTime:0.0012s ]
INFO: [ view_parse ] --START--
INFO: [ template_filter ] --START--
INFO: Run Behavior\ContentReplaceBehavior [ RunTime:0.000087s ]
INFO: [ template_filter ] --END-- [ RunTime:0.000163s ]
SQL: SHOW COLUMNS FROM `usertab` [ RunTime:0.0107s ]
SQL: SELECT * FROM `usertab` WHERE ( user_id = 2 ) LIMIT 1   [ RunTime:0.0006s ]
SQL: SELECT * FROM `usertab` WHERE ( user_id = 3 ) LIMIT 1   [ RunTime:0.0006s ]
INFO: Run Behavior\ParseTemplateBehavior [ RunTime:0.025380s ]
INFO: [ view_parse ] --END-- [ RunTime:0.025448s ]
INFO: [ view_filter ] --START--
INFO: Run Behavior\WriteHtmlCacheBehavior [ RunTime:0.000576s ]
INFO: [ view_filter ] --END-- [ RunTime:0.000638s ]
INFO: [ app_end ] --START--
INFO: Run Behavior\ShowPageTraceBehavior [ RunTime:0.000932s ]
INFO: [ app_end ] --END-- [ RunTime:0.001032s ]

[ 2017-06-01T08:03:44+08:00 ] 127.0.0.1 /easygo/index.php/Admin/Message/index
INFO: [ app_init ] --START--
INFO: Run Behavior\BuildLiteBehavior [ RunTime:0.000017s ]
INFO: [ app_init ] --END-- [ RunTime:0.000532s ]
INFO: [ app_begin ] --START--
INFO: Run Behavior\ReadHtmlCacheBehavior [ RunTime:0.000651s ]
INFO: [ app_begin ] --END-- [ RunTime:0.000717s ]
SQL: SHOW COLUMNS FROM `message` [ RunTime:0.0886s ]
SQL: SELECT COUNT(*) AS tp_count FROM `message` LIMIT 1   [ RunTime:0.0016s ]
SQL: SELECT * FROM `message` ORDER BY mes_id LIMIT 0,5   [ RunTime:0.0026s ]
INFO: [ view_parse ] --START--
INFO: [ template_filter ] --START--
INFO: Run Behavior\ContentReplaceBehavior [ RunTime:0.000133s ]
INFO: [ template_filter ] --END-- [ RunTime:0.000237s ]
INFO: Run Behavior\ParseTemplateBehavior [ RunTime:0.047502s ]
INFO: [ view_parse ] --END-- [ RunTime:0.047737s ]
INFO: [ view_filter ] --START--
INFO: Run Behavior\WriteHtmlCacheBehavior [ RunTime:0.000672s ]
INFO: [ view_filter ] --END-- [ RunTime:0.000762s ]
INFO: [ app_end ] --START--
INFO: Run Behavior\ShowPageTraceBehavior [ RunTime:0.001525s ]
INFO: [ app_end ] --END-- [ RunTime:0.001686s ]

[ 2017-06-01T08:04:21+08:00 ] 127.0.0.1 /easygo/index.php/Admin/Indent/index
INFO: [ app_init ] --START--
INFO: Run Behavior\BuildLiteBehavior [ RunTime:0.000016s ]
INFO: [ app_init ] --END-- [ RunTime:0.000651s ]
INFO: [ app_begin ] --START--
INFO: Run Behavior\ReadHtmlCacheBehavior [ RunTime:0.000829s ]
INFO: [ app_begin ] --END-- [ RunTime:0.000910s ]
SQL: SHOW COLUMNS FROM `indent` [ RunTime:0.0161s ]
SQL: SELECT * FROM `indent` left JOIN information on information.inf_id = indent.inf_id left JOIN usertab on usertab.user_id=information.inf_user_id   [ RunTime:0.0018s ]
SQL: SELECT COUNT(*) AS tp_count FROM `indent` LIMIT 1   [ RunTime:0.0006s ]
SQL: SELECT * FROM `indent` left JOIN information on information.inf_id = indent.inf_id left JOIN usertab on usertab.user_id=information.inf_user_id  ORDER BY ind_id LIMIT 0,5   [ RunTime:0.0014s ]
INFO: [ view_parse ] --START--
INFO: [ template_filter ] --START--
INFO: Run Behavior\ContentReplaceBehavior [ RunTime:0.000088s ]
INFO: [ template_filter ] --END-- [ RunTime:0.000187s ]
SQL: SHOW COLUMNS FROM `usertab` [ RunTime:0.0100s ]
SQL: SELECT * FROM `usertab` WHERE ( user_id = 2 ) LIMIT 1   [ RunTime:0.0007s ]
SQL: SELECT * FROM `usertab` WHERE ( user_id = 3 ) LIMIT 1   [ RunTime:0.0007s ]
INFO: Run Behavior\ParseTemplateBehavior [ RunTime:0.026538s ]
INFO: [ view_parse ] --END-- [ RunTime:0.026641s ]
INFO: [ view_filter ] --START--
INFO: Run Behavior\WriteHtmlCacheBehavior [ RunTime:0.000673s ]
INFO: [ view_filter ] --END-- [ RunTime:0.000743s ]
INFO: [ app_end ] --START--
INFO: Run Behavior\ShowPageTraceBehavior [ RunTime:0.001096s ]
INFO: [ app_end ] --END-- [ RunTime:0.001205s ]

[ 2017-06-01T08:10:31+08:00 ] 127.0.0.1 /easygo/easygo/index.php/admin
INFO: [ app_init ] --START--
INFO: Run Behavior\BuildLiteBehavior [ RunTime:0.000016s ]
INFO: [ app_init ] --END-- [ RunTime:0.000399s ]
INFO: [ app_begin ] --START--
INFO: Run Behavior\ReadHtmlCacheBehavior [ RunTime:0.000560s ]
INFO: [ app_begin ] --END-- [ RunTime:0.000630s ]

[ 2017-06-01T08:10:31+08:00 ] 127.0.0.1 /easygo/easygo/index.php/Admin/Admin/login
INFO: [ app_init ] --START--
INFO: Run Behavior\BuildLiteBehavior [ RunTime:0.000017s ]
INFO: [ app_init ] --END-- [ RunTime:0.000416s ]
INFO: [ app_begin ] --START--
INFO: Run Behavior\ReadHtmlCacheBehavior [ RunTime:0.000572s ]
INFO: [ app_begin ] --END-- [ RunTime:0.000642s ]
NOTIC: [8] A session had already been started - ignoring session_start() F:\wwwroot\easygo\easygo\Application\Admin\Controller\AdminController.class.php 第 4 行.
INFO: [ view_parse ] --START--
INFO: [ template_filter ] --START--
INFO: Run Behavior\ContentReplaceBehavior [ RunTime:0.000055s ]
INFO: [ template_filter ] --END-- [ RunTime:0.000145s ]
INFO: Run Behavior\ParseTemplateBehavior [ RunTime:0.015883s ]
INFO: [ view_parse ] --END-- [ RunTime:0.015965s ]
INFO: [ view_filter ] --START--
INFO: Run Behavior\WriteHtmlCacheBehavior [ RunTime:0.000399s ]
INFO: [ view_filter ] --END-- [ RunTime:0.000457s ]
INFO: [ app_end ] --START--
INFO: Run Behavior\ShowPageTraceBehavior [ RunTime:0.000716s ]
INFO: [ app_end ] --END-- [ RunTime:0.000778s ]

[ 2017-06-01T08:10:35+08:00 ] 127.0.0.1 /easygo/easygo/index.php/Admin/Admin/login
INFO: [ app_init ] --START--
INFO: Run Behavior\BuildLiteBehavior [ RunTime:0.000021s ]
INFO: [ app_init ] --END-- [ RunTime:0.000495s ]
INFO: [ app_begin ] --START--
INFO: Run Behavior\ReadHtmlCacheBehavior [ RunTime:0.000627s ]
INFO: [ app_begin ] --END-- [ RunTime:0.000729s ]
NOTIC: [8] A session had already been started - ignoring session_start() F:\wwwroot\easygo\easygo\Application\Admin\Controller\AdminController.class.php 第 4 行.
SQL: SHOW COLUMNS FROM `administrator` [ RunTime:0.3356s ]
SQL: SELECT * FROM `administrator` WHERE `adm_username` = 'admin' AND `adm_password` = 'admin' LIMIT 1   [ RunTime:0.0753s ]
SQL: SELECT COUNT(*) AS tp_count FROM `administrator` WHERE `adm_username` = 'admin' AND `adm_password` = 'admin' LIMIT 1   [ RunTime:0.0231s ]

[ 2017-06-01T08:10:36+08:00 ] 127.0.0.1 /easygo/easygo/index.php/Admin/Admin/index
INFO: [ app_init ] --START--
INFO: Run Behavior\BuildLiteBehavior [ RunTime:0.000017s ]
INFO: [ app_init ] --END-- [ RunTime:0.000405s ]
INFO: [ app_begin ] --START--
INFO: Run Behavior\ReadHtmlCacheBehavior [ RunTime:0.000783s ]
INFO: [ app_begin ] --END-- [ RunTime:0.000892s ]
NOTIC: [8] A session had already been started - ignoring session_start() F:\wwwroot\easygo\easygo\Application\Admin\Controller\AdminController.class.php 第 4 行.
SQL: SHOW COLUMNS FROM `administrator` [ RunTime:0.0232s ]
SQL: SELECT COUNT(*) AS tp_count FROM `administrator` LIMIT 1   [ RunTime:0.0007s ]
SQL: SELECT * FROM `administrator` ORDER BY adm_id LIMIT 0,5   [ RunTime:0.0006s ]
INFO: [ view_parse ] --START--
INFO: [ template_filter ] --START--
INFO: Run Behavior\ContentReplaceBehavior [ RunTime:0.000099s ]
INFO: [ template_filter ] --END-- [ RunTime:0.000183s ]
INFO: Run Behavior\ParseTemplateBehavior [ RunTime:0.037185s ]
INFO: [ view_parse ] --END-- [ RunTime:0.037278s ]
INFO: [ view_filter ] --START--
INFO: Run Behavior\WriteHtmlCacheBehavior [ RunTime:0.000332s ]
INFO: [ view_filter ] --END-- [ RunTime:0.000420s ]
INFO: [ app_end ] --START--
INFO: Run Behavior\ShowPageTraceBehavior [ RunTime:0.001072s ]
INFO: [ app_end ] --END-- [ RunTime:0.001201s ]

[ 2017-06-01T08:10:42+08:00 ] 127.0.0.1 /easygo/easygo/index.php/Admin/Indent/index
INFO: [ app_init ] --START--
INFO: Run Behavior\BuildLiteBehavior [ RunTime:0.000020s ]
INFO: [ app_init ] --END-- [ RunTime:0.000540s ]
INFO: [ app_begin ] --START--
INFO: Run Behavior\ReadHtmlCacheBehavior [ RunTime:0.001068s ]
INFO: [ app_begin ] --END-- [ RunTime:0.001205s ]
SQL: SHOW COLUMNS FROM `indent` [ RunTime:0.0812s ]
SQL: SELECT * FROM `indent` left JOIN information on information.inf_id = indent.inf_id left JOIN usertab on usertab.user_id=information.inf_user_id   [ RunTime:0.0712s ]
SQL: SELECT COUNT(*) AS tp_count FROM `indent` LIMIT 1   [ RunTime:0.0003s ]
SQL: SELECT * FROM `indent` left JOIN information on information.inf_id = indent.inf_id left JOIN usertab on usertab.user_id=information.inf_user_id  ORDER BY ind_id LIMIT 0,5   [ RunTime:0.0010s ]
INFO: [ view_parse ] --START--
INFO: [ template_filter ] --START--
INFO: Run Behavior\ContentReplaceBehavior [ RunTime:0.000128s ]
INFO: [ template_filter ] --END-- [ RunTime:0.000227s ]
SQL: SHOW COLUMNS FROM `usertab` [ RunTime:0.0250s ]
SQL: SELECT * FROM `usertab` WHERE ( user_id = 2 ) LIMIT 1   [ RunTime:0.0005s ]
SQL: SELECT * FROM `usertab` WHERE ( user_id = 3 ) LIMIT 1   [ RunTime:0.0004s ]
INFO: Run Behavior\ParseTemplateBehavior [ RunTime:0.051232s ]
INFO: [ view_parse ] --END-- [ RunTime:0.051307s ]
INFO: [ view_filter ] --START--
INFO: Run Behavior\WriteHtmlCacheBehavior [ RunTime:0.000544s ]
INFO: [ view_filter ] --END-- [ RunTime:0.000604s ]
INFO: [ app_end ] --START--
INFO: Run Behavior\ShowPageTraceBehavior [ RunTime:0.000881s ]
INFO: [ app_end ] --END-- [ RunTime:0.000956s ]

[ 2017-06-01T08:10:46+08:00 ] 127.0.0.1 /easygo/easygo/index.php/Admin/Cars/check
INFO: [ app_init ] --START--
INFO: Run Behavior\BuildLiteBehavior [ RunTime:0.000018s ]
INFO: [ app_init ] --END-- [ RunTime:0.000402s ]
INFO: [ app_begin ] --START--
INFO: Run Behavior\ReadHtmlCacheBehavior [ RunTime:0.000552s ]
INFO: [ app_begin ] --END-- [ RunTime:0.000627s ]
SQL: SHOW COLUMNS FROM `information` [ RunTime:0.1328s ]
SQL: SELECT COUNT(*) AS tp_count FROM `information` LIMIT 1   [ RunTime:0.0008s ]
SQL: SHOW COLUMNS FROM `usertab` [ RunTime:0.0343s ]
SQL: SELECT * FROM `usertab` INNER JOIN information on information.inf_user_id = usertab.user_id  ORDER BY inf_id LIMIT 0,5   [ RunTime:0.0142s ]
INFO: [ view_parse ] --START--
INFO: [ template_filter ] --START--
INFO: Run Behavior\ContentReplaceBehavior [ RunTime:0.000113s ]
INFO: [ template_filter ] --END-- [ RunTime:0.000199s ]
INFO: Run Behavior\ParseTemplateBehavior [ RunTime:0.012924s ]
INFO: [ view_parse ] --END-- [ RunTime:0.013011s ]
INFO: [ view_filter ] --START--
INFO: Run Behavior\WriteHtmlCacheBehavior [ RunTime:0.000280s ]
INFO: [ view_filter ] --END-- [ RunTime:0.000342s ]
INFO: [ app_end ] --START--
INFO: Run Behavior\ShowPageTraceBehavior [ RunTime:0.000665s ]
INFO: [ app_end ] --END-- [ RunTime:0.000749s ]

[ 2017-06-01T08:10:49+08:00 ] 127.0.0.1 /easygo/easygo/index.php/Admin/Cars/action.php
INFO: [ app_init ] --START--
INFO: Run Behavior\BuildLiteBehavior [ RunTime:0.000026s ]
INFO: [ app_init ] --END-- [ RunTime:0.000611s ]
INFO: [ app_begin ] --START--
INFO: Run Behavior\ReadHtmlCacheBehavior [ RunTime:0.000895s ]
INFO: [ app_begin ] --END-- [ RunTime:0.001011s ]
SQL: SHOW COLUMNS FROM `information` [ RunTime:0.0236s ]
SQL: SHOW COLUMNS FROM `usertab` [ RunTime:0.0236s ]
SQL: SELECT * FROM `usertab` INNER JOIN information on information.inf_user_id = usertab.user_id  WHERE ( inf_id=2 ) LIMIT 1   [ RunTime:0.0017s ]
INFO: [ app_end ] --START--
INFO: Run Behavior\ShowPageTraceBehavior [ RunTime:0.000741s ]
INFO: [ app_end ] --END-- [ RunTime:0.000807s ]

[ 2017-06-01T08:11:01+08:00 ] 127.0.0.1 /easygo/easygo/index.php/Admin/Cars/action.php
INFO: [ app_init ] --START--
INFO: Run Behavior\BuildLiteBehavior [ RunTime:0.000018s ]
INFO: [ app_init ] --END-- [ RunTime:0.000407s ]
INFO: [ app_begin ] --START--
INFO: Run Behavior\ReadHtmlCacheBehavior [ RunTime:0.000580s ]
INFO: [ app_begin ] --END-- [ RunTime:0.000646s ]
SQL: SHOW COLUMNS FROM `information` [ RunTime:0.0353s ]
SQL: SHOW COLUMNS FROM `usertab` [ RunTime:0.0212s ]
SQL: SELECT * FROM `usertab` INNER JOIN information on information.inf_user_id = usertab.user_id  WHERE ( inf_id=2 ) LIMIT 1   [ RunTime:0.0014s ]
INFO: [ app_end ] --START--
INFO: Run Behavior\ShowPageTraceBehavior [ RunTime:0.000872s ]
INFO: [ app_end ] --END-- [ RunTime:0.000979s ]

[ 2017-06-01T08:11:05+08:00 ] 127.0.0.1 /easygo/easygo/index.php/Admin/Cars/special
INFO: [ app_init ] --START--
INFO: Run Behavior\BuildLiteBehavior [ RunTime:0.000018s ]
INFO: [ app_init ] --END-- [ RunTime:0.000405s ]
INFO: [ app_begin ] --START--
INFO: Run Behavior\ReadHtmlCacheBehavior [ RunTime:0.000577s ]
INFO: [ app_begin ] --END-- [ RunTime:0.000653s ]
SQL: SHOW COLUMNS FROM `information` [ RunTime:0.0485s ]
SQL: SELECT COUNT(*) AS tp_count FROM `information` WHERE ( inf_add='是' ) LIMIT 1   [ RunTime:0.0009s ]
SQL: SHOW COLUMNS FROM `usertab` [ RunTime:0.0508s ]
SQL: SELECT * FROM `usertab` INNER JOIN information on information.inf_user_id = usertab.user_id  WHERE ( inf_add='是' )  [ RunTime:0.0015s ]
INFO: [ view_parse ] --START--
INFO: [ template_filter ] --START--
INFO: Run Behavior\ContentReplaceBehavior [ RunTime:0.000111s ]
INFO: [ template_filter ] --END-- [ RunTime:0.000217s ]
INFO: Run Behavior\ParseTemplateBehavior [ RunTime:0.015348s ]
INFO: [ view_parse ] --END-- [ RunTime:0.015488s ]
INFO: [ view_filter ] --START--
INFO: Run Behavior\WriteHtmlCacheBehavior [ RunTime:0.000452s ]
INFO: [ view_filter ] --END-- [ RunTime:0.000562s ]
INFO: [ app_end ] --START--
INFO: Run Behavior\ShowPageTraceBehavior [ RunTime:0.001372s ]
INFO: [ app_end ] --END-- [ RunTime:0.001528s ]

[ 2017-06-01T08:11:10+08:00 ] 127.0.0.1 /easygo/easygo/index.php/Admin/Cars/action.php
INFO: [ app_init ] --START--
INFO: Run Behavior\BuildLiteBehavior [ RunTime:0.000030s ]
INFO: [ app_init ] --END-- [ RunTime:0.000676s ]
INFO: [ app_begin ] --START--
INFO: Run Behavior\ReadHtmlCacheBehavior [ RunTime:0.000950s ]
INFO: [ app_begin ] --END-- [ RunTime:0.001075s ]
SQL: SHOW COLUMNS FROM `information` [ RunTime:0.0342s ]
SQL: SHOW COLUMNS FROM `usertab` [ RunTime:0.0268s ]
SQL: SELECT * FROM `usertab` INNER JOIN information on information.inf_user_id = usertab.user_id  WHERE ( inf_id=3 ) LIMIT 1   [ RunTime:0.0017s ]
INFO: [ app_end ] --START--
INFO: Run Behavior\ShowPageTraceBehavior [ RunTime:0.001063s ]
INFO: [ app_end ] --END-- [ RunTime:0.001184s ]

[ 2017-06-01T08:11:16+08:00 ] 127.0.0.1 /easygo/easygo/index.php/Admin/Indent/index
INFO: [ app_init ] --START--
INFO: Run Behavior\BuildLiteBehavior [ RunTime:0.000031s ]
INFO: [ app_init ] --END-- [ RunTime:0.000740s ]
INFO: [ app_begin ] --START--
INFO: Run Behavior\ReadHtmlCacheBehavior [ RunTime:0.000939s ]
INFO: [ app_begin ] --END-- [ RunTime:0.001074s ]
SQL: SHOW COLUMNS FROM `indent` [ RunTime:0.0273s ]
SQL: SELECT * FROM `indent` left JOIN information on information.inf_id = indent.inf_id left JOIN usertab on usertab.user_id=information.inf_user_id   [ RunTime:0.0020s ]
SQL: SELECT COUNT(*) AS tp_count FROM `indent` LIMIT 1   [ RunTime:0.0012s ]
SQL: SELECT * FROM `indent` left JOIN information on information.inf_id = indent.inf_id left JOIN usertab on usertab.user_id=information.inf_user_id  ORDER BY ind_id LIMIT 0,5   [ RunTime:0.0017s ]
INFO: [ view_parse ] --START--
INFO: [ template_filter ] --START--
INFO: Run Behavior\ContentReplaceBehavior [ RunTime:0.000183s ]
INFO: [ template_filter ] --END-- [ RunTime:0.000311s ]
SQL: SHOW COLUMNS FROM `usertab` [ RunTime:0.0238s ]
SQL: SELECT * FROM `usertab` WHERE ( user_id = 2 ) LIMIT 1   [ RunTime:0.0012s ]
SQL: SELECT * FROM `usertab` WHERE ( user_id = 3 ) LIMIT 1   [ RunTime:0.0010s ]
INFO: Run Behavior\ParseTemplateBehavior [ RunTime:0.044668s ]
INFO: [ view_parse ] --END-- [ RunTime:0.044772s ]
INFO: [ view_filter ] --START--
INFO: Run Behavior\WriteHtmlCacheBehavior [ RunTime:0.000582s ]
INFO: [ view_filter ] --END-- [ RunTime:0.000709s ]
INFO: [ app_end ] --START--
INFO: Run Behavior\ShowPageTraceBehavior [ RunTime:0.000810s ]
INFO: [ app_end ] --END-- [ RunTime:0.000922s ]

[ 2017-06-01T08:11:20+08:00 ] 127.0.0.1 /easygo/easygo/index.php/Admin/Indent/search?search_value=caiji
INFO: [ app_init ] --START--
INFO: Run Behavior\BuildLiteBehavior [ RunTime:0.000029s ]
INFO: [ app_init ] --END-- [ RunTime:0.000656s ]
INFO: [ app_begin ] --START--
INFO: Run Behavior\ReadHtmlCacheBehavior [ RunTime:0.000898s ]
INFO: [ app_begin ] --END-- [ RunTime:0.001029s ]
SQL: SHOW COLUMNS FROM `indent` [ RunTime:0.0619s ]
SQL: SELECT COUNT(*) AS tp_count FROM `indent` WHERE `ind_id` LIKE '%caiji%' LIMIT 1   [ RunTime:0.0007s ]
SQL: SELECT * FROM `indent` left JOIN information on information.inf_id = indent.inf_id left JOIN usertab on usertab.user_id=information.inf_user_id  WHERE `ind_id` LIKE '%caiji%' LIMIT 0,5   [ RunTime:0.0021s ]
INFO: [ view_parse ] --START--
INFO: [ template_filter ] --START--
INFO: Run Behavior\ContentReplaceBehavior [ RunTime:0.000109s ]
INFO: [ template_filter ] --END-- [ RunTime:0.000187s ]
NOTIC: [8] Undefined variable: result F:\wwwroot\easygo\easygo\Application\Runtime\Cache\Admin\dac53c08b2a08222ed413d6077383452.php 第 202 行.
NOTIC: [8] Undefined variable: result F:\wwwroot\easygo\easygo\Application\Runtime\Cache\Admin\dac53c08b2a08222ed413d6077383452.php 第 203 行.
INFO: Run Behavior\ParseTemplateBehavior [ RunTime:0.013408s ]
INFO: [ view_parse ] --END-- [ RunTime:0.013508s ]
INFO: [ view_filter ] --START--
INFO: Run Behavior\WriteHtmlCacheBehavior [ RunTime:0.000306s ]
INFO: [ view_filter ] --END-- [ RunTime:0.000368s ]
INFO: [ app_end ] --START--
INFO: Run Behavior\ShowPageTraceBehavior [ RunTime:0.000987s ]
INFO: [ app_end ] --END-- [ RunTime:0.001098s ]

[ 2017-06-01T08:11:27+08:00 ] 127.0.0.1 /easygo/easygo/index.php/Admin/Indent/search?search_value=%E5%88%98%E6%89%BF%E7%9D%BF
INFO: [ app_init ] --START--
INFO: Run Behavior\BuildLiteBehavior [ RunTime:0.000026s ]
INFO: [ app_init ] --END-- [ RunTime:0.000607s ]
INFO: [ app_begin ] --START--
INFO: Run Behavior\ReadHtmlCacheBehavior [ RunTime:0.000788s ]
INFO: [ app_begin ] --END-- [ RunTime:0.000874s ]
SQL: SHOW COLUMNS FROM `indent` [ RunTime:0.0275s ]
SQL: SELECT COUNT(*) AS tp_count FROM `indent` WHERE `ind_id` LIKE '%刘承睿%' LIMIT 1   [ RunTime:0.0011s ]
SQL: SELECT * FROM `indent` left JOIN information on information.inf_id = indent.inf_id left JOIN usertab on usertab.user_id=information.inf_user_id  WHERE `ind_id` LIKE '%刘承睿%' LIMIT 0,5   [ RunTime:0.0016s ]
INFO: [ view_parse ] --START--
INFO: [ template_filter ] --START--
INFO: Run Behavior\ContentReplaceBehavior [ RunTime:0.000110s ]
INFO: [ template_filter ] --END-- [ RunTime:0.000191s ]
NOTIC: [8] Undefined variable: result F:\wwwroot\easygo\easygo\Application\Runtime\Cache\Admin\dac53c08b2a08222ed413d6077383452.php 第 202 行.
NOTIC: [8] Undefined variable: result F:\wwwroot\easygo\easygo\Application\Runtime\Cache\Admin\dac53c08b2a08222ed413d6077383452.php 第 203 行.
INFO: Run Behavior\ParseTemplateBehavior [ RunTime:0.021281s ]
INFO: [ view_parse ] --END-- [ RunTime:0.021371s ]
INFO: [ view_filter ] --START--
INFO: Run Behavior\WriteHtmlCacheBehavior [ RunTime:0.000484s ]
INFO: [ view_filter ] --END-- [ RunTime:0.000548s ]
INFO: [ app_end ] --START--
INFO: Run Behavior\ShowPageTraceBehavior [ RunTime:0.000833s ]
INFO: [ app_end ] --END-- [ RunTime:0.000934s ]

[ 2017-06-01T08:11:35+08:00 ] 127.0.0.1 /easygo/easygo/index.php/Admin/Indent/search?search_value=%E5%BC%A0%E4%B8%9C%E6%9D%B0
INFO: [ app_init ] --START--
INFO: Run Behavior\BuildLiteBehavior [ RunTime:0.000018s ]
INFO: [ app_init ] --END-- [ RunTime:0.000405s ]
INFO: [ app_begin ] --START--
INFO: Run Behavior\ReadHtmlCacheBehavior [ RunTime:0.000592s ]
INFO: [ app_begin ] --END-- [ RunTime:0.000683s ]
SQL: SHOW COLUMNS FROM `indent` [ RunTime:0.0569s ]
SQL: SELECT COUNT(*) AS tp_count FROM `indent` WHERE `ind_id` LIKE '%张东杰%' LIMIT 1   [ RunTime:0.0010s ]
SQL: SELECT * FROM `indent` left JOIN information on information.inf_id = indent.inf_id left JOIN usertab on usertab.user_id=information.inf_user_id  WHERE `ind_id` LIKE '%张东杰%' LIMIT 0,5   [ RunTime:0.0023s ]
INFO: [ view_parse ] --START--
INFO: [ template_filter ] --START--
INFO: Run Behavior\ContentReplaceBehavior [ RunTime:0.000113s ]
INFO: [ template_filter ] --END-- [ RunTime:0.000193s ]
NOTIC: [8] Undefined variable: result F:\wwwroot\easygo\easygo\Application\Runtime\Cache\Admin\dac53c08b2a08222ed413d6077383452.php 第 202 行.
NOTIC: [8] Undefined variable: result F:\wwwroot\easygo\easygo\Application\Runtime\Cache\Admin\dac53c08b2a08222ed413d6077383452.php 第 203 行.
INFO: Run Behavior\ParseTemplateBehavior [ RunTime:0.014268s ]
INFO: [ view_parse ] --END-- [ RunTime:0.014410s ]
INFO: [ view_filter ] --START--
INFO: Run Behavior\WriteHtmlCacheBehavior [ RunTime:0.000461s ]
INFO: [ view_filter ] --END-- [ RunTime:0.000552s ]
INFO: [ app_end ] --START--
INFO: Run Behavior\ShowPageTraceBehavior [ RunTime:0.001216s ]
INFO: [ app_end ] --END-- [ RunTime:0.001479s ]

[ 2017-06-01T08:11:43+08:00 ] 127.0.0.1 /easygo/easygo/index.php/Admin/Indent/search?search_value=%E6%B3%95%E6%8B%89%E5%88%A9
INFO: [ app_init ] --START--
INFO: Run Behavior\BuildLiteBehavior [ RunTime:0.000019s ]
INFO: [ app_init ] --END-- [ RunTime:0.000723s ]
INFO: [ app_begin ] --START--
INFO: Run Behavior\ReadHtmlCacheBehavior [ RunTime:0.000749s ]
INFO: [ app_begin ] --END-- [ RunTime:0.000834s ]
SQL: SHOW COLUMNS FROM `indent` [ RunTime:0.0253s ]
SQL: SELECT COUNT(*) AS tp_count FROM `indent` WHERE `ind_id` LIKE '%法拉利%' LIMIT 1   [ RunTime:0.0005s ]
SQL: SELECT * FROM `indent` left JOIN information on information.inf_id = indent.inf_id left JOIN usertab on usertab.user_id=information.inf_user_id  WHERE `ind_id` LIKE '%法拉利%' LIMIT 0,5   [ RunTime:0.0019s ]
INFO: [ view_parse ] --START--
INFO: [ template_filter ] --START--
INFO: Run Behavior\ContentReplaceBehavior [ RunTime:0.000115s ]
INFO: [ template_filter ] --END-- [ RunTime:0.000196s ]
NOTIC: [8] Undefined variable: result F:\wwwroot\easygo\easygo\Application\Runtime\Cache\Admin\dac53c08b2a08222ed413d6077383452.php 第 202 行.
NOTIC: [8] Undefined variable: result F:\wwwroot\easygo\easygo\Application\Runtime\Cache\Admin\dac53c08b2a08222ed413d6077383452.php 第 203 行.
INFO: Run Behavior\ParseTemplateBehavior [ RunTime:0.021509s ]
INFO: [ view_parse ] --END-- [ RunTime:0.021625s ]
INFO: [ view_filter ] --START--
INFO: Run Behavior\WriteHtmlCacheBehavior [ RunTime:0.000446s ]
INFO: [ view_filter ] --END-- [ RunTime:0.000507s ]
INFO: [ app_end ] --START--
INFO: Run Behavior\ShowPageTraceBehavior [ RunTime:0.000881s ]
INFO: [ app_end ] --END-- [ RunTime:0.000969s ]

[ 2017-06-01T08:11:51+08:00 ] 127.0.0.1 /easygo/easygo/index.php/Admin/Indent/search?search_value=%E6%B3%95%E6%8B%89%E5%88%A9
INFO: [ app_init ] --START--
INFO: Run Behavior\BuildLiteBehavior [ RunTime:0.000018s ]
INFO: [ app_init ] --END-- [ RunTime:0.000414s ]
INFO: [ app_begin ] --START--
INFO: Run Behavior\ReadHtmlCacheBehavior [ RunTime:0.000644s ]
INFO: [ app_begin ] --END-- [ RunTime:0.000726s ]
SQL: SHOW COLUMNS FROM `indent` [ RunTime:0.0249s ]
SQL: SELECT COUNT(*) AS tp_count FROM `indent` WHERE `ind_id` LIKE '%法拉利%' LIMIT 1   [ RunTime:0.0008s ]
SQL: SELECT * FROM `indent` left JOIN information on information.inf_id = indent.inf_id left JOIN usertab on usertab.user_id=information.inf_user_id  WHERE `ind_id` LIKE '%法拉利%' LIMIT 0,5   [ RunTime:0.0013s ]
INFO: [ view_parse ] --START--
INFO: [ template_filter ] --START--
INFO: Run Behavior\ContentReplaceBehavior [ RunTime:0.000113s ]
INFO: [ template_filter ] --END-- [ RunTime:0.000195s ]
NOTIC: [8] Undefined variable: result F:\wwwroot\easygo\easygo\Application\Runtime\Cache\Admin\dac53c08b2a08222ed413d6077383452.php 第 202 行.
NOTIC: [8] Undefined variable: result F:\wwwroot\easygo\easygo\Application\Runtime\Cache\Admin\dac53c08b2a08222ed413d6077383452.php 第 203 行.
INFO: Run Behavior\ParseTemplateBehavior [ RunTime:0.013750s ]
INFO: [ view_parse ] --END-- [ RunTime:0.013834s ]
INFO: [ view_filter ] --START--
INFO: Run Behavior\WriteHtmlCacheBehavior [ RunTime:0.000283s ]
INFO: [ view_filter ] --END-- [ RunTime:0.000341s ]
INFO: [ app_end ] --START--
INFO: Run Behavior\ShowPageTraceBehavior [ RunTime:0.000654s ]
INFO: [ app_end ] --END-- [ RunTime:0.000729s ]

[ 2017-06-01T08:12:03+08:00 ] 127.0.0.1 /easygo/easygo/index.php/Admin/Indent/search?search_value=2
INFO: [ app_init ] --START--
INFO: Run Behavior\BuildLiteBehavior [ RunTime:0.000026s ]
INFO: [ app_init ] --END-- [ RunTime:0.000633s ]
INFO: [ app_begin ] --START--
INFO: Run Behavior\ReadHtmlCacheBehavior [ RunTime:0.000850s ]
INFO: [ app_begin ] --END-- [ RunTime:0.000956s ]
SQL: SHOW COLUMNS FROM `indent` [ RunTime:0.0325s ]
SQL: SELECT COUNT(*) AS tp_count FROM `indent` WHERE `ind_id` LIKE '%2%' LIMIT 1   [ RunTime:0.0010s ]
SQL: SELECT * FROM `indent` left JOIN information on information.inf_id = indent.inf_id left JOIN usertab on usertab.user_id=information.inf_user_id  WHERE `ind_id` LIKE '%2%' LIMIT 0,5   [ RunTime:0.0027s ]
INFO: [ view_parse ] --START--
INFO: [ template_filter ] --START--
INFO: Run Behavior\ContentReplaceBehavior [ RunTime:0.000131s ]
INFO: [ template_filter ] --END-- [ RunTime:0.000227s ]
SQL: SHOW COLUMNS FROM `usertab` [ RunTime:0.0580s ]
SQL: SELECT * FROM `usertab` WHERE ( user_id = 3 ) LIMIT 1   [ RunTime:0.0006s ]
INFO: Run Behavior\ParseTemplateBehavior [ RunTime:0.088256s ]
INFO: [ view_parse ] --END-- [ RunTime:0.088348s ]
INFO: [ view_filter ] --START--
INFO: Run Behavior\WriteHtmlCacheBehavior [ RunTime:0.000506s ]
INFO: [ view_filter ] --END-- [ RunTime:0.000567s ]
INFO: [ app_end ] --START--
INFO: Run Behavior\ShowPageTraceBehavior [ RunTime:0.000764s ]
INFO: [ app_end ] --END-- [ RunTime:0.000833s ]

[ 2017-06-01T08:12:20+08:00 ] 127.0.0.1 /easygo/easygo/index.php/Admin/Message/index
INFO: [ app_init ] --START--
INFO: Run Behavior\BuildLiteBehavior [ RunTime:0.000031s ]
INFO: [ app_init ] --END-- [ RunTime:0.000814s ]
INFO: [ app_begin ] --START--
INFO: Run Behavior\ReadHtmlCacheBehavior [ RunTime:0.000709s ]
INFO: [ app_begin ] --END-- [ RunTime:0.000821s ]
SQL: SHOW COLUMNS FROM `message` [ RunTime:0.0634s ]
SQL: SELECT COUNT(*) AS tp_count FROM `message` LIMIT 1   [ RunTime:0.0007s ]
SQL: SELECT * FROM `message` ORDER BY mes_id LIMIT 0,5   [ RunTime:0.0007s ]
INFO: [ view_parse ] --START--
INFO: [ template_filter ] --START--
INFO: Run Behavior\ContentReplaceBehavior [ RunTime:0.000100s ]
INFO: [ template_filter ] --END-- [ RunTime:0.000181s ]
INFO: Run Behavior\ParseTemplateBehavior [ RunTime:0.011852s ]
INFO: [ view_parse ] --END-- [ RunTime:0.011949s ]
INFO: [ view_filter ] --START--
INFO: Run Behavior\WriteHtmlCacheBehavior [ RunTime:0.000284s ]
INFO: [ view_filter ] --END-- [ RunTime:0.000344s ]
INFO: [ app_end ] --START--
INFO: Run Behavior\ShowPageTraceBehavior [ RunTime:0.000642s ]
INFO: [ app_end ] --END-- [ RunTime:0.000715s ]

[ 2017-06-01T08:12:28+08:00 ] 127.0.0.1 /easygo/easygo/index.php/Admin/Message/search?search_value=%E5%88%98%E6%89%BF%E7%9D%BF
INFO: [ app_init ] --START--
INFO: Run Behavior\BuildLiteBehavior [ RunTime:0.000020s ]
INFO: [ app_init ] --END-- [ RunTime:0.000564s ]
INFO: [ app_begin ] --START--
INFO: Run Behavior\ReadHtmlCacheBehavior [ RunTime:0.000758s ]
INFO: [ app_begin ] --END-- [ RunTime:0.000846s ]
SQL: SHOW COLUMNS FROM `message` [ RunTime:0.0568s ]
SQL: SELECT COUNT(*) AS tp_count FROM `message` WHERE `mes_intoduce` LIKE '%刘承睿%' OR `mes_username` LIKE '%刘承睿%' OR `mes_telephone` LIKE '%刘承睿%' OR `mes_email` LIKE '%刘承睿%' LIMIT 1   [ RunTime:0.0010s ]
SQL: SELECT * FROM `message` WHERE `mes_intoduce` LIKE '%刘承睿%' OR `mes_username` LIKE '%刘承睿%' OR `mes_telephone` LIKE '%刘承睿%' OR `mes_email` LIKE '%刘承睿%' LIMIT 0,2   [ RunTime:0.0010s ]
INFO: [ view_parse ] --START--
INFO: [ template_filter ] --START--
INFO: Run Behavior\ContentReplaceBehavior [ RunTime:0.000151s ]
INFO: [ template_filter ] --END-- [ RunTime:0.000281s ]
INFO: Run Behavior\ParseTemplateBehavior [ RunTime:0.026341s ]
INFO: [ view_parse ] --END-- [ RunTime:0.026472s ]
INFO: [ view_filter ] --START--
INFO: Run Behavior\WriteHtmlCacheBehavior [ RunTime:0.000449s ]
INFO: [ view_filter ] --END-- [ RunTime:0.000513s ]
INFO: [ app_end ] --START--
INFO: Run Behavior\ShowPageTraceBehavior [ RunTime:0.001111s ]
INFO: [ app_end ] --END-- [ RunTime:0.001211s ]

[ 2017-06-01T08:12:32+08:00 ] 127.0.0.1 /easygo/easygo/index.php/Admin/Indent/index
INFO: [ app_init ] --START--
INFO: Run Behavior\BuildLiteBehavior [ RunTime:0.000026s ]
INFO: [ app_init ] --END-- [ RunTime:0.000602s ]
INFO: [ app_begin ] --START--
INFO: Run Behavior\ReadHtmlCacheBehavior [ RunTime:0.000946s ]
INFO: [ app_begin ] --END-- [ RunTime:0.001073s ]
SQL: SHOW COLUMNS FROM `indent` [ RunTime:0.0296s ]
SQL: SELECT * FROM `indent` left JOIN information on information.inf_id = indent.inf_id left JOIN usertab on usertab.user_id=information.inf_user_id   [ RunTime:0.0026s ]
SQL: SELECT COUNT(*) AS tp_count FROM `indent` LIMIT 1   [ RunTime:0.0010s ]
SQL: SELECT * FROM `indent` left JOIN information on information.inf_id = indent.inf_id left JOIN usertab on usertab.user_id=information.inf_user_id  ORDER BY ind_id LIMIT 0,5   [ RunTime:0.0019s ]
INFO: [ view_parse ] --START--
INFO: [ template_filter ] --START--
INFO: Run Behavior\ContentReplaceBehavior [ RunTime:0.000179s ]
INFO: [ template_filter ] --END-- [ RunTime:0.000302s ]
SQL: SHOW COLUMNS FROM `usertab` [ RunTime:0.0344s ]
SQL: SELECT * FROM `usertab` WHERE ( user_id = 2 ) LIMIT 1   [ RunTime:0.0008s ]
SQL: SELECT * FROM `usertab` WHERE ( user_id = 3 ) LIMIT 1   [ RunTime:0.0016s ]
INFO: Run Behavior\ParseTemplateBehavior [ RunTime:0.059646s ]
INFO: [ view_parse ] --END-- [ RunTime:0.059793s ]
INFO: [ view_filter ] --START--
INFO: Run Behavior\WriteHtmlCacheBehavior [ RunTime:0.000750s ]
INFO: [ view_filter ] --END-- [ RunTime:0.000836s ]
INFO: [ app_end ] --START--
INFO: Run Behavior\ShowPageTraceBehavior [ RunTime:0.001050s ]
INFO: [ app_end ] --END-- [ RunTime:0.001155s ]

[ 2017-06-01T08:21:04+08:00 ] 127.0.0.1 /easygo/easygo/index.php/Admin/Indent/action.php
INFO: [ app_init ] --START--
INFO: Run Behavior\BuildLiteBehavior [ RunTime:0.000026s ]
INFO: [ app_init ] --END-- [ RunTime:0.000540s ]
INFO: [ app_begin ] --START--
INFO: Run Behavior\ReadHtmlCacheBehavior [ RunTime:0.000760s ]
INFO: [ app_begin ] --END-- [ RunTime:0.000843s ]
SQL: SHOW COLUMNS FROM `indent` [ RunTime:0.0241s ]
SQL: SELECT * FROM `indent` left JOIN information on information.inf_id = indent.inf_id left JOIN usertab on usertab.user_id=information.inf_user_id  WHERE ( ind_id=1 ) LIMIT 1   [ RunTime:0.0020s ]
INFO: [ app_end ] --START--
INFO: Run Behavior\ShowPageTraceBehavior [ RunTime:0.001175s ]
INFO: [ app_end ] --END-- [ RunTime:0.001268s ]

[ 2017-06-01T08:21:08+08:00 ] 127.0.0.1 /easygo/easygo/index.php/Admin/Indent/action.php
INFO: [ app_init ] --START--
INFO: Run Behavior\BuildLiteBehavior [ RunTime:0.000018s ]
INFO: [ app_init ] --END-- [ RunTime:0.000432s ]
INFO: [ app_begin ] --START--
INFO: Run Behavior\ReadHtmlCacheBehavior [ RunTime:0.000554s ]
INFO: [ app_begin ] --END-- [ RunTime:0.000619s ]
SQL: SHOW COLUMNS FROM `indent` [ RunTime:0.0270s ]
SQL: SELECT * FROM `indent` left JOIN information on information.inf_id = indent.inf_id left JOIN usertab on usertab.user_id=information.inf_user_id  WHERE ( ind_id=2 ) LIMIT 1   [ RunTime:0.0019s ]
INFO: [ app_end ] --START--
INFO: Run Behavior\ShowPageTraceBehavior [ RunTime:0.000768s ]
INFO: [ app_end ] --END-- [ RunTime:0.000920s ]

[ 2017-06-01T08:29:08+08:00 ] 127.0.0.1 /easygo/easygo/index.php/Admin/Indent/index
INFO: [ app_init ] --START--
INFO: Run Behavior\BuildLiteBehavior [ RunTime:0.000033s ]
INFO: [ app_init ] --END-- [ RunTime:0.000938s ]
INFO: [ app_begin ] --START--
INFO: Run Behavior\ReadHtmlCacheBehavior [ RunTime:0.001206s ]
INFO: [ app_begin ] --END-- [ RunTime:0.001347s ]

[ 2017-06-01T08:29:24+08:00 ] 127.0.0.1 /easygo/easygo/index.php/Admin/Indent/index
INFO: [ app_init ] --START--
INFO: Run Behavior\BuildLiteBehavior [ RunTime:0.000021s ]
INFO: [ app_init ] --END-- [ RunTime:0.000670s ]
INFO: [ app_begin ] --START--
INFO: Run Behavior\ReadHtmlCacheBehavior [ RunTime:0.000810s ]
INFO: [ app_begin ] --END-- [ RunTime:0.000920s ]
SQL: SHOW COLUMNS FROM `indent` [ RunTime:0.0242s ]
SQL: SELECT * FROM `indent` left JOIN information on information.inf_id = indent.inf_id left JOIN usertab on usertab.user_id=information.inf_user_id   [ RunTime:0.0015s ]
SQL: SELECT COUNT(*) AS tp_count FROM `indent` LIMIT 1   [ RunTime:0.0005s ]
SQL: SELECT * FROM `indent` left JOIN information on information.inf_id = indent.inf_id left JOIN usertab on usertab.user_id=information.inf_user_id  ORDER BY ind_id LIMIT 0,5   [ RunTime:0.0012s ]
INFO: [ view_parse ] --START--
INFO: [ template_filter ] --START--
INFO: Run Behavior\ContentReplaceBehavior [ RunTime:0.000106s ]
INFO: [ template_filter ] --END-- [ RunTime:0.000180s ]
SQL: SHOW COLUMNS FROM `usertab` [ RunTime:0.0221s ]
SQL: SELECT * FROM `usertab` WHERE ( user_id = 2 ) LIMIT 1   [ RunTime:0.0005s ]
SQL: SELECT * FROM `usertab` WHERE ( user_id = 3 ) LIMIT 1   [ RunTime:0.0004s ]
INFO: Run Behavior\ParseTemplateBehavior [ RunTime:0.075312s ]
INFO: [ view_parse ] --END-- [ RunTime:0.075424s ]
INFO: [ view_filter ] --START--
INFO: Run Behavior\WriteHtmlCacheBehavior [ RunTime:0.000508s ]
INFO: [ view_filter ] --END-- [ RunTime:0.000570s ]
INFO: [ app_end ] --START--
INFO: Run Behavior\ShowPageTraceBehavior [ RunTime:0.000776s ]
INFO: [ app_end ] --END-- [ RunTime:0.000853s ]

[ 2017-06-01T08:29:35+08:00 ] 127.0.0.1 /easygo/easygo/index.php/Admin/Indent/search?search_value=%E6%B3%95%E6%8B%89%E5%88%A9
INFO: [ app_init ] --START--
INFO: Run Behavior\BuildLiteBehavior [ RunTime:0.000016s ]
INFO: [ app_init ] --END-- [ RunTime:0.000400s ]
INFO: [ app_begin ] --START--
INFO: Run Behavior\ReadHtmlCacheBehavior [ RunTime:0.000627s ]
INFO: [ app_begin ] --END-- [ RunTime:0.000715s ]
SQL: SHOW COLUMNS FROM `indent` [ RunTime:0.0216s ]
SQL: SELECT COUNT(*) AS tp_count FROM `indent` left JOIN information on information.inf_id = indent.inf_id left JOIN usertab on usertab.user_id=information.inf_user_id  WHERE `ind_id` LIKE '%法拉利%' OR `ind_type` LIKE '%法拉利%' OR `user_name` LIKE '%法拉利%' OR `ind_state` LIKE '%法拉利%' LIMIT 1   [ RunTime:0.0013s ]
SQL: SELECT * FROM `indent` left JOIN information on information.inf_id = indent.inf_id left JOIN usertab on usertab.user_id=information.inf_user_id  WHERE `ind_id` LIKE '%法拉利%' OR `ind_type` LIKE '%法拉利%' OR `user_name` LIKE '%法拉利%' OR `ind_state` LIKE '%法拉利%' LIMIT 0,5   [ RunTime:0.0018s ]
INFO: [ view_parse ] --START--
INFO: [ template_filter ] --START--
INFO: Run Behavior\ContentReplaceBehavior [ RunTime:0.000111s ]
INFO: [ template_filter ] --END-- [ RunTime:0.000196s ]
NOTIC: [8] Undefined variable: result F:\wwwroot\easygo\easygo\Application\Runtime\Cache\Admin\dac53c08b2a08222ed413d6077383452.php 第 202 行.
NOTIC: [8] Undefined variable: result F:\wwwroot\easygo\easygo\Application\Runtime\Cache\Admin\dac53c08b2a08222ed413d6077383452.php 第 203 行.
INFO: Run Behavior\ParseTemplateBehavior [ RunTime:0.013447s ]
INFO: [ view_parse ] --END-- [ RunTime:0.013537s ]
INFO: [ view_filter ] --START--
INFO: Run Behavior\WriteHtmlCacheBehavior [ RunTime:0.000443s ]
INFO: [ view_filter ] --END-- [ RunTime:0.000504s ]
INFO: [ app_end ] --START--
INFO: Run Behavior\ShowPageTraceBehavior [ RunTime:0.001406s ]
INFO: [ app_end ] --END-- [ RunTime:0.001590s ]

[ 2017-06-01T08:59:31+08:00 ] 127.0.0.1 /easygo/easygo/index.php/Admin/Indent/search?search_value=%E6%B3%95%E6%8B%89%E5%88%A9
INFO: [ app_init ] --START--
INFO: Run Behavior\BuildLiteBehavior [ RunTime:0.000019s ]
INFO: [ app_init ] --END-- [ RunTime:0.000533s ]
INFO: [ app_begin ] --START--
INFO: Run Behavior\ReadHtmlCacheBehavior [ RunTime:0.000808s ]
INFO: [ app_begin ] --END-- [ RunTime:0.000893s ]
SQL: SHOW COLUMNS FROM `indent` [ RunTime:0.0254s ]
SQL: SELECT COUNT(*) AS tp_count FROM `indent` left JOIN information on information.inf_id = indent.inf_id left JOIN usertab on usertab.user_id=information.inf_user_id  WHERE `ind_id` LIKE '%法拉利%' OR `ind_type` LIKE '%法拉利%' OR `user_name` LIKE '%法拉利%' OR `ind_state` LIKE '%法拉利%' LIMIT 1   [ RunTime:0.0011s ]
SQL: SELECT * FROM `indent` left JOIN information on information.inf_id = indent.inf_id left JOIN usertab on usertab.user_id=information.inf_user_id  WHERE `ind_id` LIKE '%法拉利%' OR `ind_type` LIKE '%法拉利%' OR `user_name` LIKE '%法拉利%' OR `ind_state` LIKE '%法拉利%' LIMIT 0,5   [ RunTime:0.0013s ]
INFO: [ view_parse ] --START--
INFO: [ template_filter ] --START--
INFO: Run Behavior\ContentReplaceBehavior [ RunTime:0.000115s ]
INFO: [ template_filter ] --END-- [ RunTime:0.000203s ]
NOTIC: [8] Undefined variable: result F:\wwwroot\easygo\easygo\Application\Runtime\Cache\Admin\dac53c08b2a08222ed413d6077383452.php 第 202 行.
NOTIC: [8] Undefined variable: result F:\wwwroot\easygo\easygo\Application\Runtime\Cache\Admin\dac53c08b2a08222ed413d6077383452.php 第 203 行.
INFO: Run Behavior\ParseTemplateBehavior [ RunTime:0.013926s ]
INFO: [ view_parse ] --END-- [ RunTime:0.014019s ]
INFO: [ view_filter ] --START--
INFO: Run Behavior\WriteHtmlCacheBehavior [ RunTime:0.000497s ]
INFO: [ view_filter ] --END-- [ RunTime:0.000583s ]
INFO: [ app_end ] --START--
INFO: Run Behavior\ShowPageTraceBehavior [ RunTime:0.001007s ]
INFO: [ app_end ] --END-- [ RunTime:0.001110s ]

[ 2017-06-01T08:59:55+08:00 ] 127.0.0.1 /easygo/easygo/index.php/Admin/Indent/search?search_value=%E6%B3%95%E6%8B%89%E5%88%A9
INFO: [ app_init ] --START--
INFO: Run Behavior\BuildLiteBehavior [ RunTime:0.000017s ]
INFO: [ app_init ] --END-- [ RunTime:0.000466s ]
INFO: [ app_begin ] --START--
INFO: Run Behavior\ReadHtmlCacheBehavior [ RunTime:0.000724s ]
INFO: [ app_begin ] --END-- [ RunTime:0.000797s ]

[ 2017-06-01T09:00:45+08:00 ] 127.0.0.1 /easygo/easygo/index.php/Admin/Indent/search?search_value=%E6%B3%95%E6%8B%89%E5%88%A9
INFO: [ app_init ] --START--
INFO: Run Behavior\BuildLiteBehavior [ RunTime:0.000017s ]
INFO: [ app_init ] --END-- [ RunTime:0.000399s ]
INFO: [ app_begin ] --START--
INFO: Run Behavior\ReadHtmlCacheBehavior [ RunTime:0.000556s ]
INFO: [ app_begin ] --END-- [ RunTime:0.000627s ]
SQL: SHOW COLUMNS FROM `indent` [ RunTime:0.0212s ]
SQL: SELECT COUNT(*) AS tp_count FROM `indent` left JOIN information on information.inf_id = indent.inf_id left JOIN usertab on usertab.user_id=information.inf_user_id  WHERE `ind_id` LIKE '%法拉利%' OR `ind_type` LIKE '%法拉利%' OR `user_name` LIKE '%法拉利%' OR `ind_state` LIKE '%法拉利%' LIMIT 1   [ RunTime:0.0008s ]
SQL: SELECT * FROM `indent` left JOIN information on information.inf_id = indent.inf_id left JOIN usertab on usertab.user_id=information.inf_user_id  WHERE `ind_id` LIKE '%法拉利%' OR `ind_type` LIKE '%法拉利%' OR `user_name` LIKE '%法拉利%' OR `ind_state` LIKE '%法拉利%' LIMIT 0,5   [ RunTime:0.0015s ]
INFO: [ view_parse ] --START--
INFO: [ template_filter ] --START--
INFO: Run Behavior\ContentReplaceBehavior [ RunTime:0.000112s ]
INFO: [ template_filter ] --END-- [ RunTime:0.000196s ]
NOTIC: [8] Undefined variable: result F:\wwwroot\easygo\easygo\Application\Runtime\Cache\Admin\dac53c08b2a08222ed413d6077383452.php 第 202 行.
NOTIC: [8] Undefined variable: result F:\wwwroot\easygo\easygo\Application\Runtime\Cache\Admin\dac53c08b2a08222ed413d6077383452.php 第 203 行.
INFO: Run Behavior\ParseTemplateBehavior [ RunTime:0.013935s ]
INFO: [ view_parse ] --END-- [ RunTime:0.014011s ]
INFO: [ view_filter ] --START--
INFO: Run Behavior\WriteHtmlCacheBehavior [ RunTime:0.000290s ]
INFO: [ view_filter ] --END-- [ RunTime:0.000348s ]
INFO: [ app_end ] --START--
INFO: Run Behavior\ShowPageTraceBehavior [ RunTime:0.000801s ]
INFO: [ app_end ] --END-- [ RunTime:0.000908s ]

[ 2017-06-01T09:01:11+08:00 ] 127.0.0.1 /easygo/easygo/index.php/Admin/Indent/search?search_value=%E6%B3%95%E6%8B%89%E5%88%A9
INFO: [ app_init ] --START--
INFO: Run Behavior\BuildLiteBehavior [ RunTime:0.000018s ]
INFO: [ app_init ] --END-- [ RunTime:0.000418s ]
INFO: [ app_begin ] --START--
INFO: Run Behavior\ReadHtmlCacheBehavior [ RunTime:0.000897s ]
INFO: [ app_begin ] --END-- [ RunTime:0.000985s ]
SQL: SHOW COLUMNS FROM `indent` [ RunTime:0.0224s ]
SQL: SELECT COUNT(*) AS tp_count FROM `indent` left JOIN information on information.inf_id = indent.inf_id left JOIN usertab on usertab.user_id=information.inf_user_id  WHERE `ind_id` LIKE '%法拉利%' OR `ind_type` LIKE '%法拉利%' OR `user_name` LIKE '%法拉利%' OR `ind_state` LIKE '%法拉利%' LIMIT 1   [ RunTime:0.0008s ]
SQL: SELECT * FROM `indent` left JOIN information on information.inf_id = indent.inf_id left JOIN usertab on usertab.user_id=information.inf_user_id  WHERE `ind_id` LIKE '%法拉利%' OR `ind_type` LIKE '%法拉利%' OR `user_name` LIKE '%法拉利%' OR `ind_state` LIKE '%法拉利%' LIMIT 0,5   [ RunTime:0.0026s ]
INFO: [ view_parse ] --START--
INFO: [ template_filter ] --START--
INFO: Run Behavior\ContentReplaceBehavior [ RunTime:0.000112s ]
INFO: [ template_filter ] --END-- [ RunTime:0.000188s ]
NOTIC: [8] Undefined variable: result F:\wwwroot\easygo\easygo\Application\Runtime\Cache\Admin\dac53c08b2a08222ed413d6077383452.php 第 202 行.
NOTIC: [8] Undefined variable: result F:\wwwroot\easygo\easygo\Application\Runtime\Cache\Admin\dac53c08b2a08222ed413d6077383452.php 第 203 行.
INFO: Run Behavior\ParseTemplateBehavior [ RunTime:0.013240s ]
INFO: [ view_parse ] --END-- [ RunTime:0.013318s ]
INFO: [ view_filter ] --START--
INFO: Run Behavior\WriteHtmlCacheBehavior [ RunTime:0.000478s ]
INFO: [ view_filter ] --END-- [ RunTime:0.000542s ]
INFO: [ app_end ] --START--
INFO: Run Behavior\ShowPageTraceBehavior [ RunTime:0.000815s ]
INFO: [ app_end ] --END-- [ RunTime:0.000898s ]

[ 2017-06-01T09:01:33+08:00 ] 127.0.0.1 /easygo/easygo/index.php/Admin/Indent/search?search_value=%E6%B3%95%E6%8B%89%E5%88%A9
INFO: [ app_init ] --START--
INFO: Run Behavior\BuildLiteBehavior [ RunTime:0.000028s ]
INFO: [ app_init ] --END-- [ RunTime:0.000705s ]
INFO: [ app_begin ] --START--
INFO: Run Behavior\ReadHtmlCacheBehavior [ RunTime:0.000961s ]
INFO: [ app_begin ] --END-- [ RunTime:0.001067s ]
SQL: SHOW COLUMNS FROM `indent` [ RunTime:0.0209s ]
SQL: SELECT COUNT(*) AS tp_count FROM `indent` left JOIN information on information.inf_id = indent.inf_id left JOIN usertab on usertab.user_id=information.inf_user_id  WHERE `ind_id` LIKE '%法拉利%' OR `ind_type` LIKE '%法拉利%' OR `user_name` LIKE '%法拉利%' OR `ind_state` LIKE '%法拉利%' LIMIT 1   [ RunTime:0.0008s ]
SQL: SELECT * FROM `indent` left JOIN information on information.inf_id = indent.inf_id left JOIN usertab on usertab.user_id=information.inf_user_id  WHERE `ind_id` LIKE '%法拉利%' OR `ind_type` LIKE '%法拉利%' OR `user_name` LIKE '%法拉利%' OR `ind_state` LIKE '%法拉利%' LIMIT 0,5   [ RunTime:0.0020s ]
INFO: [ view_parse ] --START--
INFO: [ template_filter ] --START--
INFO: Run Behavior\ContentReplaceBehavior [ RunTime:0.000111s ]
INFO: [ template_filter ] --END-- [ RunTime:0.000189s ]
NOTIC: [8] Undefined variable: result F:\wwwroot\easygo\easygo\Application\Runtime\Cache\Admin\dac53c08b2a08222ed413d6077383452.php 第 202 行.
NOTIC: [8] Undefined variable: result F:\wwwroot\easygo\easygo\Application\Runtime\Cache\Admin\dac53c08b2a08222ed413d6077383452.php 第 203 行.
INFO: Run Behavior\ParseTemplateBehavior [ RunTime:0.015094s ]
INFO: [ view_parse ] --END-- [ RunTime:0.015200s ]
INFO: [ view_filter ] --START--
INFO: Run Behavior\WriteHtmlCacheBehavior [ RunTime:0.000439s ]
INFO: [ view_filter ] --END-- [ RunTime:0.000515s ]
NOTIC: [2] Cannot modify header information - headers already sent by (output started at F:\wwwroot\easygo\easygo\Application\Admin\Controller\IndentController.class.php:54) F:\wwwroot\easygo\easygo\ThinkPHP\Library\Think\View.class.php 第 91 行.
NOTIC: [2] Cannot modify header information - headers already sent by (output started at F:\wwwroot\easygo\easygo\Application\Admin\Controller\IndentController.class.php:54) F:\wwwroot\easygo\easygo\ThinkPHP\Library\Think\View.class.php 第 92 行.
NOTIC: [2] Cannot modify header information - headers already sent by (output started at F:\wwwroot\easygo\easygo\Application\Admin\Controller\IndentController.class.php:54) F:\wwwroot\easygo\easygo\ThinkPHP\Library\Think\View.class.php 第 93 行.
INFO: [ app_end ] --START--
INFO: Run Behavior\ShowPageTraceBehavior [ RunTime:0.001153s ]
INFO: [ app_end ] --END-- [ RunTime:0.001286s ]

[ 2017-06-01T09:04:04+08:00 ] 127.0.0.1 /easygo/easygo/index.php/Admin/Indent/search?search_value=%E6%B3%95%E6%8B%89%E5%88%A9
INFO: [ app_init ] --START--
INFO: Run Behavior\BuildLiteBehavior [ RunTime:0.000018s ]
INFO: [ app_init ] --END-- [ RunTime:0.000473s ]
INFO: [ app_begin ] --START--
INFO: Run Behavior\ReadHtmlCacheBehavior [ RunTime:0.000727s ]
INFO: [ app_begin ] --END-- [ RunTime:0.000804s ]
NOTIC: [8] Undefined variable: value F:\wwwroot\easygo\easygo\Application\Admin\Controller\IndentController.class.php 第 44 行.
NOTIC: [8] Undefined variable: value F:\wwwroot\easygo\easygo\Application\Admin\Controller\IndentController.class.php 第 45 行.
NOTIC: [8] Undefined variable: value F:\wwwroot\easygo\easygo\Application\Admin\Controller\IndentController.class.php 第 46 行.
NOTIC: [8] Undefined variable: value F:\wwwroot\easygo\easygo\Application\Admin\Controller\IndentController.class.php 第 47 行.
NOTIC: [8] Undefined variable: Model F:\wwwroot\easygo\easygo\Application\Admin\Controller\IndentController.class.php 第 50 行.

[ 2017-06-01T09:04:59+08:00 ] 127.0.0.1 /easygo/easygo/index.php/Admin/Indent/search?search_value=%E6%B3%95%E6%8B%89%E5%88%A9
INFO: [ app_init ] --START--
INFO: Run Behavior\BuildLiteBehavior [ RunTime:0.000030s ]
INFO: [ app_init ] --END-- [ RunTime:0.000751s ]
INFO: [ app_begin ] --START--
INFO: Run Behavior\ReadHtmlCacheBehavior [ RunTime:0.001164s ]
INFO: [ app_begin ] --END-- [ RunTime:0.001296s ]
SQL: SHOW COLUMNS FROM `indent` [ RunTime:0.0220s ]
SQL: SELECT COUNT(*) AS tp_count FROM `indent` left JOIN information on information.inf_id = indent.inf_id left JOIN usertab on usertab.user_id=information.inf_user_id  WHERE `ind_id` LIKE '%法拉利%' OR `inf_type` LIKE '%法拉利%' OR `user_name` LIKE '%法拉利%' OR `ind_type` LIKE '%法拉利%' LIMIT 1   [ RunTime:0.0007s ]
SQL: SELECT * FROM `indent` left JOIN information on information.inf_id = indent.inf_id left JOIN usertab on usertab.user_id=information.inf_user_id  WHERE `ind_id` LIKE '%法拉利%' OR `inf_type` LIKE '%法拉利%' OR `user_name` LIKE '%法拉利%' OR `ind_type` LIKE '%法拉利%' LIMIT 0,5   [ RunTime:0.0016s ]
INFO: [ view_parse ] --START--
INFO: [ template_filter ] --START--
INFO: Run Behavior\ContentReplaceBehavior [ RunTime:0.000116s ]
INFO: [ template_filter ] --END-- [ RunTime:0.000198s ]
SQL: SHOW COLUMNS FROM `usertab` [ RunTime:0.0210s ]
SQL: SELECT * FROM `usertab` WHERE ( user_id = 3 ) LIMIT 1   [ RunTime:0.0010s ]
INFO: Run Behavior\ParseTemplateBehavior [ RunTime:0.037542s ]
INFO: [ view_parse ] --END-- [ RunTime:0.037627s ]
INFO: [ view_filter ] --START--
INFO: Run Behavior\WriteHtmlCacheBehavior [ RunTime:0.000729s ]
INFO: [ view_filter ] --END-- [ RunTime:0.000821s ]
INFO: [ app_end ] --START--
INFO: Run Behavior\ShowPageTraceBehavior [ RunTime:0.000853s ]
INFO: [ app_end ] --END-- [ RunTime:0.000953s ]

[ 2017-06-01T09:05:09+08:00 ] 127.0.0.1 /easygo/easygo/index.php/Admin/Indent/search?search_value=%E6%B3%95%E6%8B%89%E5%88%A9
INFO: [ app_init ] --START--
INFO: Run Behavior\BuildLiteBehavior [ RunTime:0.000021s ]
INFO: [ app_init ] --END-- [ RunTime:0.000695s ]
INFO: [ app_begin ] --START--
INFO: Run Behavior\ReadHtmlCacheBehavior [ RunTime:0.000737s ]
INFO: [ app_begin ] --END-- [ RunTime:0.000810s ]
SQL: SHOW COLUMNS FROM `indent` [ RunTime:0.0239s ]
SQL: SELECT COUNT(*) AS tp_count FROM `indent` left JOIN information on information.inf_id = indent.inf_id left JOIN usertab on usertab.user_id=information.inf_user_id  WHERE `ind_id` LIKE '%法拉利%' OR `inf_type` LIKE '%法拉利%' OR `user_name` LIKE '%法拉利%' OR `ind_type` LIKE '%法拉利%' LIMIT 1   [ RunTime:0.0011s ]
SQL: SELECT * FROM `indent` left JOIN information on information.inf_id = indent.inf_id left JOIN usertab on usertab.user_id=information.inf_user_id  WHERE `ind_id` LIKE '%法拉利%' OR `inf_type` LIKE '%法拉利%' OR `user_name` LIKE '%法拉利%' OR `ind_type` LIKE '%法拉利%' LIMIT 0,5   [ RunTime:0.0020s ]
INFO: [ view_parse ] --START--
INFO: [ template_filter ] --START--
INFO: Run Behavior\ContentReplaceBehavior [ RunTime:0.000124s ]
INFO: [ template_filter ] --END-- [ RunTime:0.000213s ]
SQL: SHOW COLUMNS FROM `usertab` [ RunTime:0.0237s ]
SQL: SELECT * FROM `usertab` WHERE ( user_id = 3 ) LIMIT 1   [ RunTime:0.0013s ]
INFO: Run Behavior\ParseTemplateBehavior [ RunTime:0.040314s ]
INFO: [ view_parse ] --END-- [ RunTime:0.040452s ]
INFO: [ view_filter ] --START--
INFO: Run Behavior\WriteHtmlCacheBehavior [ RunTime:0.000663s ]
INFO: [ view_filter ] --END-- [ RunTime:0.000754s ]
INFO: [ app_end ] --START--
INFO: Run Behavior\ShowPageTraceBehavior [ RunTime:0.001262s ]
INFO: [ app_end ] --END-- [ RunTime:0.001410s ]

[ 2017-06-01T09:05:17+08:00 ] 127.0.0.1 /easygo/easygo/index.php/Admin/Indent/search?search_value=%E5%88%98%E6%89%BF%E7%9D%BF
INFO: [ app_init ] --START--
INFO: Run Behavior\BuildLiteBehavior [ RunTime:0.000017s ]
INFO: [ app_init ] --END-- [ RunTime:0.000397s ]
INFO: [ app_begin ] --START--
INFO: Run Behavior\ReadHtmlCacheBehavior [ RunTime:0.000570s ]
INFO: [ app_begin ] --END-- [ RunTime:0.000640s ]
SQL: SHOW COLUMNS FROM `indent` [ RunTime:0.0253s ]
SQL: SELECT COUNT(*) AS tp_count FROM `indent` left JOIN information on information.inf_id = indent.inf_id left JOIN usertab on usertab.user_id=information.inf_user_id  WHERE `ind_id` LIKE '%刘承睿%' OR `inf_type` LIKE '%刘承睿%' OR `user_name` LIKE '%刘承睿%' OR `ind_type` LIKE '%刘承睿%' LIMIT 1   [ RunTime:0.0010s ]
SQL: SELECT * FROM `indent` left JOIN information on information.inf_id = indent.inf_id left JOIN usertab on usertab.user_id=information.inf_user_id  WHERE `ind_id` LIKE '%刘承睿%' OR `inf_type` LIKE '%刘承睿%' OR `user_name` LIKE '%刘承睿%' OR `ind_type` LIKE '%刘承睿%' LIMIT 0,5   [ RunTime:0.0019s ]
INFO: [ view_parse ] --START--
INFO: [ template_filter ] --START--
INFO: Run Behavior\ContentReplaceBehavior [ RunTime:0.000117s ]
INFO: [ template_filter ] --END-- [ RunTime:0.000206s ]
SQL: SHOW COLUMNS FROM `usertab` [ RunTime:0.0239s ]
SQL: SELECT * FROM `usertab` WHERE ( user_id = 2 ) LIMIT 1   [ RunTime:0.0007s ]
SQL: SELECT * FROM `usertab` WHERE ( user_id = 3 ) LIMIT 1   [ RunTime:0.0009s ]
INFO: Run Behavior\ParseTemplateBehavior [ RunTime:0.042401s ]
INFO: [ view_parse ] --END-- [ RunTime:0.042521s ]
INFO: [ view_filter ] --START--
INFO: Run Behavior\WriteHtmlCacheBehavior [ RunTime:0.000689s ]
INFO: [ view_filter ] --END-- [ RunTime:0.000764s ]
INFO: [ app_end ] --START--
INFO: Run Behavior\ShowPageTraceBehavior [ RunTime:0.000949s ]
INFO: [ app_end ] --END-- [ RunTime:0.001081s ]

