[ 2017-06-04T14:08:18+08:00 ] 127.0.0.1 /easygo/easygo/index.php/admin
INFO: [ app_init ] --START--
INFO: Run Behavior\BuildLiteBehavior [ RunTime:0.000017s ]
INFO: [ app_init ] --END-- [ RunTime:0.000402s ]
INFO: [ app_begin ] --START--
INFO: Run Behavior\ReadHtmlCacheBehavior [ RunTime:0.000793s ]
INFO: [ app_begin ] --END-- [ RunTime:0.000905s ]

[ 2017-06-04T14:08:18+08:00 ] 127.0.0.1 /easygo/easygo/index.php/Admin/Admin/login
INFO: [ app_init ] --START--
INFO: Run Behavior\BuildLiteBehavior [ RunTime:0.000017s ]
INFO: [ app_init ] --END-- [ RunTime:0.000408s ]
INFO: [ app_begin ] --START--
INFO: Run Behavior\ReadHtmlCacheBehavior [ RunTime:0.000611s ]
INFO: [ app_begin ] --END-- [ RunTime:0.000700s ]
NOTIC: [8] A session had already been started - ignoring session_start() F:\wwwroot\easygo\easygo\Application\Admin\Controller\AdminController.class.php 第 4 行.
INFO: [ view_parse ] --START--
INFO: [ template_filter ] --START--
INFO: Run Behavior\ContentReplaceBehavior [ RunTime:0.000054s ]
INFO: [ template_filter ] --END-- [ RunTime:0.000139s ]
INFO: Run Behavior\ParseTemplateBehavior [ RunTime:0.060012s ]
INFO: [ view_parse ] --END-- [ RunTime:0.060114s ]
INFO: [ view_filter ] --START--
INFO: Run Behavior\WriteHtmlCacheBehavior [ RunTime:0.000436s ]
INFO: [ view_filter ] --END-- [ RunTime:0.000496s ]
INFO: [ app_end ] --START--
INFO: Run Behavior\ShowPageTraceBehavior [ RunTime:0.000729s ]
INFO: [ app_end ] --END-- [ RunTime:0.000792s ]

[ 2017-06-04T14:08:22+08:00 ] 127.0.0.1 /easygo/easygo/index.php/Admin/Admin/login
INFO: [ app_init ] --START--
INFO: Run Behavior\BuildLiteBehavior [ RunTime:0.000020s ]
INFO: [ app_init ] --END-- [ RunTime:0.000546s ]
INFO: [ app_begin ] --START--
INFO: Run Behavior\ReadHtmlCacheBehavior [ RunTime:0.000725s ]
INFO: [ app_begin ] --END-- [ RunTime:0.000801s ]
NOTIC: [8] A session had already been started - ignoring session_start() F:\wwwroot\easygo\easygo\Application\Admin\Controller\AdminController.class.php 第 4 行.
SQL: SHOW COLUMNS FROM `administrator` [ RunTime:0.1807s ]
SQL: SELECT * FROM `administrator` WHERE `adm_username` = 'admin' AND `adm_password` = 'admin' LIMIT 1   [ RunTime:0.0459s ]
SQL: SELECT COUNT(*) AS tp_count FROM `administrator` WHERE `adm_username` = 'admin' AND `adm_password` = 'admin' LIMIT 1   [ RunTime:0.0271s ]

[ 2017-06-04T14:08:23+08:00 ] 127.0.0.1 /easygo/easygo/index.php/Admin/Admin/index
INFO: [ app_init ] --START--
INFO: Run Behavior\BuildLiteBehavior [ RunTime:0.000021s ]
INFO: [ app_init ] --END-- [ RunTime:0.000555s ]
INFO: [ app_begin ] --START--
INFO: Run Behavior\ReadHtmlCacheBehavior [ RunTime:0.000700s ]
INFO: [ app_begin ] --END-- [ RunTime:0.000804s ]
NOTIC: [8] A session had already been started - ignoring session_start() F:\wwwroot\easygo\easygo\Application\Admin\Controller\AdminController.class.php 第 4 行.
SQL: SHOW COLUMNS FROM `administrator` [ RunTime:0.0240s ]
SQL: SELECT COUNT(*) AS tp_count FROM `administrator` LIMIT 1   [ RunTime:0.0008s ]
SQL: SELECT * FROM `administrator` ORDER BY adm_id LIMIT 0,5   [ RunTime:0.0010s ]
INFO: [ view_parse ] --START--
INFO: [ template_filter ] --START--
INFO: Run Behavior\ContentReplaceBehavior [ RunTime:0.000097s ]
INFO: [ template_filter ] --END-- [ RunTime:0.000174s ]
INFO: Run Behavior\ParseTemplateBehavior [ RunTime:0.034273s ]
INFO: [ view_parse ] --END-- [ RunTime:0.034354s ]
INFO: [ view_filter ] --START--
INFO: Run Behavior\WriteHtmlCacheBehavior [ RunTime:0.000432s ]
INFO: [ view_filter ] --END-- [ RunTime:0.000494s ]
INFO: [ app_end ] --START--
INFO: Run Behavior\ShowPageTraceBehavior [ RunTime:0.000870s ]
INFO: [ app_end ] --END-- [ RunTime:0.000949s ]

[ 2017-06-04T14:08:28+08:00 ] 127.0.0.1 /easygo/easygo/index.php/Admin/User/user
INFO: [ app_init ] --START--
INFO: Run Behavior\BuildLiteBehavior [ RunTime:0.000018s ]
INFO: [ app_init ] --END-- [ RunTime:0.000458s ]
INFO: [ app_begin ] --START--
INFO: Run Behavior\ReadHtmlCacheBehavior [ RunTime:0.000860s ]
INFO: [ app_begin ] --END-- [ RunTime:0.000944s ]
SQL: SHOW COLUMNS FROM `usertab` [ RunTime:0.0717s ]
SQL: SELECT COUNT(*) AS tp_count FROM `usertab` LIMIT 1   [ RunTime:0.0007s ]
SQL: SELECT * FROM `usertab` ORDER BY user_id LIMIT 0,5   [ RunTime:0.0009s ]
INFO: [ view_parse ] --START--
INFO: [ template_filter ] --START--
INFO: Run Behavior\ContentReplaceBehavior [ RunTime:0.000106s ]
INFO: [ template_filter ] --END-- [ RunTime:0.000210s ]
INFO: Run Behavior\ParseTemplateBehavior [ RunTime:0.050139s ]
INFO: [ view_parse ] --END-- [ RunTime:0.050246s ]
INFO: [ view_filter ] --START--
INFO: Run Behavior\WriteHtmlCacheBehavior [ RunTime:0.000519s ]
INFO: [ view_filter ] --END-- [ RunTime:0.000592s ]
INFO: [ app_end ] --START--
INFO: Run Behavior\ShowPageTraceBehavior [ RunTime:0.001090s ]
INFO: [ app_end ] --END-- [ RunTime:0.001203s ]

[ 2017-06-04T14:08:30+08:00 ] 127.0.0.1 /easygo/easygo/index.php/Admin/User/action.php
INFO: [ app_init ] --START--
INFO: Run Behavior\BuildLiteBehavior [ RunTime:0.000017s ]
INFO: [ app_init ] --END-- [ RunTime:0.000414s ]
INFO: [ app_begin ] --START--
INFO: Run Behavior\ReadHtmlCacheBehavior [ RunTime:0.000554s ]
INFO: [ app_begin ] --END-- [ RunTime:0.000620s ]
SQL: SHOW COLUMNS FROM `usertab` [ RunTime:0.0245s ]
SQL: SELECT * FROM `usertab` WHERE ( user_id=1 ) LIMIT 1   [ RunTime:0.0011s ]
INFO: [ app_end ] --START--
INFO: Run Behavior\ShowPageTraceBehavior [ RunTime:0.000793s ]
INFO: [ app_end ] --END-- [ RunTime:0.000896s ]

[ 2017-06-04T14:08:36+08:00 ] 127.0.0.1 /easygo/easygo/index.php/Admin/User/search?search_value=%E5%88%98%E6%89%BF%E7%9D%BF
INFO: [ app_init ] --START--
INFO: Run Behavior\BuildLiteBehavior [ RunTime:0.000016s ]
INFO: [ app_init ] --END-- [ RunTime:0.000407s ]
INFO: [ app_begin ] --START--
INFO: Run Behavior\ReadHtmlCacheBehavior [ RunTime:0.000561s ]
INFO: [ app_begin ] --END-- [ RunTime:0.000631s ]
SQL: SHOW COLUMNS FROM `usertab` [ RunTime:0.0271s ]
SQL: SELECT COUNT(*) AS tp_count FROM `usertab` WHERE `user_name` LIKE '%刘承睿%' LIMIT 1   [ RunTime:0.0135s ]
SQL: SELECT * FROM `usertab` WHERE `user_name` LIKE '%刘承睿%' LIMIT 0,1   [ RunTime:0.0015s ]
INFO: [ view_parse ] --START--
INFO: [ template_filter ] --START--
INFO: Run Behavior\ContentReplaceBehavior [ RunTime:0.000108s ]
INFO: [ template_filter ] --END-- [ RunTime:0.000188s ]
INFO: Run Behavior\ParseTemplateBehavior [ RunTime:0.041663s ]
INFO: [ view_parse ] --END-- [ RunTime:0.041762s ]
INFO: [ view_filter ] --START--
INFO: Run Behavior\WriteHtmlCacheBehavior [ RunTime:0.000291s ]
INFO: [ view_filter ] --END-- [ RunTime:0.000351s ]
INFO: [ app_end ] --START--
INFO: Run Behavior\ShowPageTraceBehavior [ RunTime:0.001096s ]
INFO: [ app_end ] --END-- [ RunTime:0.001337s ]

[ 2017-06-04T14:08:37+08:00 ] 127.0.0.1 /easygo/easygo/index.php/Admin/User/search?search_value=
INFO: [ app_init ] --START--
INFO: Run Behavior\BuildLiteBehavior [ RunTime:0.000018s ]
INFO: [ app_init ] --END-- [ RunTime:0.000404s ]
INFO: [ app_begin ] --START--
INFO: Run Behavior\ReadHtmlCacheBehavior [ RunTime:0.000557s ]
INFO: [ app_begin ] --END-- [ RunTime:0.000627s ]
SQL: SHOW COLUMNS FROM `usertab` [ RunTime:0.0309s ]
SQL: SELECT COUNT(*) AS tp_count FROM `usertab` WHERE `user_name` LIKE '%%' LIMIT 1   [ RunTime:0.0010s ]
SQL: SELECT * FROM `usertab` WHERE `user_name` LIKE '%%' LIMIT 0,1   [ RunTime:0.0011s ]
INFO: [ view_parse ] --START--
INFO: [ template_filter ] --START--
INFO: Run Behavior\ContentReplaceBehavior [ RunTime:0.000161s ]
INFO: [ template_filter ] --END-- [ RunTime:0.000286s ]
INFO: Run Behavior\ParseTemplateBehavior [ RunTime:0.018669s ]
INFO: [ view_parse ] --END-- [ RunTime:0.018777s ]
INFO: [ view_filter ] --START--
INFO: Run Behavior\WriteHtmlCacheBehavior [ RunTime:0.000332s ]
INFO: [ view_filter ] --END-- [ RunTime:0.000394s ]
INFO: [ app_end ] --START--
INFO: Run Behavior\ShowPageTraceBehavior [ RunTime:0.000972s ]
INFO: [ app_end ] --END-- [ RunTime:0.001106s ]

[ 2017-06-04T14:08:54+08:00 ] 127.0.0.1 /easygo/easygo/index.php/Admin/Message/index
INFO: [ app_init ] --START--
INFO: Run Behavior\BuildLiteBehavior [ RunTime:0.000018s ]
INFO: [ app_init ] --END-- [ RunTime:0.000484s ]
INFO: [ app_begin ] --START--
INFO: Run Behavior\ReadHtmlCacheBehavior [ RunTime:0.000794s ]
INFO: [ app_begin ] --END-- [ RunTime:0.000883s ]
SQL: SHOW COLUMNS FROM `message` [ RunTime:0.0273s ]
SQL: SELECT COUNT(*) AS tp_count FROM `message` LIMIT 1   [ RunTime:0.0014s ]
SQL: SELECT * FROM `message` ORDER BY mes_id LIMIT 0,5   [ RunTime:0.0464s ]
INFO: [ view_parse ] --START--
INFO: [ template_filter ] --START--
INFO: Run Behavior\ContentReplaceBehavior [ RunTime:0.000146s ]
INFO: [ template_filter ] --END-- [ RunTime:0.000305s ]
INFO: Run Behavior\ParseTemplateBehavior [ RunTime:0.043110s ]
INFO: [ view_parse ] --END-- [ RunTime:0.043208s ]
INFO: [ view_filter ] --START--
INFO: Run Behavior\WriteHtmlCacheBehavior [ RunTime:0.000428s ]
INFO: [ view_filter ] --END-- [ RunTime:0.000494s ]
INFO: [ app_end ] --START--
INFO: Run Behavior\ShowPageTraceBehavior [ RunTime:0.000989s ]
INFO: [ app_end ] --END-- [ RunTime:0.001104s ]

[ 2017-06-04T14:08:59+08:00 ] 127.0.0.1 /easygo/easygo/index.php/Admin/Message/search?search_value=%E5%88%98%E6%89%BF%E7%9D%BF
INFO: [ app_init ] --START--
INFO: Run Behavior\BuildLiteBehavior [ RunTime:0.000017s ]
INFO: [ app_init ] --END-- [ RunTime:0.000407s ]
INFO: [ app_begin ] --START--
INFO: Run Behavior\ReadHtmlCacheBehavior [ RunTime:0.000570s ]
INFO: [ app_begin ] --END-- [ RunTime:0.000638s ]
SQL: SHOW COLUMNS FROM `message` [ RunTime:0.0265s ]
SQL: SELECT COUNT(*) AS tp_count FROM `message` WHERE `mes_intoduce` LIKE '%刘承睿%' OR `mes_username` LIKE '%刘承睿%' OR `mes_telephone` LIKE '%刘承睿%' OR `mes_email` LIKE '%刘承睿%' LIMIT 1   [ RunTime:0.0020s ]
SQL: SELECT * FROM `message` WHERE `mes_intoduce` LIKE '%刘承睿%' OR `mes_username` LIKE '%刘承睿%' OR `mes_telephone` LIKE '%刘承睿%' OR `mes_email` LIKE '%刘承睿%' LIMIT 0,2   [ RunTime:0.0021s ]
INFO: [ view_parse ] --START--
INFO: [ template_filter ] --START--
INFO: Run Behavior\ContentReplaceBehavior [ RunTime:0.000105s ]
INFO: [ template_filter ] --END-- [ RunTime:0.000201s ]
INFO: Run Behavior\ParseTemplateBehavior [ RunTime:0.016133s ]
INFO: [ view_parse ] --END-- [ RunTime:0.016288s ]
INFO: [ view_filter ] --START--
INFO: Run Behavior\WriteHtmlCacheBehavior [ RunTime:0.000519s ]
INFO: [ view_filter ] --END-- [ RunTime:0.000633s ]
INFO: [ app_end ] --START--
INFO: Run Behavior\ShowPageTraceBehavior [ RunTime:0.001277s ]
INFO: [ app_end ] --END-- [ RunTime:0.001757s ]

[ 2017-06-04T14:10:22+08:00 ] 127.0.0.1 /easygo/easygo/index.php/Admin/Indent/index
INFO: [ app_init ] --START--
INFO: Run Behavior\BuildLiteBehavior [ RunTime:0.000019s ]
INFO: [ app_init ] --END-- [ RunTime:0.000476s ]
INFO: [ app_begin ] --START--
INFO: Run Behavior\ReadHtmlCacheBehavior [ RunTime:0.000777s ]
INFO: [ app_begin ] --END-- [ RunTime:0.000856s ]
SQL: SHOW COLUMNS FROM `indent` [ RunTime:0.0236s ]
SQL: SELECT * FROM `indent` left JOIN information on information.inf_id = indent.inf_id left JOIN usertab on usertab.user_id=information.inf_user_id   [ RunTime:0.0020s ]
SQL: SELECT COUNT(*) AS tp_count FROM `indent` LIMIT 1   [ RunTime:0.0014s ]
SQL: SELECT * FROM `indent` left JOIN information on information.inf_id = indent.inf_id left JOIN usertab on usertab.user_id=information.inf_user_id  ORDER BY ind_id LIMIT 0,5   [ RunTime:0.0026s ]
INFO: [ view_parse ] --START--
INFO: [ template_filter ] --START--
INFO: Run Behavior\ContentReplaceBehavior [ RunTime:0.000104s ]
INFO: [ template_filter ] --END-- [ RunTime:0.000184s ]
SQL: SHOW COLUMNS FROM `usertab` [ RunTime:0.0234s ]
SQL: SELECT * FROM `usertab` WHERE ( user_id = 2 ) LIMIT 1   [ RunTime:0.0011s ]
SQL: SELECT * FROM `usertab` WHERE ( user_id = 3 ) LIMIT 1   [ RunTime:0.0012s ]
INFO: Run Behavior\ParseTemplateBehavior [ RunTime:0.075772s ]
INFO: [ view_parse ] --END-- [ RunTime:0.075856s ]
INFO: [ view_filter ] --START--
INFO: Run Behavior\WriteHtmlCacheBehavior [ RunTime:0.000519s ]
INFO: [ view_filter ] --END-- [ RunTime:0.000580s ]
INFO: [ app_end ] --START--
INFO: Run Behavior\ShowPageTraceBehavior [ RunTime:0.001070s ]
INFO: [ app_end ] --END-- [ RunTime:0.001191s ]

[ 2017-06-04T14:10:28+08:00 ] 127.0.0.1 /easygo/easygo/index.php/Admin/Indent/search?search_value=%E6%B3%95%E6%8B%89%E5%88%A9
INFO: [ app_init ] --START--
INFO: Run Behavior\BuildLiteBehavior [ RunTime:0.000019s ]
INFO: [ app_init ] --END-- [ RunTime:0.000456s ]
INFO: [ app_begin ] --START--
INFO: Run Behavior\ReadHtmlCacheBehavior [ RunTime:0.000587s ]
INFO: [ app_begin ] --END-- [ RunTime:0.000662s ]
SQL: SHOW COLUMNS FROM `indent` [ RunTime:0.0310s ]
SQL: SELECT COUNT(*) AS tp_count FROM `indent` left JOIN information on information.inf_id = indent.inf_id left JOIN usertab on usertab.user_id=information.inf_user_id  WHERE `ind_id` LIKE '%法拉利%' OR `inf_type` LIKE '%法拉利%' OR `user_name` LIKE '%法拉利%' OR `ind_type` LIKE '%法拉利%' LIMIT 1   [ RunTime:0.0162s ]
SQL: SELECT * FROM `indent` left JOIN information on information.inf_id = indent.inf_id left JOIN usertab on usertab.user_id=information.inf_user_id  WHERE `ind_id` LIKE '%法拉利%' OR `inf_type` LIKE '%法拉利%' OR `user_name` LIKE '%法拉利%' OR `ind_type` LIKE '%法拉利%' LIMIT 0,5   [ RunTime:0.0016s ]
INFO: [ view_parse ] --START--
INFO: [ template_filter ] --START--
INFO: Run Behavior\ContentReplaceBehavior [ RunTime:0.000170s ]
INFO: [ template_filter ] --END-- [ RunTime:0.000292s ]
SQL: SHOW COLUMNS FROM `usertab` [ RunTime:0.0249s ]
SQL: SELECT * FROM `usertab` WHERE ( user_id = 3 ) LIMIT 1   [ RunTime:0.0008s ]
INFO: Run Behavior\ParseTemplateBehavior [ RunTime:0.065186s ]
INFO: [ view_parse ] --END-- [ RunTime:0.065273s ]
INFO: [ view_filter ] --START--
INFO: Run Behavior\WriteHtmlCacheBehavior [ RunTime:0.000373s ]
INFO: [ view_filter ] --END-- [ RunTime:0.000432s ]
INFO: [ app_end ] --START--
INFO: Run Behavior\ShowPageTraceBehavior [ RunTime:0.001231s ]
INFO: [ app_end ] --END-- [ RunTime:0.001391s ]

[ 2017-06-04T14:10:36+08:00 ] 127.0.0.1 /easygo/easygo/index.php/Admin/Indent/index
INFO: [ app_init ] --START--
INFO: Run Behavior\BuildLiteBehavior [ RunTime:0.000017s ]
INFO: [ app_init ] --END-- [ RunTime:0.000409s ]
INFO: [ app_begin ] --START--
INFO: Run Behavior\ReadHtmlCacheBehavior [ RunTime:0.000576s ]
INFO: [ app_begin ] --END-- [ RunTime:0.000651s ]
SQL: SHOW COLUMNS FROM `indent` [ RunTime:0.0225s ]
SQL: SELECT * FROM `indent` left JOIN information on information.inf_id = indent.inf_id left JOIN usertab on usertab.user_id=information.inf_user_id   [ RunTime:0.0023s ]
SQL: SELECT COUNT(*) AS tp_count FROM `indent` LIMIT 1   [ RunTime:0.0010s ]
SQL: SELECT * FROM `indent` left JOIN information on information.inf_id = indent.inf_id left JOIN usertab on usertab.user_id=information.inf_user_id  ORDER BY ind_id LIMIT 0,5   [ RunTime:0.0016s ]
INFO: [ view_parse ] --START--
INFO: [ template_filter ] --START--
INFO: Run Behavior\ContentReplaceBehavior [ RunTime:0.000163s ]
INFO: [ template_filter ] --END-- [ RunTime:0.000295s ]
SQL: SHOW COLUMNS FROM `usertab` [ RunTime:0.0211s ]
SQL: SELECT * FROM `usertab` WHERE ( user_id = 2 ) LIMIT 1   [ RunTime:0.0010s ]
SQL: SELECT * FROM `usertab` WHERE ( user_id = 3 ) LIMIT 1   [ RunTime:0.0009s ]
INFO: Run Behavior\ParseTemplateBehavior [ RunTime:0.039540s ]
INFO: [ view_parse ] --END-- [ RunTime:0.039625s ]
INFO: [ view_filter ] --START--
INFO: Run Behavior\WriteHtmlCacheBehavior [ RunTime:0.000390s ]
INFO: [ view_filter ] --END-- [ RunTime:0.000453s ]
INFO: [ app_end ] --START--
INFO: Run Behavior\ShowPageTraceBehavior [ RunTime:0.001004s ]
INFO: [ app_end ] --END-- [ RunTime:0.001095s ]

