[ 2017-06-13T08:44:06+08:00 ] 127.0.0.1 /easygo/easygo2/easygo/index.php/admin
INFO: [ app_init ] --START--
INFO: Run Behavior\BuildLiteBehavior [ RunTime:0.000017s ]
INFO: [ app_init ] --END-- [ RunTime:0.000466s ]
INFO: [ app_begin ] --START--
INFO: Run Behavior\ReadHtmlCacheBehavior [ RunTime:0.000938s ]
INFO: [ app_begin ] --END-- [ RunTime:0.001018s ]

[ 2017-06-13T08:44:06+08:00 ] 127.0.0.1 /easygo/easygo2/easygo/index.php/Admin/Admin/login
INFO: [ app_init ] --START--
INFO: Run Behavior\BuildLiteBehavior [ RunTime:0.000018s ]
INFO: [ app_init ] --END-- [ RunTime:0.000454s ]
INFO: [ app_begin ] --START--
INFO: Run Behavior\ReadHtmlCacheBehavior [ RunTime:0.000823s ]
INFO: [ app_begin ] --END-- [ RunTime:0.000919s ]
NOTIC: [8] A session had already been started - ignoring session_start() F:\wwwroot\easygo\easygo2\easygo\Application\Admin\Controller\AdminController.class.php 第 4 行.
INFO: [ view_parse ] --START--
INFO: [ template_filter ] --START--
INFO: Run Behavior\ContentReplaceBehavior [ RunTime:0.000057s ]
INFO: [ template_filter ] --END-- [ RunTime:0.000145s ]
INFO: Run Behavior\ParseTemplateBehavior [ RunTime:0.071274s ]
INFO: [ view_parse ] --END-- [ RunTime:0.071358s ]
INFO: [ view_filter ] --START--
INFO: Run Behavior\WriteHtmlCacheBehavior [ RunTime:0.000391s ]
INFO: [ view_filter ] --END-- [ RunTime:0.000451s ]
INFO: [ app_end ] --START--
INFO: Run Behavior\ShowPageTraceBehavior [ RunTime:0.001126s ]
INFO: [ app_end ] --END-- [ RunTime:0.001212s ]

[ 2017-06-13T08:44:10+08:00 ] 127.0.0.1 /easygo/easygo2/easygo/index.php/Admin/Admin/login
INFO: [ app_init ] --START--
INFO: Run Behavior\BuildLiteBehavior [ RunTime:0.000039s ]
INFO: [ app_init ] --END-- [ RunTime:0.000693s ]
INFO: [ app_begin ] --START--
INFO: Run Behavior\ReadHtmlCacheBehavior [ RunTime:0.000752s ]
INFO: [ app_begin ] --END-- [ RunTime:0.000825s ]
NOTIC: [8] A session had already been started - ignoring session_start() F:\wwwroot\easygo\easygo2\easygo\Application\Admin\Controller\AdminController.class.php 第 4 行.
SQL: SHOW COLUMNS FROM `administrator` [ RunTime:0.0875s ]
SQL: SELECT * FROM `administrator` WHERE `adm_username` = 'admin' AND `adm_password` = 'admin' LIMIT 1   [ RunTime:0.0007s ]
SQL: SELECT COUNT(*) AS tp_count FROM `administrator` WHERE `adm_username` = 'admin' AND `adm_password` = 'admin' LIMIT 1   [ RunTime:0.0006s ]

[ 2017-06-13T08:44:12+08:00 ] 127.0.0.1 /easygo/easygo2/easygo/index.php/Admin/Indent/index
INFO: [ app_init ] --START--
INFO: Run Behavior\BuildLiteBehavior [ RunTime:0.000018s ]
INFO: [ app_init ] --END-- [ RunTime:0.000469s ]
INFO: [ app_begin ] --START--
INFO: Run Behavior\ReadHtmlCacheBehavior [ RunTime:0.000876s ]
INFO: [ app_begin ] --END-- [ RunTime:0.000956s ]
SQL: SHOW COLUMNS FROM `indent` [ RunTime:0.2267s ]
ERR: SQLSTATE[42S22]: Column not found: 1054 Unknown column 'indent.inf_id' in 'on clause'

[ 2017-06-13T08:44:17+08:00 ] 127.0.0.1 /easygo/easygo2/easygo/index.php/Admin/Admin/login
INFO: [ app_init ] --START--
INFO: Run Behavior\BuildLiteBehavior [ RunTime:0.000020s ]
INFO: [ app_init ] --END-- [ RunTime:0.000482s ]
INFO: [ app_begin ] --START--
INFO: Run Behavior\ReadHtmlCacheBehavior [ RunTime:0.000930s ]
INFO: [ app_begin ] --END-- [ RunTime:0.001020s ]
NOTIC: [8] A session had already been started - ignoring session_start() F:\wwwroot\easygo\easygo2\easygo\Application\Admin\Controller\AdminController.class.php 第 4 行.
INFO: [ view_parse ] --START--
INFO: [ template_filter ] --START--
INFO: Run Behavior\ContentReplaceBehavior [ RunTime:0.000056s ]
INFO: [ template_filter ] --END-- [ RunTime:0.000139s ]
INFO: Run Behavior\ParseTemplateBehavior [ RunTime:0.010133s ]
INFO: [ view_parse ] --END-- [ RunTime:0.010248s ]
INFO: [ view_filter ] --START--
INFO: Run Behavior\WriteHtmlCacheBehavior [ RunTime:0.000489s ]
INFO: [ view_filter ] --END-- [ RunTime:0.000588s ]
INFO: [ app_end ] --START--
INFO: Run Behavior\ShowPageTraceBehavior [ RunTime:0.001072s ]
INFO: [ app_end ] --END-- [ RunTime:0.001163s ]

[ 2017-06-13T08:44:22+08:00 ] 127.0.0.1 /easygo/easygo2/easygo/index.php/Admin/Admin/login
INFO: [ app_init ] --START--
INFO: Run Behavior\BuildLiteBehavior [ RunTime:0.000018s ]
INFO: [ app_init ] --END-- [ RunTime:0.000456s ]
INFO: [ app_begin ] --START--
INFO: Run Behavior\ReadHtmlCacheBehavior [ RunTime:0.000714s ]
INFO: [ app_begin ] --END-- [ RunTime:0.000792s ]
NOTIC: [8] A session had already been started - ignoring session_start() F:\wwwroot\easygo\easygo2\easygo\Application\Admin\Controller\AdminController.class.php 第 4 行.
SQL: SHOW COLUMNS FROM `administrator` [ RunTime:0.0226s ]
SQL: SELECT * FROM `administrator` WHERE `adm_username` = 'admin' AND `adm_password` = 'admin' LIMIT 1   [ RunTime:0.0007s ]
SQL: SELECT COUNT(*) AS tp_count FROM `administrator` WHERE `adm_username` = 'admin' AND `adm_password` = 'admin' LIMIT 1   [ RunTime:0.0009s ]

[ 2017-06-13T08:44:23+08:00 ] 127.0.0.1 /easygo/easygo2/easygo/index.php/Admin/Indent/index
INFO: [ app_init ] --START--
INFO: Run Behavior\BuildLiteBehavior [ RunTime:0.000022s ]
INFO: [ app_init ] --END-- [ RunTime:0.000718s ]
INFO: [ app_begin ] --START--
INFO: Run Behavior\ReadHtmlCacheBehavior [ RunTime:0.000584s ]
INFO: [ app_begin ] --END-- [ RunTime:0.000656s ]
SQL: SHOW COLUMNS FROM `indent` [ RunTime:0.0247s ]
ERR: SQLSTATE[42S22]: Column not found: 1054 Unknown column 'indent.inf_id' in 'on clause'

[ 2017-06-13T08:45:45+08:00 ] 127.0.0.1 /easygo/easygo2/easygo/index.php/Admin/Indent/index
INFO: [ app_init ] --START--
INFO: Run Behavior\BuildLiteBehavior [ RunTime:0.000018s ]
INFO: [ app_init ] --END-- [ RunTime:0.000507s ]
INFO: [ app_begin ] --START--
INFO: Run Behavior\ReadHtmlCacheBehavior [ RunTime:0.000748s ]
INFO: [ app_begin ] --END-- [ RunTime:0.000834s ]
SQL: SHOW COLUMNS FROM `indent` [ RunTime:0.0736s ]
SQL: SELECT * FROM `indent` left JOIN information on information.inf_id = indent.ind_inf_id left JOIN usertab on usertab.user_id=information.inf_user_id   [ RunTime:0.0255s ]
SQL: SELECT COUNT(*) AS tp_count FROM `indent` LIMIT 1   [ RunTime:0.0005s ]
SQL: SELECT * FROM `indent` left JOIN information on information.inf_id = indent.ind_inf_id left JOIN usertab on usertab.user_id=information.inf_user_id  ORDER BY ind_id LIMIT 0,5   [ RunTime:0.0017s ]
INFO: [ view_parse ] --START--
INFO: [ template_filter ] --START--
INFO: Run Behavior\ContentReplaceBehavior [ RunTime:0.000120s ]
INFO: [ template_filter ] --END-- [ RunTime:0.000243s ]
SQL: SHOW COLUMNS FROM `usertab` [ RunTime:0.0215s ]
SQL: SELECT * FROM `usertab` WHERE ( user_id = 6 ) LIMIT 1   [ RunTime:0.0006s ]
NOTIC: [8] Undefined index: ind_currnetprice F:\wwwroot\easygo\easygo2\easygo\Application\Runtime\Cache\Admin\1bb90445269368904fe27ab49a2c28e3.php 第 144 行.
SQL: SELECT * FROM `usertab` WHERE ( user_id = 6 ) LIMIT 1   [ RunTime:0.0006s ]
NOTIC: [8] Undefined index: ind_currnetprice F:\wwwroot\easygo\easygo2\easygo\Application\Runtime\Cache\Admin\1bb90445269368904fe27ab49a2c28e3.php 第 144 行.
SQL: SELECT * FROM `usertab` WHERE ( user_id = 6 ) LIMIT 1   [ RunTime:0.0005s ]
NOTIC: [8] Undefined index: ind_currnetprice F:\wwwroot\easygo\easygo2\easygo\Application\Runtime\Cache\Admin\1bb90445269368904fe27ab49a2c28e3.php 第 144 行.
SQL: SELECT * FROM `usertab` WHERE ( user_id = 6 ) LIMIT 1   [ RunTime:0.0005s ]
NOTIC: [8] Undefined index: ind_currnetprice F:\wwwroot\easygo\easygo2\easygo\Application\Runtime\Cache\Admin\1bb90445269368904fe27ab49a2c28e3.php 第 144 行.
SQL: SELECT * FROM `usertab` WHERE ( user_id = 1 ) LIMIT 1   [ RunTime:0.0006s ]
NOTIC: [8] Undefined index: ind_currnetprice F:\wwwroot\easygo\easygo2\easygo\Application\Runtime\Cache\Admin\1bb90445269368904fe27ab49a2c28e3.php 第 144 行.
INFO: Run Behavior\ParseTemplateBehavior [ RunTime:0.063786s ]
INFO: [ view_parse ] --END-- [ RunTime:0.063863s ]
INFO: [ view_filter ] --START--
INFO: Run Behavior\WriteHtmlCacheBehavior [ RunTime:0.000516s ]
INFO: [ view_filter ] --END-- [ RunTime:0.000577s ]
INFO: [ app_end ] --START--
INFO: Run Behavior\ShowPageTraceBehavior [ RunTime:0.001319s ]
INFO: [ app_end ] --END-- [ RunTime:0.001531s ]

[ 2017-06-13T08:46:06+08:00 ] 127.0.0.1 /easygo/easygo2/easygo/index.php/admin
INFO: [ app_init ] --START--
INFO: Run Behavior\BuildLiteBehavior [ RunTime:0.000017s ]
INFO: [ app_init ] --END-- [ RunTime:0.000447s ]
INFO: [ app_begin ] --START--
INFO: Run Behavior\ReadHtmlCacheBehavior [ RunTime:0.000842s ]
INFO: [ app_begin ] --END-- [ RunTime:0.000934s ]

[ 2017-06-13T08:46:06+08:00 ] 127.0.0.1 /easygo/easygo2/easygo/index.php/Admin/Admin/login
INFO: [ app_init ] --START--
INFO: Run Behavior\BuildLiteBehavior [ RunTime:0.000023s ]
INFO: [ app_init ] --END-- [ RunTime:0.000492s ]
INFO: [ app_begin ] --START--
INFO: Run Behavior\ReadHtmlCacheBehavior [ RunTime:0.000784s ]
INFO: [ app_begin ] --END-- [ RunTime:0.000858s ]
NOTIC: [8] A session had already been started - ignoring session_start() F:\wwwroot\easygo\easygo2\easygo\Application\Admin\Controller\AdminController.class.php 第 4 行.
INFO: [ view_parse ] --START--
INFO: [ template_filter ] --START--
INFO: Run Behavior\ContentReplaceBehavior [ RunTime:0.000062s ]
INFO: [ template_filter ] --END-- [ RunTime:0.000148s ]
INFO: Run Behavior\ParseTemplateBehavior [ RunTime:0.009950s ]
INFO: [ view_parse ] --END-- [ RunTime:0.010046s ]
INFO: [ view_filter ] --START--
INFO: Run Behavior\WriteHtmlCacheBehavior [ RunTime:0.000522s ]
INFO: [ view_filter ] --END-- [ RunTime:0.000585s ]
INFO: [ app_end ] --START--
INFO: Run Behavior\ShowPageTraceBehavior [ RunTime:0.000786s ]
INFO: [ app_end ] --END-- [ RunTime:0.000849s ]

[ 2017-06-13T08:46:09+08:00 ] 127.0.0.1 /easygo/easygo2/easygo/index.php/Admin/Admin/login
INFO: [ app_init ] --START--
INFO: Run Behavior\BuildLiteBehavior [ RunTime:0.000018s ]
INFO: [ app_init ] --END-- [ RunTime:0.000454s ]
INFO: [ app_begin ] --START--
INFO: Run Behavior\ReadHtmlCacheBehavior [ RunTime:0.000843s ]
INFO: [ app_begin ] --END-- [ RunTime:0.000919s ]
NOTIC: [8] A session had already been started - ignoring session_start() F:\wwwroot\easygo\easygo2\easygo\Application\Admin\Controller\AdminController.class.php 第 4 行.
SQL: SHOW COLUMNS FROM `administrator` [ RunTime:0.0251s ]
SQL: SELECT * FROM `administrator` WHERE `adm_username` = 'admin' AND `adm_password` = 'admin' LIMIT 1   [ RunTime:0.0015s ]
SQL: SELECT COUNT(*) AS tp_count FROM `administrator` WHERE `adm_username` = 'admin' AND `adm_password` = 'admin' LIMIT 1   [ RunTime:0.0010s ]

[ 2017-06-13T08:46:10+08:00 ] 127.0.0.1 /easygo/easygo2/easygo/index.php/Admin/Indent/index
INFO: [ app_init ] --START--
INFO: Run Behavior\BuildLiteBehavior [ RunTime:0.000018s ]
INFO: [ app_init ] --END-- [ RunTime:0.000493s ]
INFO: [ app_begin ] --START--
INFO: Run Behavior\ReadHtmlCacheBehavior [ RunTime:0.000985s ]
INFO: [ app_begin ] --END-- [ RunTime:0.001087s ]
SQL: SHOW COLUMNS FROM `indent` [ RunTime:0.0228s ]
SQL: SELECT * FROM `indent` left JOIN information on information.inf_id = indent.ind_inf_id left JOIN usertab on usertab.user_id=information.inf_user_id   [ RunTime:0.0019s ]
SQL: SELECT COUNT(*) AS tp_count FROM `indent` LIMIT 1   [ RunTime:0.0005s ]
SQL: SELECT * FROM `indent` left JOIN information on information.inf_id = indent.ind_inf_id left JOIN usertab on usertab.user_id=information.inf_user_id  ORDER BY ind_id LIMIT 0,5   [ RunTime:0.0018s ]
INFO: [ view_parse ] --START--
INFO: [ template_filter ] --START--
INFO: Run Behavior\ContentReplaceBehavior [ RunTime:0.000111s ]
INFO: [ template_filter ] --END-- [ RunTime:0.000189s ]
SQL: SHOW COLUMNS FROM `usertab` [ RunTime:0.0252s ]
SQL: SELECT * FROM `usertab` WHERE ( user_id = 6 ) LIMIT 1   [ RunTime:0.0006s ]
NOTIC: [8] Undefined index: ind_currnetprice F:\wwwroot\easygo\easygo2\easygo\Application\Runtime\Cache\Admin\1bb90445269368904fe27ab49a2c28e3.php 第 144 行.
SQL: SELECT * FROM `usertab` WHERE ( user_id = 6 ) LIMIT 1   [ RunTime:0.0007s ]
NOTIC: [8] Undefined index: ind_currnetprice F:\wwwroot\easygo\easygo2\easygo\Application\Runtime\Cache\Admin\1bb90445269368904fe27ab49a2c28e3.php 第 144 行.
SQL: SELECT * FROM `usertab` WHERE ( user_id = 6 ) LIMIT 1   [ RunTime:0.0006s ]
NOTIC: [8] Undefined index: ind_currnetprice F:\wwwroot\easygo\easygo2\easygo\Application\Runtime\Cache\Admin\1bb90445269368904fe27ab49a2c28e3.php 第 144 行.
SQL: SELECT * FROM `usertab` WHERE ( user_id = 6 ) LIMIT 1   [ RunTime:0.0005s ]
NOTIC: [8] Undefined index: ind_currnetprice F:\wwwroot\easygo\easygo2\easygo\Application\Runtime\Cache\Admin\1bb90445269368904fe27ab49a2c28e3.php 第 144 行.
SQL: SELECT * FROM `usertab` WHERE ( user_id = 1 ) LIMIT 1   [ RunTime:0.0006s ]
NOTIC: [8] Undefined index: ind_currnetprice F:\wwwroot\easygo\easygo2\easygo\Application\Runtime\Cache\Admin\1bb90445269368904fe27ab49a2c28e3.php 第 144 行.
INFO: Run Behavior\ParseTemplateBehavior [ RunTime:0.045221s ]
INFO: [ view_parse ] --END-- [ RunTime:0.045298s ]
INFO: [ view_filter ] --START--
INFO: Run Behavior\WriteHtmlCacheBehavior [ RunTime:0.000606s ]
INFO: [ view_filter ] --END-- [ RunTime:0.000670s ]
INFO: [ app_end ] --START--
INFO: Run Behavior\ShowPageTraceBehavior [ RunTime:0.001530s ]
INFO: [ app_end ] --END-- [ RunTime:0.001693s ]

